#
# A fatal error has been detected by the Java Runtime Environment:
#
#  SIGSEGV (0xb) at pc=0x00007f7878a1d8dc, pid=5414, tid=0x00007f78adc15700
#
# JRE version: OpenJDK Runtime Environment (8.0_121-b13) (build 1.8.0_121-8u121-b13-0ubuntu1.16.04.2-b13)
# Java VM: OpenJDK 64-Bit Server VM (25.121-b13 mixed mode linux-amd64 compressed oops)
# Problematic frame:
# C  [liblwjgl_opengl.so+0x468dc]  Java_org_lwjgl_opengl_GL30_nglGenVertexArrays__IJ+0xc
#
# Failed to write core dump. Core dumps have been disabled. To enable core dumping, try "ulimit -c unlimited" before starting Java again
#
# If you would like to submit a bug report, please visit:
#   http://bugreport.java.com/bugreport/crash.jsp
# The crash happened outside the Java Virtual Machine in native code.
# See problematic frame for where to report the bug.
#

---------------  T H R E A D  ---------------

Current thread (0x00007f78a400c000):  JavaThread "main" [_thread_in_native, id=5416, stack(0x00007f78adb15000,0x00007f78adc16000)]

siginfo: si_signo: 11 (SIGSEGV), si_code: 1 (SEGV_MAPERR), si_addr: 0x0000000000000f18

Registers:
RAX=0x0000000000000000, RBX=0x00007f78a896fe10, RCX=0x00007f78a440490c, RDX=0x0000000000000001
RSP=0x00007f78adc147f8, RBP=0x00007f78adc14858, RSI=0x00007f78a440490c, RDI=0x0000000000000001
R8 =0x00007f78a896fe10, R9 =0x0000000000000004, R10=0x00007f7895017748, R11=0x00007f78ac8229e0
R12=0x0000000000000000, R13=0x00007f78a896fe10, R14=0x00007f78adc14888, R15=0x00007f78a400c000
RIP=0x00007f7878a1d8dc, EFLAGS=0x0000000000010287, CSGSFS=0x0000000000000033, ERR=0x0000000000000004
  TRAPNO=0x000000000000000e

Top of Stack: (sp=0x00007f78adc147f8)
0x00007f78adc147f8:   00007f7895017774 00007f78adc14858
0x00007f78adc14808:   00007f7895017507 00007f78950174c2
0x00007f78adc14818:   00007f78adc14818 00007f78a896fe10
0x00007f78adc14828:   00007f78adc14888 00007f78a8972250
0x00007f78adc14838:   0000000000000000 00007f78a896fe10
0x00007f78adc14848:   0000000000000000 00007f78adc14878
0x00007f78adc14858:   00007f78adc148d0 00007f7895007ffd
0x00007f78adc14868:   0000000782711a70 00007f7895011278
0x00007f78adc14878:   00007f78a440490c 00000007829a8ce8
0x00007f78adc14888:   0000000000000001 00007f78adc14890
0x00007f78adc14898:   00007f78a896ff64 00007f78adc14900
0x00007f78adc148a8:   00007f78a8972250 0000000000000000
0x00007f78adc148b8:   00007f78a896ffc8 00007f78adc14878
0x00007f78adc148c8:   00007f78adc14908 00007f78adc14950
0x00007f78adc148d8:   00007f7895007a40 0000000000000000
0x00007f78adc148e8:   0000000000000000 00000007829a8ce8
0x00007f78adc148f8:   0000000000010000 000000078291f300
0x00007f78adc14908:   0000000781fa2f40 00007f78adc14910
0x00007f78adc14918:   00007f78a88428e1 00007f78adc14968
0x00007f78adc14928:   00007f78a884d1a0 0000000000000000
0x00007f78adc14938:   00007f78a88429d8 00007f78adc14908
0x00007f78adc14948:   00007f78adc14968 00007f78adc149b0
0x00007f78adc14958:   00007f7895007a40 0000000000000000
0x00007f78adc14968:   0000000781fa2f40 00007f78adc14970
0x00007f78adc14978:   00007f78a8842479 00007f78adc149c0
0x00007f78adc14988:   00007f78a884d1a0 0000000000000000
0x00007f78adc14998:   00007f78a88424c0 00007f78adc14968
0x00007f78adc149a8:   00007f78adc149c0 00007f78adc14a08
0x00007f78adc149b8:   00007f7895007ffd 0000000781fa2f40
0x00007f78adc149c8:   00007f78adc149c8 00007f78a88422b7
0x00007f78adc149d8:   00007f78adc14a18 00007f78a884d1a0
0x00007f78adc149e8:   0000000000000000 00007f78a88422d0 

Instructions: (pc=0x00007f7878a1d8dc)
0x00007f7878a1d8bc:   c0 1b 00 00 ff e0 66 66 66 66 66 2e 0f 1f 84 00
0x00007f7878a1d8cc:   00 00 00 00 48 8b 07 48 89 ce 89 d7 48 8b 40 18
0x00007f7878a1d8dc:   48 8b 80 18 0f 00 00 ff e0 66 66 2e 0f 1f 84 00
0x00007f7878a1d8ec:   00 00 00 00 48 8b 07 48 89 ce 89 d7 48 8b 40 18 

Register to memory mapping:

RAX=0x0000000000000000 is an unknown value
RBX={method} {0x00007f78a896fe10} 'nglGenVertexArrays' '(IJ)V' in 'org/lwjgl/opengl/GL30'
RCX=0x00007f78a440490c is an unknown value
RDX=0x0000000000000001 is an unknown value
RSP=0x00007f78adc147f8 is pointing into the stack for thread: 0x00007f78a400c000
RBP=0x00007f78adc14858 is pointing into the stack for thread: 0x00007f78a400c000
RSI=0x00007f78a440490c is an unknown value
RDI=0x0000000000000001 is an unknown value
R8 ={method} {0x00007f78a896fe10} 'nglGenVertexArrays' '(IJ)V' in 'org/lwjgl/opengl/GL30'
R9 =0x0000000000000004 is an unknown value
R10=0x00007f7895017748 is at code_begin+808 in an Interpreter codelet
method entry point (kind = native)  [0x00007f7895017420, 0x00007f7895017d20]  2304 bytes
R11=0x00007f78ac8229e0: <offset 0x95a9e0> in /usr/lib/jvm/java-8-openjdk-amd64/jre/lib/amd64/server/libjvm.so at 0x00007f78abec8000
R12=0x0000000000000000 is an unknown value
R13={method} {0x00007f78a896fe10} 'nglGenVertexArrays' '(IJ)V' in 'org/lwjgl/opengl/GL30'
R14=0x00007f78adc14888 is pointing into the stack for thread: 0x00007f78a400c000
R15=0x00007f78a400c000 is a thread


Stack: [0x00007f78adb15000,0x00007f78adc16000],  sp=0x00007f78adc147f8,  free space=1021k
Native frames: (J=compiled Java code, j=interpreted, Vv=VM code, C=native code)
C  [liblwjgl_opengl.so+0x468dc]  Java_org_lwjgl_opengl_GL30_nglGenVertexArrays__IJ+0xc
j  org.lwjgl.opengl.GL30.glGenVertexArrays()I+20
j  pl.lodz.p.pag.weglewski.LineSimulation.loadContent()I+1
j  pl.lodz.p.pag.weglewski.LineSimulation.run()V+33
j  pl.lodz.p.pag.weglewski.LineSimulation.main([Ljava/lang/String;)V+7
v  ~StubRoutines::call_stub
V  [libjvm.so+0x66161b]
V  [libjvm.so+0x68335e]
V  [libjvm.so+0x685c8f]
C  [libjli.so+0x3552]
C  [libjli.so+0x73dd]
C  [libpthread.so.0+0x76ba]  start_thread+0xca

Java frames: (J=compiled Java code, j=interpreted, Vv=VM code)
j  org.lwjgl.opengl.GL30.nglGenVertexArrays(IJ)V+0
j  org.lwjgl.opengl.GL30.glGenVertexArrays()I+20
j  pl.lodz.p.pag.weglewski.LineSimulation.loadContent()I+1
j  pl.lodz.p.pag.weglewski.LineSimulation.run()V+33
j  pl.lodz.p.pag.weglewski.LineSimulation.main([Ljava/lang/String;)V+7
v  ~StubRoutines::call_stub

---------------  P R O C E S S  ---------------

Java Threads: ( => current thread )
  0x00007f78a42be800 JavaThread "Service Thread" daemon [_thread_blocked, id=5443, stack(0x00007f78791a6000,0x00007f78792a7000)]
  0x00007f78a42b3800 JavaThread "C1 CompilerThread2" daemon [_thread_blocked, id=5442, stack(0x00007f78792a7000,0x00007f78793a8000)]
  0x00007f78a42b1000 JavaThread "C2 CompilerThread1" daemon [_thread_in_native, id=5441, stack(0x00007f78793a8000,0x00007f78794a9000)]
  0x00007f78a42af800 JavaThread "C2 CompilerThread0" daemon [_thread_blocked, id=5440, stack(0x00007f78799c2000,0x00007f7879ac3000)]
  0x00007f78a429d000 JavaThread "Monitor Ctrl-Break" daemon [_thread_in_native, id=5439, stack(0x00007f7879ac3000,0x00007f7879bc4000)]
  0x00007f78a4175800 JavaThread "Signal Dispatcher" daemon [_thread_blocked, id=5432, stack(0x00007f7879bc4000,0x00007f7879cc5000)]
  0x00007f78a414d000 JavaThread "Finalizer" daemon [_thread_blocked, id=5430, stack(0x00007f787a0ce000,0x00007f787a1cf000)]
  0x00007f78a4148800 JavaThread "Reference Handler" daemon [_thread_blocked, id=5429, stack(0x00007f787a1cf000,0x00007f787a2d0000)]
=>0x00007f78a400c000 JavaThread "main" [_thread_in_native, id=5416, stack(0x00007f78adb15000,0x00007f78adc16000)]

Other Threads:
  0x00007f78a4140800 VMThread [stack: 0x00007f78940f1000,0x00007f78941f2000] [id=5427]
  0x00007f78a42c1000 WatcherThread [stack: 0x00007f78790a5000,0x00007f78791a6000] [id=5444]

VM state:not at safepoint (normal execution)

VM Mutex/Monitor currently owned by a thread: None

Heap:
 PSYoungGen      total 56320K, used 12253K [0x0000000781e00000, 0x0000000785c80000, 0x00000007c0000000)
  eden space 48640K, 25% used [0x0000000781e00000,0x00000007829f75d8,0x0000000784d80000)
  from space 7680K, 0% used [0x0000000785500000,0x0000000785500000,0x0000000785c80000)
  to   space 7680K, 0% used [0x0000000784d80000,0x0000000784d80000,0x0000000785500000)
 ParOldGen       total 128512K, used 0K [0x0000000705a00000, 0x000000070d780000, 0x0000000781e00000)
  object space 128512K, 0% used [0x0000000705a00000,0x0000000705a00000,0x000000070d780000)
 Metaspace       used 6797K, capacity 7010K, committed 7296K, reserved 1056768K
  class space    used 680K, capacity 769K, committed 896K, reserved 1048576K

Card table byte_map: [0x00007f78a99f7000,0x00007f78a9fcb000] byte_map_base: 0x00007f78a61ca000

Marking Bits: (ParMarkBitMap*) 0x00007f78acde6220
 Begin Bits: [0x00007f787a2d0000, 0x00007f787d168000)
 End Bits:   [0x00007f787d168000, 0x00007f7880000000)

Polling page: 0x00007f78adc38000

CodeCache: size=245760Kb used=1955Kb max_used=1966Kb free=243804Kb
 bounds [0x00007f7895000000, 0x00007f7895270000, 0x00007f78a4000000]
 total_blobs=788 nmethods=417 adapters=286
 compilation: enabled

Compilation events (10 events):
Event: 0,465 Thread 0x00007f78a42b3800 nmethod 409 0x00007f78951e2210 code [0x00007f78951e26e0, 0x00007f78951e5778]
Event: 0,465 Thread 0x00007f78a42b3800  411       3       java.lang.String::equalsIgnoreCase (48 bytes)
Event: 0,465 Thread 0x00007f78a42b3800 nmethod 411 0x00007f78951dfbd0 code [0x00007f78951dfd40, 0x00007f78951e00a8]
Event: 0,465 Thread 0x00007f78a42b3800  408       3       java.net.URL::<init> (8 bytes)
Event: 0,465 Thread 0x00007f78a42b3800 nmethod 408 0x00007f78951df850 code [0x00007f78951df9c0, 0x00007f78951dfb48]
Event: 0,465 Thread 0x00007f78a42b3800  410       3       java.net.URLStreamHandler::setURL (40 bytes)
Event: 0,466 Thread 0x00007f78a42b3800 nmethod 410 0x00007f78951df110 code [0x00007f78951df2a0, 0x00007f78951df698]
Event: 0,466 Thread 0x00007f78a42b3800  412       1       sun.misc.URLClassPath$JarLoader::access$600 (5 bytes)
Event: 0,466 Thread 0x00007f78a42b3800 nmethod 412 0x00007f78951dafd0 code [0x00007f78951db120, 0x00007f78951db210]
Event: 0,468 Thread 0x00007f78a42b1000  414       4       java.util.Arrays::copyOfRange (63 bytes)

GC Heap History (0 events):
No events

Deoptimization events (1 events):
Event: 0,394 Thread 0x00007f78a400c000 Uncommon trap: reason=unstable_if action=reinterpret pc=0x00007f78951b51e8 method=java.lang.String.indexOf([CII[CIII)I @ 3

Internal exceptions (10 events):
Event: 0,272 Thread 0x00007f78a400c000 Exception <a 'java/lang/NoSuchMethodError': java.lang.Object.lambda$static$0(Ljava/lang/String;)Ljava/lang/Boolean;> (0x0000000782585628) thrown at [/build/openjdk-8-YiEakL/openjdk-8-8u121-b13/src/hotspot/src/share/vm/interpreter/linkResolver.cpp, line 58
Event: 0,299 Thread 0x00007f78a400c000 Exception <a 'java/lang/NoSuchFieldError': method resolution failed> (0x0000000782607a88) thrown at [/build/openjdk-8-YiEakL/openjdk-8-8u121-b13/src/hotspot/src/share/vm/prims/methodHandles.cpp, line 1146]
Event: 0,302 Thread 0x00007f78a400c000 Exception <a 'java/lang/NoSuchFieldError': method resolution failed> (0x00000007826156a8) thrown at [/build/openjdk-8-YiEakL/openjdk-8-8u121-b13/src/hotspot/src/share/vm/prims/methodHandles.cpp, line 1146]
Event: 0,333 Thread 0x00007f78a400c000 Exception <a 'java/security/PrivilegedActionException'> (0x00000007826c7b20) thrown at [/build/openjdk-8-YiEakL/openjdk-8-8u121-b13/src/hotspot/src/share/vm/prims/jvm.cpp, line 1390]
Event: 0,333 Thread 0x00007f78a400c000 Exception <a 'java/security/PrivilegedActionException'> (0x00000007826c7d30) thrown at [/build/openjdk-8-YiEakL/openjdk-8-8u121-b13/src/hotspot/src/share/vm/prims/jvm.cpp, line 1390]
Event: 0,333 Thread 0x00007f78a400c000 Exception <a 'java/security/PrivilegedActionException'> (0x00000007826c9db8) thrown at [/build/openjdk-8-YiEakL/openjdk-8-8u121-b13/src/hotspot/src/share/vm/prims/jvm.cpp, line 1390]
Event: 0,334 Thread 0x00007f78a400c000 Exception <a 'java/security/PrivilegedActionException'> (0x00000007826c9fc8) thrown at [/build/openjdk-8-YiEakL/openjdk-8-8u121-b13/src/hotspot/src/share/vm/prims/jvm.cpp, line 1390]
Event: 0,334 Thread 0x00007f78a400c000 Exception <a 'java/security/PrivilegedActionException'> (0x00000007826caaa0) thrown at [/build/openjdk-8-YiEakL/openjdk-8-8u121-b13/src/hotspot/src/share/vm/prims/jvm.cpp, line 1390]
Event: 0,334 Thread 0x00007f78a400c000 Exception <a 'java/security/PrivilegedActionException'> (0x00000007826cacb0) thrown at [/build/openjdk-8-YiEakL/openjdk-8-8u121-b13/src/hotspot/src/share/vm/prims/jvm.cpp, line 1390]
Event: 0,449 Thread 0x00007f78a400c000 Exception <a 'sun/nio/fs/UnixException'> (0x00000007828dfcb0) thrown at [/build/openjdk-8-YiEakL/openjdk-8-8u121-b13/src/hotspot/src/share/vm/prims/jni.cpp, line 709]

Events (10 events):
Event: 0,464 loading class org/lwjgl/system/jni/JNINativeInterface
Event: 0,464 loading class org/lwjgl/system/jni/JNINativeInterface done
Event: 0,466 loading class org/lwjgl/system/linux/DynamicLinkLoader
Event: 0,466 loading class org/lwjgl/system/linux/DynamicLinkLoader done
Event: 0,468 loading class org/lwjgl/opengl/GL$2
Event: 0,468 loading class org/lwjgl/opengl/GL$2 done
Event: 0,468 loading class org/lwjgl/opengl/GL$SharedLibraryGL
Event: 0,468 loading class org/lwjgl/opengl/GL$SharedLibraryGL done
Event: 0,469 loading class org/lwjgl/system/SharedLibrary$Delegate
Event: 0,469 loading class org/lwjgl/system/SharedLibrary$Delegate done


Dynamic libraries:
00400000-00401000 r-xp 00000000 08:12 11409986                           /usr/lib/jvm/java-8-openjdk-amd64/jre/bin/java
00600000-00601000 r--p 00000000 08:12 11409986                           /usr/lib/jvm/java-8-openjdk-amd64/jre/bin/java
00601000-00602000 rw-p 00001000 08:12 11409986                           /usr/lib/jvm/java-8-openjdk-amd64/jre/bin/java
01a35000-01a56000 rw-p 00000000 00:00 0                                  [heap]
705a00000-70d780000 rw-p 00000000 00:00 0 
70d780000-781e00000 ---p 00000000 00:00 0 
781e00000-785c80000 rw-p 00000000 00:00 0 
785c80000-7c0000000 ---p 00000000 00:00 0 
7c0000000-7c00e0000 rw-p 00000000 00:00 0 
7c00e0000-800000000 ---p 00000000 00:00 0 
7f7852011000-7f7852016000 r-xp 00000000 08:12 11280128                   /usr/lib/x86_64-linux-gnu/libXdmcp.so.6.0.0
7f7852016000-7f7852215000 ---p 00005000 08:12 11280128                   /usr/lib/x86_64-linux-gnu/libXdmcp.so.6.0.0
7f7852215000-7f7852216000 r--p 00004000 08:12 11280128                   /usr/lib/x86_64-linux-gnu/libXdmcp.so.6.0.0
7f7852216000-7f7852217000 rw-p 00005000 08:12 11280128                   /usr/lib/x86_64-linux-gnu/libXdmcp.so.6.0.0
7f7852217000-7f7852219000 r-xp 00000000 08:12 11280117                   /usr/lib/x86_64-linux-gnu/libXau.so.6.0.0
7f7852219000-7f7852419000 ---p 00002000 08:12 11280117                   /usr/lib/x86_64-linux-gnu/libXau.so.6.0.0
7f7852419000-7f785241a000 r--p 00002000 08:12 11280117                   /usr/lib/x86_64-linux-gnu/libXau.so.6.0.0
7f785241a000-7f785241b000 rw-p 00003000 08:12 11280117                   /usr/lib/x86_64-linux-gnu/libXau.so.6.0.0
7f785241b000-7f7852429000 r-xp 00000000 08:12 11277888                   /usr/lib/x86_64-linux-gnu/libdrm.so.2.4.0
7f7852429000-7f7852628000 ---p 0000e000 08:12 11277888                   /usr/lib/x86_64-linux-gnu/libdrm.so.2.4.0
7f7852628000-7f7852629000 r--p 0000d000 08:12 11277888                   /usr/lib/x86_64-linux-gnu/libdrm.so.2.4.0
7f7852629000-7f785262a000 rw-p 0000e000 08:12 11277888                   /usr/lib/x86_64-linux-gnu/libdrm.so.2.4.0
7f785262a000-7f785262f000 r-xp 00000000 08:12 11280166                   /usr/lib/x86_64-linux-gnu/libXxf86vm.so.1.0.0
7f785262f000-7f785282e000 ---p 00005000 08:12 11280166                   /usr/lib/x86_64-linux-gnu/libXxf86vm.so.1.0.0
7f785282e000-7f785282f000 r--p 00004000 08:12 11280166                   /usr/lib/x86_64-linux-gnu/libXxf86vm.so.1.0.0
7f785282f000-7f7852830000 rw-p 00005000 08:12 11280166                   /usr/lib/x86_64-linux-gnu/libXxf86vm.so.1.0.0
7f7852830000-7f7852851000 r-xp 00000000 08:12 11281495                   /usr/lib/x86_64-linux-gnu/libxcb.so.1.1.0
7f7852851000-7f7852a50000 ---p 00021000 08:12 11281495                   /usr/lib/x86_64-linux-gnu/libxcb.so.1.1.0
7f7852a50000-7f7852a51000 r--p 00020000 08:12 11281495                   /usr/lib/x86_64-linux-gnu/libxcb.so.1.1.0
7f7852a51000-7f7852a52000 rw-p 00021000 08:12 11281495                   /usr/lib/x86_64-linux-gnu/libxcb.so.1.1.0
7f7852a52000-7f7852a56000 r-xp 00000000 08:12 11281463                   /usr/lib/x86_64-linux-gnu/libxcb-dri2.so.0.0.0
7f7852a56000-7f7852c55000 ---p 00004000 08:12 11281463                   /usr/lib/x86_64-linux-gnu/libxcb-dri2.so.0.0.0
7f7852c55000-7f7852c56000 r--p 00003000 08:12 11281463                   /usr/lib/x86_64-linux-gnu/libxcb-dri2.so.0.0.0
7f7852c56000-7f7852c57000 rw-p 00004000 08:12 11281463                   /usr/lib/x86_64-linux-gnu/libxcb-dri2.so.0.0.0
7f7852c57000-7f7852c6e000 r-xp 00000000 08:12 11281467                   /usr/lib/x86_64-linux-gnu/libxcb-glx.so.0.0.0
7f7852c6e000-7f7852e6d000 ---p 00017000 08:12 11281467                   /usr/lib/x86_64-linux-gnu/libxcb-glx.so.0.0.0
7f7852e6d000-7f7852e6f000 r--p 00016000 08:12 11281467                   /usr/lib/x86_64-linux-gnu/libxcb-glx.so.0.0.0
7f7852e6f000-7f7852e70000 rw-p 00018000 08:12 11281467                   /usr/lib/x86_64-linux-gnu/libxcb-glx.so.0.0.0
7f7852e70000-7f7852fa5000 r-xp 00000000 08:12 11280113                   /usr/lib/x86_64-linux-gnu/libX11.so.6.3.0
7f7852fa5000-7f78531a5000 ---p 00135000 08:12 11280113                   /usr/lib/x86_64-linux-gnu/libX11.so.6.3.0
7f78531a5000-7f78531a6000 r--p 00135000 08:12 11280113                   /usr/lib/x86_64-linux-gnu/libX11.so.6.3.0
7f78531a6000-7f78531aa000 rw-p 00136000 08:12 11280113                   /usr/lib/x86_64-linux-gnu/libX11.so.6.3.0
7f78531aa000-7f78531ab000 r-xp 00000000 08:12 11280111                   /usr/lib/x86_64-linux-gnu/libX11-xcb.so.1.0.0
7f78531ab000-7f78533aa000 ---p 00001000 08:12 11280111                   /usr/lib/x86_64-linux-gnu/libX11-xcb.so.1.0.0
7f78533aa000-7f78533ab000 r--p 00000000 08:12 11280111                   /usr/lib/x86_64-linux-gnu/libX11-xcb.so.1.0.0
7f78533ab000-7f78533ac000 rw-p 00001000 08:12 11280111                   /usr/lib/x86_64-linux-gnu/libX11-xcb.so.1.0.0
7f78533ac000-7f78533b1000 r-xp 00000000 08:12 11280132                   /usr/lib/x86_64-linux-gnu/libXfixes.so.3.1.0
7f78533b1000-7f78535b0000 ---p 00005000 08:12 11280132                   /usr/lib/x86_64-linux-gnu/libXfixes.so.3.1.0
7f78535b0000-7f78535b1000 r--p 00004000 08:12 11280132                   /usr/lib/x86_64-linux-gnu/libXfixes.so.3.1.0
7f78535b1000-7f78535b2000 rw-p 00005000 08:12 11280132                   /usr/lib/x86_64-linux-gnu/libXfixes.so.3.1.0
7f78535b2000-7f78535b4000 r-xp 00000000 08:12 11280126                   /usr/lib/x86_64-linux-gnu/libXdamage.so.1.1.0
7f78535b4000-7f78537b3000 ---p 00002000 08:12 11280126                   /usr/lib/x86_64-linux-gnu/libXdamage.so.1.1.0
7f78537b3000-7f78537b4000 r--p 00001000 08:12 11280126                   /usr/lib/x86_64-linux-gnu/libXdamage.so.1.1.0
7f78537b4000-7f78537b5000 rw-p 00002000 08:12 11280126                   /usr/lib/x86_64-linux-gnu/libXdamage.so.1.1.0
7f78537b5000-7f78537c6000 r-xp 00000000 08:12 11280130                   /usr/lib/x86_64-linux-gnu/libXext.so.6.4.0
7f78537c6000-7f78539c5000 ---p 00011000 08:12 11280130                   /usr/lib/x86_64-linux-gnu/libXext.so.6.4.0
7f78539c5000-7f78539c6000 r--p 00010000 08:12 11280130                   /usr/lib/x86_64-linux-gnu/libXext.so.6.4.0
7f78539c6000-7f78539c7000 rw-p 00011000 08:12 11280130                   /usr/lib/x86_64-linux-gnu/libXext.so.6.4.0
7f78539c7000-7f78539f0000 r-xp 00000000 08:12 11274386                   /usr/lib/x86_64-linux-gnu/libglapi.so.0.0.0
7f78539f0000-7f7853bf0000 ---p 00029000 08:12 11274386                   /usr/lib/x86_64-linux-gnu/libglapi.so.0.0.0
7f7853bf0000-7f7853bf4000 r--p 00029000 08:12 11274386                   /usr/lib/x86_64-linux-gnu/libglapi.so.0.0.0
7f7853bf4000-7f7853bf5000 rw-p 0002d000 08:12 11274386                   /usr/lib/x86_64-linux-gnu/libglapi.so.0.0.0
7f7853bf5000-7f7853bf6000 rw-p 00000000 00:00 0 
7f7853bf6000-7f7853bf7000 r-xp 00000000 08:12 11281507                   /usr/lib/x86_64-linux-gnu/libxshmfence.so.1.0.0
7f7853bf7000-7f7853df7000 ---p 00001000 08:12 11281507                   /usr/lib/x86_64-linux-gnu/libxshmfence.so.1.0.0
7f7853df7000-7f7853df8000 r--p 00001000 08:12 11281507                   /usr/lib/x86_64-linux-gnu/libxshmfence.so.1.0.0
7f7853df8000-7f7853df9000 rw-p 00002000 08:12 11281507                   /usr/lib/x86_64-linux-gnu/libxshmfence.so.1.0.0
7f7853df9000-7f7853dfe000 r-xp 00000000 08:12 11281487                   /usr/lib/x86_64-linux-gnu/libxcb-sync.so.1.0.0
7f7853dfe000-7f7853ffe000 ---p 00005000 08:12 11281487                   /usr/lib/x86_64-linux-gnu/libxcb-sync.so.1.0.0
7f7853ffe000-7f7853fff000 r--p 00005000 08:12 11281487                   /usr/lib/x86_64-linux-gnu/libxcb-sync.so.1.0.0
7f7853fff000-7f7854000000 rw-p 00006000 08:12 11281487                   /usr/lib/x86_64-linux-gnu/libxcb-sync.so.1.0.0
7f7854000000-7f7854021000 rw-p 00000000 00:00 0 
7f7854021000-7f7858000000 ---p 00000000 00:00 0 
7f7858000000-7f7858021000 rw-p 00000000 00:00 0 
7f7858021000-7f785c000000 ---p 00000000 00:00 0 
7f785c000000-7f785c149000 rw-p 00000000 00:00 0 
7f785c149000-7f7860000000 ---p 00000000 00:00 0 
7f7860000000-7f78601ed000 rw-p 00000000 00:00 0 
7f78601ed000-7f7864000000 ---p 00000000 00:00 0 
7f7864000000-7f7864021000 rw-p 00000000 00:00 0 
7f7864021000-7f7868000000 ---p 00000000 00:00 0 
7f7868000000-7f786812f000 rw-p 00000000 00:00 0 
7f786812f000-7f786c000000 ---p 00000000 00:00 0 
7f786c000000-7f786c021000 rw-p 00000000 00:00 0 
7f786c021000-7f7870000000 ---p 00000000 00:00 0 
7f7870000000-7f7870021000 rw-p 00000000 00:00 0 
7f7870021000-7f7874000000 ---p 00000000 00:00 0 
7f7874000000-7f7874021000 rw-p 00000000 00:00 0 
7f7874021000-7f7878000000 ---p 00000000 00:00 0 
7f7878134000-7f7878136000 r-xp 00000000 08:12 11281475                   /usr/lib/x86_64-linux-gnu/libxcb-present.so.0.0.0
7f7878136000-7f7878335000 ---p 00002000 08:12 11281475                   /usr/lib/x86_64-linux-gnu/libxcb-present.so.0.0.0
7f7878335000-7f7878336000 r--p 00001000 08:12 11281475                   /usr/lib/x86_64-linux-gnu/libxcb-present.so.0.0.0
7f7878336000-7f7878337000 rw-p 00002000 08:12 11281475                   /usr/lib/x86_64-linux-gnu/libxcb-present.so.0.0.0
7f7878337000-7f7878339000 r-xp 00000000 08:12 11281465                   /usr/lib/x86_64-linux-gnu/libxcb-dri3.so.0.0.0
7f7878339000-7f7878538000 ---p 00002000 08:12 11281465                   /usr/lib/x86_64-linux-gnu/libxcb-dri3.so.0.0.0
7f7878538000-7f7878539000 r--p 00001000 08:12 11281465                   /usr/lib/x86_64-linux-gnu/libxcb-dri3.so.0.0.0
7f7878539000-7f787853a000 rw-p 00002000 08:12 11281465                   /usr/lib/x86_64-linux-gnu/libxcb-dri3.so.0.0.0
7f787853a000-7f7878560000 r-xp 00000000 08:12 4460962                    /lib/x86_64-linux-gnu/libexpat.so.1.6.0
7f7878560000-7f7878760000 ---p 00026000 08:12 4460962                    /lib/x86_64-linux-gnu/libexpat.so.1.6.0
7f7878760000-7f7878762000 r--p 00026000 08:12 4460962                    /lib/x86_64-linux-gnu/libexpat.so.1.6.0
7f7878762000-7f7878763000 rw-p 00028000 08:12 4460962                    /lib/x86_64-linux-gnu/libexpat.so.1.6.0
7f7878763000-7f78787d3000 r-xp 00000000 08:12 11535444                   /usr/lib/x86_64-linux-gnu/mesa/libGL.so.1.2.0
7f78787d3000-7f78789d2000 ---p 00070000 08:12 11535444                   /usr/lib/x86_64-linux-gnu/mesa/libGL.so.1.2.0
7f78789d2000-7f78789d5000 r--p 0006f000 08:12 11535444                   /usr/lib/x86_64-linux-gnu/mesa/libGL.so.1.2.0
7f78789d5000-7f78789d6000 rw-p 00072000 08:12 11535444                   /usr/lib/x86_64-linux-gnu/mesa/libGL.so.1.2.0
7f78789d6000-7f78789d7000 rw-p 00000000 00:00 0 
7f78789d7000-7f7878a40000 r-xp 00000000 08:12 7210355                    /tmp/lwjglpiotr/3.1.2-build-22/liblwjgl_opengl.so
7f7878a40000-7f7878c3f000 ---p 00069000 08:12 7210355                    /tmp/lwjglpiotr/3.1.2-build-22/liblwjgl_opengl.so
7f7878c3f000-7f7878c40000 r--p 00068000 08:12 7210355                    /tmp/lwjglpiotr/3.1.2-build-22/liblwjgl_opengl.so
7f7878c40000-7f7878c41000 rw-p 00069000 08:12 7210355                    /tmp/lwjglpiotr/3.1.2-build-22/liblwjgl_opengl.so
7f7878c41000-7f7878c91000 r-xp 00000000 08:12 7210353                    /tmp/lwjglpiotr/3.1.2-build-22/liblwjgl.so
7f7878c91000-7f7878e90000 ---p 00050000 08:12 7210353                    /tmp/lwjglpiotr/3.1.2-build-22/liblwjgl.so
7f7878e90000-7f7878e91000 r--p 0004f000 08:12 7210353                    /tmp/lwjglpiotr/3.1.2-build-22/liblwjgl.so
7f7878e91000-7f7878e92000 rw-p 00050000 08:12 7210353                    /tmp/lwjglpiotr/3.1.2-build-22/liblwjgl.so
7f7878e92000-7f7878ea3000 r-xp 00000000 08:12 11408426                   /usr/lib/jvm/java-8-openjdk-amd64/jre/lib/amd64/libnio.so
7f7878ea3000-7f78790a3000 ---p 00011000 08:12 11408426                   /usr/lib/jvm/java-8-openjdk-amd64/jre/lib/amd64/libnio.so
7f78790a3000-7f78790a4000 r--p 00011000 08:12 11408426                   /usr/lib/jvm/java-8-openjdk-amd64/jre/lib/amd64/libnio.so
7f78790a4000-7f78790a5000 rw-p 00012000 08:12 11408426                   /usr/lib/jvm/java-8-openjdk-amd64/jre/lib/amd64/libnio.so
7f78790a5000-7f78790a6000 ---p 00000000 00:00 0 
7f78790a6000-7f78791a6000 rw-p 00000000 00:00 0 
7f78791a6000-7f78791a9000 ---p 00000000 00:00 0 
7f78791a9000-7f78792a7000 rw-p 00000000 00:00 0 
7f78792a7000-7f78792aa000 ---p 00000000 00:00 0 
7f78792aa000-7f78793a8000 rw-p 00000000 00:00 0 
7f78793a8000-7f78793ab000 ---p 00000000 00:00 0 
7f78793ab000-7f78797aa000 rw-p 00000000 00:00 0 
7f78797aa000-7f78797c1000 r-xp 00000000 08:12 11408418                   /usr/lib/jvm/java-8-openjdk-amd64/jre/lib/amd64/libnet.so
7f78797c1000-7f78799c0000 ---p 00017000 08:12 11408418                   /usr/lib/jvm/java-8-openjdk-amd64/jre/lib/amd64/libnet.so
7f78799c0000-7f78799c1000 r--p 00016000 08:12 11408418                   /usr/lib/jvm/java-8-openjdk-amd64/jre/lib/amd64/libnet.so
7f78799c1000-7f78799c2000 rw-p 00017000 08:12 11408418                   /usr/lib/jvm/java-8-openjdk-amd64/jre/lib/amd64/libnet.so
7f78799c2000-7f78799c5000 ---p 00000000 00:00 0 
7f78799c5000-7f7879ac3000 rw-p 00000000 00:00 0 
7f7879ac3000-7f7879ac6000 ---p 00000000 00:00 0 
7f7879ac6000-7f7879bc4000 rw-p 00000000 00:00 0 
7f7879bc4000-7f7879bc7000 ---p 00000000 00:00 0 
7f7879bc7000-7f7879cc5000 rw-p 00000000 00:00 0 
7f7879cc5000-7f787a0ce000 r--p 00000000 08:12 11274067                   /usr/lib/locale/locale-archive
7f787a0ce000-7f787a0d1000 ---p 00000000 00:00 0 
7f787a0d1000-7f787a1cf000 rw-p 00000000 00:00 0 
7f787a1cf000-7f787a1d2000 ---p 00000000 00:00 0 
7f787a1d2000-7f7880000000 rw-p 00000000 00:00 0 
7f7880000000-7f7880021000 rw-p 00000000 00:00 0 
7f7880021000-7f7884000000 ---p 00000000 00:00 0 
7f7884000000-7f7884021000 rw-p 00000000 00:00 0 
7f7884021000-7f7888000000 ---p 00000000 00:00 0 
7f7888000000-7f7888021000 rw-p 00000000 00:00 0 
7f7888021000-7f788c000000 ---p 00000000 00:00 0 
7f788c000000-7f788c021000 rw-p 00000000 00:00 0 
7f788c021000-7f7890000000 ---p 00000000 00:00 0 
7f7890000000-7f7890021000 rw-p 00000000 00:00 0 
7f7890021000-7f7894000000 ---p 00000000 00:00 0 
7f78940f1000-7f78940f2000 ---p 00000000 00:00 0 
7f78940f2000-7f7895000000 rw-p 00000000 00:00 0 
7f7895000000-7f7895270000 rwxp 00000000 00:00 0 
7f7895270000-7f78a4000000 ---p 00000000 00:00 0 
7f78a4000000-7f78a45e7000 rw-p 00000000 00:00 0 
7f78a45e7000-7f78a8000000 ---p 00000000 00:00 0 
7f78a8043000-7f78a8047000 r--s 0009a000 08:12 11408462                   /usr/lib/jvm/java-8-openjdk-amd64/jre/lib/jsse.jar
7f78a8047000-7f78a8049000 r--s 0001a000 08:12 4587554                    /home/piotr/Development/Tools/idea-IU/lib/idea_rt.jar
7f78a8049000-7f78a805e000 r--s 001df000 08:12 6555624                    /home/piotr/.m2/repository/org/eclipse/swt/org.eclipse.swt.gtk.linux.x86_64/4.6.1/org.eclipse.swt.gtk.linux.x86_64-4.6.1.jar
7f78a805e000-7f78a8060000 r--s 002ab000 08:12 6555607                    /home/piotr/.m2/repository/org/lwjgl/lwjgl-assimp/3.1.2-SNAPSHOT/lwjgl-assimp-3.1.2-20170308.055744-20-natives-linux.jar
7f78a8060000-7f78a8061000 r--s 00045000 08:12 6555603                    /home/piotr/.m2/repository/org/lwjgl/lwjgl-bgfx/3.1.2-SNAPSHOT/lwjgl-bgfx-3.1.2-20170308.055756-20-natives-linux.jar
7f78a8061000-7f78a8062000 r--s 0002d000 08:12 6555602                    /home/piotr/.m2/repository/org/lwjgl/lwjgl-stb/3.1.2-SNAPSHOT/lwjgl-stb-3.1.2-20170308.055740-20-natives-linux.jar
7f78a8062000-7f78a8063000 r--s 0000e000 08:12 6555600                    /home/piotr/.m2/repository/org/lwjgl/lwjgl-glfw/3.1.2-SNAPSHOT/lwjgl-glfw-3.1.2-20170308.055718-20-natives-linux.jar
7f78a8063000-7f78a8064000 r--s 00015000 08:12 6555598                    /home/piotr/.m2/repository/org/lwjgl/lwjgl-opengl/3.1.2-SNAPSHOT/lwjgl-opengl-3.1.2-20170308.055749-20-natives-linux.jar
7f78a8064000-7f78a8065000 r--s 00012000 08:12 6555597                    /home/piotr/.m2/repository/org/lwjgl/lwjgl/3.1.2-SNAPSHOT/lwjgl-3.1.2-20170308.055728-20-natives-linux.jar
7f78a8065000-7f78a8068000 r--s 0002a000 08:12 6555596                    /home/piotr/.m2/repository/org/lwjgl/lwjgl-assimp/3.1.2-SNAPSHOT/lwjgl-assimp-3.1.2-20170308.055744-20.jar
7f78a8068000-7f78a806b000 r--s 0001f000 08:12 6555591                    /home/piotr/.m2/repository/org/lwjgl/lwjgl-bgfx/3.1.2-SNAPSHOT/lwjgl-bgfx-3.1.2-20170308.055756-20.jar
7f78a806b000-7f78a806d000 r--s 00013000 08:12 6555581                    /home/piotr/.m2/repository/org/lwjgl/lwjgl-stb/3.1.2-SNAPSHOT/lwjgl-stb-3.1.2-20170308.055740-20.jar
7f78a806d000-7f78a8077000 r--s 000ac000 08:12 6555587                    /home/piotr/.m2/repository/org/lwjgl/lwjgl-opengl/3.1.2-SNAPSHOT/lwjgl-opengl-3.1.2-20170308.055749-20.jar
7f78a8077000-7f78a807a000 r--s 00015000 08:12 6555585                    /home/piotr/.m2/repository/org/lwjgl/lwjgl-glfw/3.1.2-SNAPSHOT/lwjgl-glfw-3.1.2-20170308.055718-20.jar
7f78a807a000-7f78a8088000 r--s 000e9000 08:12 6555589                    /home/piotr/.m2/repository/org/lwjgl/lwjgl-vulkan/3.1.2-SNAPSHOT/lwjgl-vulkan-3.1.2-20170308.055722-20.jar
7f78a8088000-7f78a808d000 r--s 0003e000 08:12 6555583                    /home/piotr/.m2/repository/org/lwjgl/lwjgl/3.1.2-SNAPSHOT/lwjgl-3.1.2-20170308.055728-20.jar
7f78a808d000-7f78a8091000 r--s 0008a000 08:12 6555623                    /home/piotr/.m2/repository/org/joml/joml/1.9.2/joml-1.9.2.jar
7f78a8091000-7f78a80a4000 r--s 00346000 08:12 11408442                   /usr/lib/jvm/java-8-openjdk-amd64/jre/lib/resources.jar
7f78a80a4000-7f78a80a5000 r--s 00000000 08:12 11408402                   /usr/lib/jvm/java-8-openjdk-amd64/jre/lib/management-agent.jar
7f78a80a5000-7f78a80a9000 r--s 0009a000 08:12 11408462                   /usr/lib/jvm/java-8-openjdk-amd64/jre/lib/jsse.jar
7f78a80a9000-7f78a80ac000 r--s 00015000 08:12 11408463                   /usr/lib/jvm/java-8-openjdk-amd64/jre/lib/jce.jar
7f78a80ac000-7f78a81fa000 rw-p 00000000 00:00 0 
7f78a81fa000-7f78a83c8000 r--s 03c06000 08:12 11408467                   /usr/lib/jvm/java-8-openjdk-amd64/jre/lib/rt.jar
7f78a83c8000-7f78a8a7e000 rw-p 00000000 00:00 0 
7f78a8a7e000-7f78a8c3e000 ---p 00000000 00:00 0 
7f78a8c3e000-7f78a9211000 rw-p 00000000 00:00 0 
7f78a9211000-7f78a9212000 ---p 00000000 00:00 0 
7f78a9212000-7f78a9312000 rw-p 00000000 00:00 0 
7f78a9312000-7f78a9313000 ---p 00000000 00:00 0 
7f78a9313000-7f78a9413000 rw-p 00000000 00:00 0 
7f78a9413000-7f78a9414000 ---p 00000000 00:00 0 
7f78a9414000-7f78a9514000 rw-p 00000000 00:00 0 
7f78a9514000-7f78a9515000 ---p 00000000 00:00 0 
7f78a9515000-7f78a9654000 rw-p 00000000 00:00 0 
7f78a9654000-7f78a99f7000 ---p 00000000 00:00 0 
7f78a99f7000-7f78a9a36000 rw-p 00000000 00:00 0 
7f78a9a36000-7f78a9dd9000 ---p 00000000 00:00 0 
7f78a9dd9000-7f78a9df9000 rw-p 00000000 00:00 0 
7f78a9df9000-7f78a9fca000 ---p 00000000 00:00 0 
7f78a9fca000-7f78a9fd5000 rw-p 00000000 00:00 0 
7f78a9fd5000-7f78aa38b000 ---p 00000000 00:00 0 
7f78aa38b000-7f78aa393000 r-xp 00000000 08:12 11408416                   /usr/lib/jvm/java-8-openjdk-amd64/jre/lib/amd64/libzip.so
7f78aa393000-7f78aa592000 ---p 00008000 08:12 11408416                   /usr/lib/jvm/java-8-openjdk-amd64/jre/lib/amd64/libzip.so
7f78aa592000-7f78aa593000 r--p 00007000 08:12 11408416                   /usr/lib/jvm/java-8-openjdk-amd64/jre/lib/amd64/libzip.so
7f78aa593000-7f78aa594000 rw-p 00008000 08:12 11408416                   /usr/lib/jvm/java-8-openjdk-amd64/jre/lib/amd64/libzip.so
7f78aa594000-7f78aa59f000 r-xp 00000000 08:12 4461439                    /lib/x86_64-linux-gnu/libnss_files-2.23.so
7f78aa59f000-7f78aa79e000 ---p 0000b000 08:12 4461439                    /lib/x86_64-linux-gnu/libnss_files-2.23.so
7f78aa79e000-7f78aa79f000 r--p 0000a000 08:12 4461439                    /lib/x86_64-linux-gnu/libnss_files-2.23.so
7f78aa79f000-7f78aa7a0000 rw-p 0000b000 08:12 4461439                    /lib/x86_64-linux-gnu/libnss_files-2.23.so
7f78aa7a0000-7f78aa7a6000 rw-p 00000000 00:00 0 
7f78aa7a6000-7f78aa7b1000 r-xp 00000000 08:12 4461432                    /lib/x86_64-linux-gnu/libnss_nis-2.23.so
7f78aa7b1000-7f78aa9b0000 ---p 0000b000 08:12 4461432                    /lib/x86_64-linux-gnu/libnss_nis-2.23.so
7f78aa9b0000-7f78aa9b1000 r--p 0000a000 08:12 4461432                    /lib/x86_64-linux-gnu/libnss_nis-2.23.so
7f78aa9b1000-7f78aa9b2000 rw-p 0000b000 08:12 4461432                    /lib/x86_64-linux-gnu/libnss_nis-2.23.so
7f78aa9b2000-7f78aa9c8000 r-xp 00000000 08:12 4461434                    /lib/x86_64-linux-gnu/libnsl-2.23.so
7f78aa9c8000-7f78aabc7000 ---p 00016000 08:12 4461434                    /lib/x86_64-linux-gnu/libnsl-2.23.so
7f78aabc7000-7f78aabc8000 r--p 00015000 08:12 4461434                    /lib/x86_64-linux-gnu/libnsl-2.23.so
7f78aabc8000-7f78aabc9000 rw-p 00016000 08:12 4461434                    /lib/x86_64-linux-gnu/libnsl-2.23.so
7f78aabc9000-7f78aabcb000 rw-p 00000000 00:00 0 
7f78aabcb000-7f78aabd3000 r-xp 00000000 08:12 4461441                    /lib/x86_64-linux-gnu/libnss_compat-2.23.so
7f78aabd3000-7f78aadd2000 ---p 00008000 08:12 4461441                    /lib/x86_64-linux-gnu/libnss_compat-2.23.so
7f78aadd2000-7f78aadd3000 r--p 00007000 08:12 4461441                    /lib/x86_64-linux-gnu/libnss_compat-2.23.so
7f78aadd3000-7f78aadd4000 rw-p 00008000 08:12 4461441                    /lib/x86_64-linux-gnu/libnss_compat-2.23.so
7f78aadd4000-7f78aadde000 r-xp 00000000 08:12 11408411                   /usr/lib/jvm/java-8-openjdk-amd64/jre/lib/amd64/libinstrument.so
7f78aadde000-7f78aafdd000 ---p 0000a000 08:12 11408411                   /usr/lib/jvm/java-8-openjdk-amd64/jre/lib/amd64/libinstrument.so
7f78aafdd000-7f78aafde000 r--p 00009000 08:12 11408411                   /usr/lib/jvm/java-8-openjdk-amd64/jre/lib/amd64/libinstrument.so
7f78aafde000-7f78aafdf000 rw-p 0000a000 08:12 11408411                   /usr/lib/jvm/java-8-openjdk-amd64/jre/lib/amd64/libinstrument.so
7f78aafdf000-7f78ab00c000 r-xp 00000000 08:12 11408441                   /usr/lib/jvm/java-8-openjdk-amd64/jre/lib/amd64/libjava.so
7f78ab00c000-7f78ab20b000 ---p 0002d000 08:12 11408441                   /usr/lib/jvm/java-8-openjdk-amd64/jre/lib/amd64/libjava.so
7f78ab20b000-7f78ab20c000 r--p 0002c000 08:12 11408441                   /usr/lib/jvm/java-8-openjdk-amd64/jre/lib/amd64/libjava.so
7f78ab20c000-7f78ab20e000 rw-p 0002d000 08:12 11408441                   /usr/lib/jvm/java-8-openjdk-amd64/jre/lib/amd64/libjava.so
7f78ab20e000-7f78ab21d000 r-xp 00000000 08:12 11408409                   /usr/lib/jvm/java-8-openjdk-amd64/jre/lib/amd64/libverify.so
7f78ab21d000-7f78ab41c000 ---p 0000f000 08:12 11408409                   /usr/lib/jvm/java-8-openjdk-amd64/jre/lib/amd64/libverify.so
7f78ab41c000-7f78ab41e000 r--p 0000e000 08:12 11408409                   /usr/lib/jvm/java-8-openjdk-amd64/jre/lib/amd64/libverify.so
7f78ab41e000-7f78ab41f000 rw-p 00010000 08:12 11408409                   /usr/lib/jvm/java-8-openjdk-amd64/jre/lib/amd64/libverify.so
7f78ab41f000-7f78ab426000 r-xp 00000000 08:12 4461442                    /lib/x86_64-linux-gnu/librt-2.23.so
7f78ab426000-7f78ab625000 ---p 00007000 08:12 4461442                    /lib/x86_64-linux-gnu/librt-2.23.so
7f78ab625000-7f78ab626000 r--p 00006000 08:12 4461442                    /lib/x86_64-linux-gnu/librt-2.23.so
7f78ab626000-7f78ab627000 rw-p 00007000 08:12 4461442                    /lib/x86_64-linux-gnu/librt-2.23.so
7f78ab627000-7f78ab63d000 r-xp 00000000 08:12 4460969                    /lib/x86_64-linux-gnu/libgcc_s.so.1
7f78ab63d000-7f78ab83c000 ---p 00016000 08:12 4460969                    /lib/x86_64-linux-gnu/libgcc_s.so.1
7f78ab83c000-7f78ab83d000 rw-p 00015000 08:12 4460969                    /lib/x86_64-linux-gnu/libgcc_s.so.1
7f78ab83d000-7f78ab945000 r-xp 00000000 08:12 4461433                    /lib/x86_64-linux-gnu/libm-2.23.so
7f78ab945000-7f78abb44000 ---p 00108000 08:12 4461433                    /lib/x86_64-linux-gnu/libm-2.23.so
7f78abb44000-7f78abb45000 r--p 00107000 08:12 4461433                    /lib/x86_64-linux-gnu/libm-2.23.so
7f78abb45000-7f78abb46000 rw-p 00108000 08:12 4461433                    /lib/x86_64-linux-gnu/libm-2.23.so
7f78abb46000-7f78abcb8000 r-xp 00000000 08:12 11275425                   /usr/lib/x86_64-linux-gnu/libstdc++.so.6.0.21
7f78abcb8000-7f78abeb8000 ---p 00172000 08:12 11275425                   /usr/lib/x86_64-linux-gnu/libstdc++.so.6.0.21
7f78abeb8000-7f78abec2000 r--p 00172000 08:12 11275425                   /usr/lib/x86_64-linux-gnu/libstdc++.so.6.0.21
7f78abec2000-7f78abec4000 rw-p 0017c000 08:12 11275425                   /usr/lib/x86_64-linux-gnu/libstdc++.so.6.0.21
7f78abec4000-7f78abec8000 rw-p 00000000 00:00 0 
7f78abec8000-7f78acb18000 r-xp 00000000 08:12 11408436                   /usr/lib/jvm/java-8-openjdk-amd64/jre/lib/amd64/server/libjvm.so
7f78acb18000-7f78acd17000 ---p 00c50000 08:12 11408436                   /usr/lib/jvm/java-8-openjdk-amd64/jre/lib/amd64/server/libjvm.so
7f78acd17000-7f78acdaa000 r--p 00c4f000 08:12 11408436                   /usr/lib/jvm/java-8-openjdk-amd64/jre/lib/amd64/server/libjvm.so
7f78acdaa000-7f78acdd3000 rw-p 00ce2000 08:12 11408436                   /usr/lib/jvm/java-8-openjdk-amd64/jre/lib/amd64/server/libjvm.so
7f78acdd3000-7f78ace03000 rw-p 00000000 00:00 0 
7f78ace03000-7f78ace1b000 r-xp 00000000 08:12 4461446                    /lib/x86_64-linux-gnu/libpthread-2.23.so
7f78ace1b000-7f78ad01a000 ---p 00018000 08:12 4461446                    /lib/x86_64-linux-gnu/libpthread-2.23.so
7f78ad01a000-7f78ad01b000 r--p 00017000 08:12 4461446                    /lib/x86_64-linux-gnu/libpthread-2.23.so
7f78ad01b000-7f78ad01c000 rw-p 00018000 08:12 4461446                    /lib/x86_64-linux-gnu/libpthread-2.23.so
7f78ad01c000-7f78ad020000 rw-p 00000000 00:00 0 
7f78ad020000-7f78ad023000 r-xp 00000000 08:12 4461431                    /lib/x86_64-linux-gnu/libdl-2.23.so
7f78ad023000-7f78ad222000 ---p 00003000 08:12 4461431                    /lib/x86_64-linux-gnu/libdl-2.23.so
7f78ad222000-7f78ad223000 r--p 00002000 08:12 4461431                    /lib/x86_64-linux-gnu/libdl-2.23.so
7f78ad223000-7f78ad224000 rw-p 00003000 08:12 4461431                    /lib/x86_64-linux-gnu/libdl-2.23.so
7f78ad224000-7f78ad23d000 r-xp 00000000 08:12 4461122                    /lib/x86_64-linux-gnu/libz.so.1.2.8
7f78ad23d000-7f78ad43c000 ---p 00019000 08:12 4461122                    /lib/x86_64-linux-gnu/libz.so.1.2.8
7f78ad43c000-7f78ad43d000 r--p 00018000 08:12 4461122                    /lib/x86_64-linux-gnu/libz.so.1.2.8
7f78ad43d000-7f78ad43e000 rw-p 00019000 08:12 4461122                    /lib/x86_64-linux-gnu/libz.so.1.2.8
7f78ad43e000-7f78ad5fd000 r-xp 00000000 08:12 4461435                    /lib/x86_64-linux-gnu/libc-2.23.so
7f78ad5fd000-7f78ad7fd000 ---p 001bf000 08:12 4461435                    /lib/x86_64-linux-gnu/libc-2.23.so
7f78ad7fd000-7f78ad801000 r--p 001bf000 08:12 4461435                    /lib/x86_64-linux-gnu/libc-2.23.so
7f78ad801000-7f78ad803000 rw-p 001c3000 08:12 4461435                    /lib/x86_64-linux-gnu/libc-2.23.so
7f78ad803000-7f78ad807000 rw-p 00000000 00:00 0 
7f78ad807000-7f78ad814000 r-xp 00000000 08:12 11408431                   /usr/lib/jvm/java-8-openjdk-amd64/jre/lib/amd64/jli/libjli.so
7f78ad814000-7f78ada14000 ---p 0000d000 08:12 11408431                   /usr/lib/jvm/java-8-openjdk-amd64/jre/lib/amd64/jli/libjli.so
7f78ada14000-7f78ada15000 r--p 0000d000 08:12 11408431                   /usr/lib/jvm/java-8-openjdk-amd64/jre/lib/amd64/jli/libjli.so
7f78ada15000-7f78ada16000 rw-p 0000e000 08:12 11408431                   /usr/lib/jvm/java-8-openjdk-amd64/jre/lib/amd64/jli/libjli.so
7f78ada16000-7f78ada3c000 r-xp 00000000 08:12 4461436                    /lib/x86_64-linux-gnu/ld-2.23.so
7f78ada3c000-7f78ada41000 r--s 002f9000 08:12 11408465                   /usr/lib/jvm/java-8-openjdk-amd64/jre/lib/charsets.jar
7f78ada41000-7f78ada42000 r--s 0000a000 08:12 11408460                   /usr/lib/jvm/java-8-openjdk-amd64/jre/lib/ext/jaccess.jar
7f78ada42000-7f78ada5d000 r--s 00394000 08:12 11408455                   /usr/lib/jvm/java-8-openjdk-amd64/jre/lib/ext/cldrdata.jar
7f78ada5d000-7f78ada5f000 r--s 00001000 08:12 11408453                   /usr/lib/jvm/java-8-openjdk-amd64/jre/lib/ext/dnsns.jar
7f78ada5f000-7f78ada64000 r--s 0003b000 08:12 11408459                   /usr/lib/jvm/java-8-openjdk-amd64/jre/lib/ext/sunjce_provider.jar
7f78ada64000-7f78ada7f000 r--s 001d6000 08:12 11408452                   /usr/lib/jvm/java-8-openjdk-amd64/jre/lib/ext/nashorn.jar
7f78ada7f000-7f78adb15000 rw-p 00000000 00:00 0 
7f78adb15000-7f78adb18000 ---p 00000000 00:00 0 
7f78adb18000-7f78adc1b000 rw-p 00000000 00:00 0 
7f78adc1b000-7f78adc1e000 r--s 0000f000 08:12 11408454                   /usr/lib/jvm/java-8-openjdk-amd64/jre/lib/ext/icedtea-sound.jar
7f78adc1e000-7f78adc20000 r--s 00008000 08:12 11408451                   /usr/lib/jvm/java-8-openjdk-amd64/jre/lib/ext/sunec.jar
7f78adc20000-7f78adc2a000 r--s 00116000 08:12 11408458                   /usr/lib/jvm/java-8-openjdk-amd64/jre/lib/ext/localedata.jar
7f78adc2a000-7f78adc2e000 r--s 00037000 08:12 11408457                   /usr/lib/jvm/java-8-openjdk-amd64/jre/lib/ext/sunpkcs11.jar
7f78adc2e000-7f78adc2f000 r--s 00010000 08:12 11408456                   /usr/lib/jvm/java-8-openjdk-amd64/jre/lib/ext/zipfs.jar
7f78adc2f000-7f78adc37000 rw-s 00000000 08:12 7210356                    /tmp/hsperfdata_piotr/5414
7f78adc37000-7f78adc38000 rw-p 00000000 00:00 0 
7f78adc38000-7f78adc39000 r--p 00000000 00:00 0 
7f78adc39000-7f78adc3b000 rw-p 00000000 00:00 0 
7f78adc3b000-7f78adc3c000 r--p 00025000 08:12 4461436                    /lib/x86_64-linux-gnu/ld-2.23.so
7f78adc3c000-7f78adc3d000 rw-p 00026000 08:12 4461436                    /lib/x86_64-linux-gnu/ld-2.23.so
7f78adc3d000-7f78adc3e000 rw-p 00000000 00:00 0 
7ffc4be37000-7ffc4be59000 rw-p 00000000 00:00 0                          [stack]
7ffc4be9a000-7ffc4be9c000 r--p 00000000 00:00 0                          [vvar]
7ffc4be9c000-7ffc4be9e000 r-xp 00000000 00:00 0                          [vdso]
ffffffffff600000-ffffffffff601000 r-xp 00000000 00:00 0                  [vsyscall]

VM Arguments:
jvm_args: -Dvisualvm.id=5870015360092 -javaagent:/home/piotr/Development/Tools/idea-IU/lib/idea_rt.jar=42696:/home/piotr/Development/Tools/idea-IU/bin -Dfile.encoding=UTF-8 
java_command: pl.lodz.p.pag.weglewski.LineSimulation
java_class_path (initial): /usr/lib/jvm/java-8-openjdk-amd64/jre/lib/charsets.jar:/usr/lib/jvm/java-8-openjdk-amd64/jre/lib/ext/cldrdata.jar:/usr/lib/jvm/java-8-openjdk-amd64/jre/lib/ext/dnsns.jar:/usr/lib/jvm/java-8-openjdk-amd64/jre/lib/ext/icedtea-sound.jar:/usr/lib/jvm/java-8-openjdk-amd64/jre/lib/ext/jaccess.jar:/usr/lib/jvm/java-8-openjdk-amd64/jre/lib/ext/localedata.jar:/usr/lib/jvm/java-8-openjdk-amd64/jre/lib/ext/nashorn.jar:/usr/lib/jvm/java-8-openjdk-amd64/jre/lib/ext/sunec.jar:/usr/lib/jvm/java-8-openjdk-amd64/jre/lib/ext/sunjce_provider.jar:/usr/lib/jvm/java-8-openjdk-amd64/jre/lib/ext/sunpkcs11.jar:/usr/lib/jvm/java-8-openjdk-amd64/jre/lib/ext/zipfs.jar:/usr/lib/jvm/java-8-openjdk-amd64/jre/lib/jce.jar:/usr/lib/jvm/java-8-openjdk-amd64/jre/lib/jsse.jar:/usr/lib/jvm/java-8-openjdk-amd64/jre/lib/management-agent.jar:/usr/lib/jvm/java-8-openjdk-amd64/jre/lib/resources.jar:/usr/lib/jvm/java-8-openjdk-amd64/jre/lib/rt.jar:/home/piotr/Development/Projects/Line simulation/target/classes:/home/piotr/.m2/repository/org/joml/joml/1.9.2/joml-1.9.2.jar:/home/piotr/.m2/repository/org/lwjgl/lwjgl/3.1.2-SNAPSHOT/lwjgl-3.1.2-20170308.055728-20.jar:/home/piotr/.m2/repository/org/lwjgl/lwjgl-vulkan/3.1.2-SNAPSHOT/lwjgl-vulkan-3.1.2-20170308.055722-20.jar:/home/piotr/.m2/repository/org/lwjgl/lwjgl-glfw/3.1.2-SNAPSHOT/lwjgl-glfw-3.1.2-20170308.055718-20.jar:/home/piotr/.m2/repository/org/lwjgl/lwjgl-opengl/3.1.2-SNAPSHOT/lwjgl-opengl-3.1.2-20170308.055749-20.jar:/home/piotr/.m2/repository/org/lwjgl/lwjgl-stb/3.1.2-SNAPSHOT/lwjgl-stb-3.1.2-20170308.055740-20.jar:/home/piotr/.m2/repository/org/lwjgl/lwjgl-bgfx/3.1.2-SNAPSHOT/lwjgl-bgfx-3.1.2-20170308.055756-20.jar:/home/piotr/.m2/repository/org/lwjgl/lwjgl-assimp/3.1.2-SNAPSHOT/lwjgl-assimp-3.1.2-20170308.055744-20.jar:/home/piotr/.m2/repository/org/lwjgl/lwjgl/3.1.2-SNAPSHOT/lwjgl-3.1.2-20170308.055728-20-natives-linux.jar:/home/piotr/.m2/repository/org/lwjgl/lwjgl-opengl/3.1.2-SNAPSHOT/lwjgl-opengl-3.1.2-20170308.055749
Launcher Type: SUN_STANDARD

Environment Variables:
JAVA_HOME=/usr/lib/jvm/java-8-oracle
PATH=/home/piotr/bin:/home/piotr/.local/bin:/usr/local/sbin:/usr/local/bin:/usr/sbin:/usr/bin:/sbin:/bin:/usr/games:/usr/local/games:/snap/bin:/usr/lib/jvm/java-8-oracle/bin:/usr/lib/jvm/java-8-oracle/db/bin:/usr/lib/jvm/java-8-oracle/jre/bin
LD_LIBRARY_PATH=/home/piotr/Development/Tools/idea-IU/bin:
SHELL=/bin/bash
DISPLAY=:0

Signal Handlers:
SIGSEGV: [libjvm.so+0xa66fd0], sa_mask[0]=11111111011111111101111111111110, sa_flags=SA_RESTART|SA_SIGINFO
SIGBUS: [libjvm.so+0xa66fd0], sa_mask[0]=11111111011111111101111111111110, sa_flags=SA_RESTART|SA_SIGINFO
SIGFPE: [libjvm.so+0x8b0180], sa_mask[0]=11111111011111111101111111111110, sa_flags=SA_RESTART|SA_SIGINFO
SIGPIPE: [libjvm.so+0x8b0180], sa_mask[0]=11111111011111111101111111111110, sa_flags=SA_RESTART|SA_SIGINFO
SIGXFSZ: [libjvm.so+0x8b0180], sa_mask[0]=11111111011111111101111111111110, sa_flags=SA_RESTART|SA_SIGINFO
SIGILL: [libjvm.so+0x8b0180], sa_mask[0]=11111111011111111101111111111110, sa_flags=SA_RESTART|SA_SIGINFO
SIGUSR1: SIG_DFL, sa_mask[0]=00000000000000000000000000000000, sa_flags=none
SIGUSR2: [libjvm.so+0x8b0030], sa_mask[0]=00100000000000000000000000000000, sa_flags=SA_RESTART|SA_SIGINFO
SIGHUP: [libjvm.so+0x8b0500], sa_mask[0]=11111111011111111101111111111110, sa_flags=SA_RESTART|SA_SIGINFO
SIGINT: [libjvm.so+0x8b0500], sa_mask[0]=11111111011111111101111111111110, sa_flags=SA_RESTART|SA_SIGINFO
SIGTERM: [libjvm.so+0x8b0500], sa_mask[0]=11111111011111111101111111111110, sa_flags=SA_RESTART|SA_SIGINFO
SIGQUIT: [libjvm.so+0x8b0500], sa_mask[0]=11111111011111111101111111111110, sa_flags=SA_RESTART|SA_SIGINFO


---------------  S Y S T E M  ---------------

OS:DISTRIB_ID=Ubuntu
DISTRIB_RELEASE=16.04
DISTRIB_CODENAME=xenial
DISTRIB_DESCRIPTION="Ubuntu 16.04.2 LTS"

uname:Linux 4.4.0-75-generic #96-Ubuntu SMP Thu Apr 20 09:56:33 UTC 2017 x86_64
libc:glibc 2.23 NPTL 2.23 
rlimit: STACK 8192k, CORE 0k, NPROC 47101, NOFILE 65536, AS infinity
load average:3,99 1,44 0,66

/proc/meminfo:
MemTotal:       12207348 kB
MemFree:         7411076 kB
MemAvailable:    8737296 kB
Buffers:          108824 kB
Cached:          1788564 kB
SwapCached:            0 kB
Active:          3367900 kB
Inactive:        1166116 kB
Active(anon):    2641780 kB
Inactive(anon):   374572 kB
Active(file):     726120 kB
Inactive(file):   791544 kB
Unevictable:         120 kB
Mlocked:             120 kB
SwapTotal:      12485628 kB
SwapFree:       12485628 kB
Dirty:             13616 kB
Writeback:             0 kB
AnonPages:       2636740 kB
Mapped:           564988 kB
Shmem:            379728 kB
Slab:             129896 kB
SReclaimable:      88136 kB
SUnreclaim:        41760 kB
KernelStack:       10864 kB
PageTables:        49272 kB
NFS_Unstable:          0 kB
Bounce:                0 kB
WritebackTmp:          0 kB
CommitLimit:    18589300 kB
Committed_AS:    7845756 kB
VmallocTotal:   34359738367 kB
VmallocUsed:           0 kB
VmallocChunk:          0 kB
HardwareCorrupted:     0 kB
AnonHugePages:   1658880 kB
CmaTotal:              0 kB
CmaFree:               0 kB
HugePages_Total:       0
HugePages_Free:        0
HugePages_Rsvd:        0
HugePages_Surp:        0
Hugepagesize:       2048 kB
DirectMap4k:      134980 kB
DirectMap2M:     6060032 kB
DirectMap1G:     7340032 kB


CPU:total 4 (2 cores per cpu, 2 threads per core) family 6 model 69 stepping 1, cmov, cx8, fxsr, mmx, sse, sse2, sse3, ssse3, sse4.1, sse4.2, popcnt, avx, avx2, aes, clmul, erms, lzcnt, ht, tsc, tscinvbit, bmi1, bmi2

/proc/cpuinfo:
processor	: 0
vendor_id	: GenuineIntel
cpu family	: 6
model		: 69
model name	: Intel(R) Core(TM) i5-4300U CPU @ 1.90GHz
stepping	: 1
microcode	: 0x1d
cpu MHz		: 2499.902
cache size	: 3072 KB
physical id	: 0
siblings	: 4
core id		: 0
cpu cores	: 2
apicid		: 0
initial apicid	: 0
fpu		: yes
fpu_exception	: yes
cpuid level	: 13
wp		: yes
flags		: fpu vme de pse tsc msr pae mce cx8 apic sep mtrr pge mca cmov pat pse36 clflush dts acpi mmx fxsr sse sse2 ss ht tm pbe syscall nx pdpe1gb rdtscp lm constant_tsc arch_perfmon pebs bts rep_good nopl xtopology nonstop_tsc aperfmperf eagerfpu pni pclmulqdq dtes64 monitor ds_cpl vmx smx est tm2 ssse3 sdbg fma cx16 xtpr pdcm pcid sse4_1 sse4_2 x2apic movbe popcnt tsc_deadline_timer aes xsave avx f16c rdrand lahf_lm abm epb tpr_shadow vnmi flexpriority ept vpid fsgsbase tsc_adjust bmi1 avx2 smep bmi2 erms invpcid xsaveopt dtherm ida arat pln pts
bugs		:
bogomips	: 4988.35
clflush size	: 64
cache_alignment	: 64
address sizes	: 39 bits physical, 48 bits virtual
power management:

processor	: 1
vendor_id	: GenuineIntel
cpu family	: 6
model		: 69
model name	: Intel(R) Core(TM) i5-4300U CPU @ 1.90GHz
stepping	: 1
microcode	: 0x1d
cpu MHz		: 2500.000
cache size	: 3072 KB
physical id	: 0
siblings	: 4
core id		: 1
cpu cores	: 2
apicid		: 2
initial apicid	: 2
fpu		: yes
fpu_exception	: yes
cpuid level	: 13
wp		: yes
flags		: fpu vme de pse tsc msr pae mce cx8 apic sep mtrr pge mca cmov pat pse36 clflush dts acpi mmx fxsr sse sse2 ss ht tm pbe syscall nx pdpe1gb rdtscp lm constant_tsc arch_perfmon pebs bts rep_good nopl xtopology nonstop_tsc aperfmperf eagerfpu pni pclmulqdq dtes64 monitor ds_cpl vmx smx est tm2 ssse3 sdbg fma cx16 xtpr pdcm pcid sse4_1 sse4_2 x2apic movbe popcnt tsc_deadline_timer aes xsave avx f16c rdrand lahf_lm abm epb tpr_shadow vnmi flexpriority ept vpid fsgsbase tsc_adjust bmi1 avx2 smep bmi2 erms invpcid xsaveopt dtherm ida arat pln pts
bugs		:
bogomips	: 4988.35
clflush size	: 64
cache_alignment	: 64
address sizes	: 39 bits physical, 48 bits virtual
power management:

processor	: 2
vendor_id	: GenuineIntel
cpu family	: 6
model		: 69
model name	: Intel(R) Core(TM) i5-4300U CPU @ 1.90GHz
stepping	: 1
microcode	: 0x1d
cpu MHz		: 2499.902
cache size	: 3072 KB
physical id	: 0
siblings	: 4
core id		: 0
cpu cores	: 2
apicid		: 1
initial apicid	: 1
fpu		: yes
fpu_exception	: yes
cpuid level	: 13
wp		: yes
flags		: fpu vme de pse tsc msr pae mce cx8 apic sep mtrr pge mca cmov pat pse36 clflush dts acpi mmx fxsr sse sse2 ss ht tm pbe syscall nx pdpe1gb rdtscp lm constant_tsc arch_perfmon pebs bts rep_good nopl xtopology nonstop_tsc aperfmperf eagerfpu pni pclmulqdq dtes64 monitor ds_cpl vmx smx est tm2 ssse3 sdbg fma cx16 xtpr pdcm pcid sse4_1 sse4_2 x2apic movbe popcnt tsc_deadline_timer aes xsave avx f16c rdrand lahf_lm abm epb tpr_shadow vnmi flexpriority ept vpid fsgsbase tsc_adjust bmi1 avx2 smep bmi2 erms invpcid xsaveopt dtherm ida arat pln pts
bugs		:
bogomips	: 4988.35
clflush size	: 64
cache_alignment	: 64
address sizes	: 39 bits physical, 48 bits virtual
power management:

processor	: 3
vendor_id	: GenuineIntel
cpu family	: 6
model		: 69
model name	: Intel(R) Core(TM) i5-4300U CPU @ 1.90GHz
stepping	: 1
microcode	: 0x1d
cpu MHz		: 2500.000
cache size	: 3072 KB
physical id	: 0
siblings	: 4
core id		: 1
cpu cores	: 2
apicid		: 3
initial apicid	: 3
fpu		: yes
fpu_exception	: yes
cpuid level	: 13
wp		: yes
flags		: fpu vme de pse tsc msr pae mce cx8 apic sep mtrr pge mca cmov pat pse36 clflush dts acpi mmx fxsr sse sse2 ss ht tm pbe syscall nx pdpe1gb rdtscp lm constant_tsc arch_perfmon pebs bts rep_good nopl xtopology nonstop_tsc aperfmperf eagerfpu pni pclmulqdq dtes64 monitor ds_cpl vmx smx est tm2 ssse3 sdbg fma cx16 xtpr pdcm pcid sse4_1 sse4_2 x2apic movbe popcnt tsc_deadline_timer aes xsave avx f16c rdrand lahf_lm abm epb tpr_shadow vnmi flexpriority ept vpid fsgsbase tsc_adjust bmi1 avx2 smep bmi2 erms invpcid xsaveopt dtherm ida arat pln pts
bugs		:
bogomips	: 4988.35
clflush size	: 64
cache_alignment	: 64
address sizes	: 39 bits physical, 48 bits virtual
power management:



Memory: 4k page, physical 12207348k(7411076k free), swap 12485628k(12485628k free)

vm_info: OpenJDK 64-Bit Server VM (25.121-b13) for linux-amd64 JRE (1.8.0_121-8u121-b13-0ubuntu1.16.04.2-b13), built on Jan 23 2017 15:51:29 by "buildd" with gcc 5.4.0 20160609

time: Thu May  4 20:46:07 2017
elapsed time: 0 seconds (0d 0h 0m 0s)

