#
# A fatal error has been detected by the Java Runtime Environment:
#
#  SIGSEGV (0xb) at pc=0x00007f26bd73d8dc, pid=5471, tid=0x00007f26e4afd700
#
# JRE version: OpenJDK Runtime Environment (8.0_121-b13) (build 1.8.0_121-8u121-b13-0ubuntu1.16.04.2-b13)
# Java VM: OpenJDK 64-Bit Server VM (25.121-b13 mixed mode linux-amd64 compressed oops)
# Problematic frame:
# C  [liblwjgl_opengl.so+0x468dc]  Java_org_lwjgl_opengl_GL30_nglGenVertexArrays__IJ+0xc
#
# Failed to write core dump. Core dumps have been disabled. To enable core dumping, try "ulimit -c unlimited" before starting Java again
#
# If you would like to submit a bug report, please visit:
#   http://bugreport.java.com/bugreport/crash.jsp
# The crash happened outside the Java Virtual Machine in native code.
# See problematic frame for where to report the bug.
#

---------------  T H R E A D  ---------------

Current thread (0x00007f26dc00c000):  JavaThread "main" [_thread_in_native, id=5473, stack(0x00007f26e49fd000,0x00007f26e4afe000)]

siginfo: si_signo: 11 (SIGSEGV), si_code: 1 (SEGV_MAPERR), si_addr: 0x0000000000000f18

Registers:
RAX=0x0000000000000000, RBX=0x00007f26cc75ee10, RCX=0x00007f26dc3c2c0c, RDX=0x0000000000000001
RSP=0x00007f26e4afc7f8, RBP=0x00007f26e4afc858, RSI=0x00007f26dc3c2c0c, RDI=0x0000000000000001
R8 =0x00007f26cc75ee10, R9 =0x0000000000000004, R10=0x00007f26cd017748, R11=0x00007f26e370a9e0
R12=0x0000000000000000, R13=0x00007f26cc75ee10, R14=0x00007f26e4afc888, R15=0x00007f26dc00c000
RIP=0x00007f26bd73d8dc, EFLAGS=0x0000000000010287, CSGSFS=0x0000000000000033, ERR=0x0000000000000004
  TRAPNO=0x000000000000000e

Top of Stack: (sp=0x00007f26e4afc7f8)
0x00007f26e4afc7f8:   00007f26cd017774 00007f26e4afc858
0x00007f26e4afc808:   00007f26cd017507 00007f26cd0174c2
0x00007f26e4afc818:   00007f26e4afc818 00007f26cc75ee10
0x00007f26e4afc828:   00007f26e4afc888 00007f26cc761250
0x00007f26e4afc838:   0000000000000000 00007f26cc75ee10
0x00007f26e4afc848:   0000000000000000 00007f26e4afc878
0x00007f26e4afc858:   00007f26e4afc8d0 00007f26cd007ffd
0x00007f26e4afc868:   0000000782711b00 00007f26cd011278
0x00007f26e4afc878:   00007f26dc3c2c0c 00000007829a8ce8
0x00007f26e4afc888:   0000000000000001 00007f26e4afc890
0x00007f26e4afc898:   00007f26cc75ef64 00007f26e4afc900
0x00007f26e4afc8a8:   00007f26cc761250 0000000000000000
0x00007f26e4afc8b8:   00007f26cc75efc8 00007f26e4afc878
0x00007f26e4afc8c8:   00007f26e4afc908 00007f26e4afc950
0x00007f26e4afc8d8:   00007f26cd007a40 0000000000000000
0x00007f26e4afc8e8:   0000000000000000 00000007829a8ce8
0x00007f26e4afc8f8:   0000000000010000 000000078291f300
0x00007f26e4afc908:   0000000781fa2fa8 00007f26e4afc910
0x00007f26e4afc918:   00007f26cc6318f9 00007f26e4afc968
0x00007f26e4afc928:   00007f26cc63c1b8 0000000000000000
0x00007f26e4afc938:   00007f26cc6319f0 00007f26e4afc908
0x00007f26e4afc948:   00007f26e4afc968 00007f26e4afc9b0
0x00007f26e4afc958:   00007f26cd007a40 0000000000000000
0x00007f26e4afc968:   0000000781fa2fa8 00007f26e4afc970
0x00007f26e4afc978:   00007f26cc631489 00007f26e4afc9c0
0x00007f26e4afc988:   00007f26cc63c1b8 0000000000000000
0x00007f26e4afc998:   00007f26cc6314d0 00007f26e4afc968
0x00007f26e4afc9a8:   00007f26e4afc9c0 00007f26e4afca08
0x00007f26e4afc9b8:   00007f26cd007ffd 0000000781fa2fa8
0x00007f26e4afc9c8:   00007f26e4afc9c8 00007f26cc6312c7
0x00007f26e4afc9d8:   00007f26e4afca18 00007f26cc63c1b8
0x00007f26e4afc9e8:   0000000000000000 00007f26cc6312e0 

Instructions: (pc=0x00007f26bd73d8dc)
0x00007f26bd73d8bc:   c0 1b 00 00 ff e0 66 66 66 66 66 2e 0f 1f 84 00
0x00007f26bd73d8cc:   00 00 00 00 48 8b 07 48 89 ce 89 d7 48 8b 40 18
0x00007f26bd73d8dc:   48 8b 80 18 0f 00 00 ff e0 66 66 2e 0f 1f 84 00
0x00007f26bd73d8ec:   00 00 00 00 48 8b 07 48 89 ce 89 d7 48 8b 40 18 

Register to memory mapping:

RAX=0x0000000000000000 is an unknown value
RBX={method} {0x00007f26cc75ee10} 'nglGenVertexArrays' '(IJ)V' in 'org/lwjgl/opengl/GL30'
RCX=0x00007f26dc3c2c0c is an unknown value
RDX=0x0000000000000001 is an unknown value
RSP=0x00007f26e4afc7f8 is pointing into the stack for thread: 0x00007f26dc00c000
RBP=0x00007f26e4afc858 is pointing into the stack for thread: 0x00007f26dc00c000
RSI=0x00007f26dc3c2c0c is an unknown value
RDI=0x0000000000000001 is an unknown value
R8 ={method} {0x00007f26cc75ee10} 'nglGenVertexArrays' '(IJ)V' in 'org/lwjgl/opengl/GL30'
R9 =0x0000000000000004 is an unknown value
R10=0x00007f26cd017748 is at code_begin+808 in an Interpreter codelet
method entry point (kind = native)  [0x00007f26cd017420, 0x00007f26cd017d20]  2304 bytes
R11=0x00007f26e370a9e0: <offset 0x95a9e0> in /usr/lib/jvm/java-8-openjdk-amd64/jre/lib/amd64/server/libjvm.so at 0x00007f26e2db0000
R12=0x0000000000000000 is an unknown value
R13={method} {0x00007f26cc75ee10} 'nglGenVertexArrays' '(IJ)V' in 'org/lwjgl/opengl/GL30'
R14=0x00007f26e4afc888 is pointing into the stack for thread: 0x00007f26dc00c000
R15=0x00007f26dc00c000 is a thread


Stack: [0x00007f26e49fd000,0x00007f26e4afe000],  sp=0x00007f26e4afc7f8,  free space=1021k
Native frames: (J=compiled Java code, j=interpreted, Vv=VM code, C=native code)
C  [liblwjgl_opengl.so+0x468dc]  Java_org_lwjgl_opengl_GL30_nglGenVertexArrays__IJ+0xc
j  org.lwjgl.opengl.GL30.glGenVertexArrays()I+20
j  pl.lodz.p.pag.weglewski.LineSimulation.loadContent()I+9
j  pl.lodz.p.pag.weglewski.LineSimulation.run()V+33
j  pl.lodz.p.pag.weglewski.LineSimulation.main([Ljava/lang/String;)V+7
v  ~StubRoutines::call_stub
V  [libjvm.so+0x66161b]
V  [libjvm.so+0x68335e]
V  [libjvm.so+0x685c8f]
C  [libjli.so+0x3552]
C  [libjli.so+0x73dd]
C  [libpthread.so.0+0x76ba]  start_thread+0xca

Java frames: (J=compiled Java code, j=interpreted, Vv=VM code)
j  org.lwjgl.opengl.GL30.nglGenVertexArrays(IJ)V+0
j  org.lwjgl.opengl.GL30.glGenVertexArrays()I+20
j  pl.lodz.p.pag.weglewski.LineSimulation.loadContent()I+9
j  pl.lodz.p.pag.weglewski.LineSimulation.run()V+33
j  pl.lodz.p.pag.weglewski.LineSimulation.main([Ljava/lang/String;)V+7
v  ~StubRoutines::call_stub

---------------  P R O C E S S  ---------------

Java Threads: ( => current thread )
  0x00007f26dc2b6800 JavaThread "Service Thread" daemon [_thread_blocked, id=5499, stack(0x00007f26bdec6000,0x00007f26bdfc7000)]
  0x00007f26dc2b3800 JavaThread "C1 CompilerThread2" daemon [_thread_blocked, id=5498, stack(0x00007f26bdfc7000,0x00007f26be0c8000)]
  0x00007f26dc2b1000 JavaThread "C2 CompilerThread1" daemon [_thread_blocked, id=5497, stack(0x00007f26be0c8000,0x00007f26be1c9000)]
  0x00007f26dc2af800 JavaThread "C2 CompilerThread0" daemon [_thread_blocked, id=5496, stack(0x00007f26be6e2000,0x00007f26be7e3000)]
  0x00007f26dc29d000 JavaThread "Monitor Ctrl-Break" daemon [_thread_in_native, id=5495, stack(0x00007f26be7e3000,0x00007f26be8e4000)]
  0x00007f26dc175800 JavaThread "Signal Dispatcher" daemon [_thread_blocked, id=5488, stack(0x00007f26be8e4000,0x00007f26be9e5000)]
  0x00007f26dc14d000 JavaThread "Finalizer" daemon [_thread_blocked, id=5484, stack(0x00007f26bedee000,0x00007f26beeef000)]
  0x00007f26dc148800 JavaThread "Reference Handler" daemon [_thread_blocked, id=5483, stack(0x00007f26beeef000,0x00007f26beff0000)]
=>0x00007f26dc00c000 JavaThread "main" [_thread_in_native, id=5473, stack(0x00007f26e49fd000,0x00007f26e4afe000)]

Other Threads:
  0x00007f26dc140800 VMThread [stack: 0x00007f26beff0000,0x00007f26bf0f1000] [id=5482]
  0x00007f26dc2b9000 WatcherThread [stack: 0x00007f26bddc5000,0x00007f26bdec6000] [id=5500]

VM state:not at safepoint (normal execution)

VM Mutex/Monitor currently owned by a thread: None

Heap:
 PSYoungGen      total 56320K, used 12253K [0x0000000781e00000, 0x0000000785c80000, 0x00000007c0000000)
  eden space 48640K, 25% used [0x0000000781e00000,0x00000007829f75d8,0x0000000784d80000)
  from space 7680K, 0% used [0x0000000785500000,0x0000000785500000,0x0000000785c80000)
  to   space 7680K, 0% used [0x0000000784d80000,0x0000000784d80000,0x0000000785500000)
 ParOldGen       total 128512K, used 0K [0x0000000705a00000, 0x000000070d780000, 0x0000000781e00000)
  object space 128512K, 0% used [0x0000000705a00000,0x0000000705a00000,0x000000070d780000)
 Metaspace       used 6798K, capacity 7014K, committed 7296K, reserved 1056768K
  class space    used 680K, capacity 769K, committed 896K, reserved 1048576K

Card table byte_map: [0x00007f26e08df000,0x00007f26e0eb3000] byte_map_base: 0x00007f26dd0b2000

Marking Bits: (ParMarkBitMap*) 0x00007f26e3cce220
 Begin Bits: [0x00007f26b22d0000, 0x00007f26b5168000)
 End Bits:   [0x00007f26b5168000, 0x00007f26b8000000)

Polling page: 0x00007f26e4b20000

CodeCache: size=245760Kb used=1954Kb max_used=1965Kb free=243805Kb
 bounds [0x00007f26cd000000, 0x00007f26cd270000, 0x00007f26dc000000]
 total_blobs=794 nmethods=423 adapters=286
 compilation: enabled

Compilation events (10 events):
Event: 0,506 Thread 0x00007f26dc2b3800 nmethod 415 0x00007f26cd1dfd10 code [0x00007f26cd1dfe80, 0x00007f26cd1e0008]
Event: 0,506 Thread 0x00007f26dc2b3800  418       1       sun.misc.URLClassPath$JarLoader::access$600 (5 bytes)
Event: 0,506 Thread 0x00007f26dc2b3800 nmethod 418 0x00007f26cd1dbe90 code [0x00007f26cd1dbfe0, 0x00007f26cd1dc0d0]
Event: 0,510 Thread 0x00007f26dc2af800  420       4       java.util.Arrays::copyOfRange (63 bytes)
Event: 0,510 Thread 0x00007f26dc2b3800  421       3       java.lang.String::concat (47 bytes)
Event: 0,511 Thread 0x00007f26dc2b3800 nmethod 421 0x00007f26cd1e7710 code [0x00007f26cd1e78e0, 0x00007f26cd1e8098]
Event: 0,511 Thread 0x00007f26dc2b3800  422       3       java.lang.String::getChars (16 bytes)
Event: 0,511 Thread 0x00007f26dc2b3800 nmethod 422 0x00007f26cd1e8410 code [0x00007f26cd1e8580, 0x00007f26cd1e8788]
Event: 0,511 Thread 0x00007f26dc2b3800  423       3       java.util.zip.ZipFile::access$400 (5 bytes)
Event: 0,511 Thread 0x00007f26dc2b3800 nmethod 423 0x00007f26cd1e8850 code [0x00007f26cd1e89a0, 0x00007f26cd1e8ad0]

GC Heap History (0 events):
No events

Deoptimization events (1 events):
Event: 0,440 Thread 0x00007f26dc00c000 Uncommon trap: reason=unstable_if action=reinterpret pc=0x00007f26cd1ae028 method=java.lang.String.indexOf([CII[CIII)I @ 3

Internal exceptions (10 events):
Event: 0,291 Thread 0x00007f26dc00c000 Exception <a 'java/lang/NoSuchMethodError': java.lang.Object.lambda$static$0(Ljava/lang/String;)Ljava/lang/Boolean;> (0x0000000782585628) thrown at [/build/openjdk-8-YiEakL/openjdk-8-8u121-b13/src/hotspot/src/share/vm/interpreter/linkResolver.cpp, line 58
Event: 0,312 Thread 0x00007f26dc00c000 Exception <a 'java/lang/NoSuchFieldError': method resolution failed> (0x0000000782607b18) thrown at [/build/openjdk-8-YiEakL/openjdk-8-8u121-b13/src/hotspot/src/share/vm/prims/methodHandles.cpp, line 1146]
Event: 0,315 Thread 0x00007f26dc00c000 Exception <a 'java/lang/NoSuchFieldError': method resolution failed> (0x0000000782615738) thrown at [/build/openjdk-8-YiEakL/openjdk-8-8u121-b13/src/hotspot/src/share/vm/prims/methodHandles.cpp, line 1146]
Event: 0,360 Thread 0x00007f26dc00c000 Exception <a 'java/security/PrivilegedActionException'> (0x00000007826c7b20) thrown at [/build/openjdk-8-YiEakL/openjdk-8-8u121-b13/src/hotspot/src/share/vm/prims/jvm.cpp, line 1390]
Event: 0,361 Thread 0x00007f26dc00c000 Exception <a 'java/security/PrivilegedActionException'> (0x00000007826c7d30) thrown at [/build/openjdk-8-YiEakL/openjdk-8-8u121-b13/src/hotspot/src/share/vm/prims/jvm.cpp, line 1390]
Event: 0,361 Thread 0x00007f26dc00c000 Exception <a 'java/security/PrivilegedActionException'> (0x00000007826c9db8) thrown at [/build/openjdk-8-YiEakL/openjdk-8-8u121-b13/src/hotspot/src/share/vm/prims/jvm.cpp, line 1390]
Event: 0,361 Thread 0x00007f26dc00c000 Exception <a 'java/security/PrivilegedActionException'> (0x00000007826c9fc8) thrown at [/build/openjdk-8-YiEakL/openjdk-8-8u121-b13/src/hotspot/src/share/vm/prims/jvm.cpp, line 1390]
Event: 0,361 Thread 0x00007f26dc00c000 Exception <a 'java/security/PrivilegedActionException'> (0x00000007826caaa0) thrown at [/build/openjdk-8-YiEakL/openjdk-8-8u121-b13/src/hotspot/src/share/vm/prims/jvm.cpp, line 1390]
Event: 0,361 Thread 0x00007f26dc00c000 Exception <a 'java/security/PrivilegedActionException'> (0x00000007826cacb0) thrown at [/build/openjdk-8-YiEakL/openjdk-8-8u121-b13/src/hotspot/src/share/vm/prims/jvm.cpp, line 1390]
Event: 0,491 Thread 0x00007f26dc00c000 Exception <a 'sun/nio/fs/UnixException'> (0x00000007828dfcb0) thrown at [/build/openjdk-8-YiEakL/openjdk-8-8u121-b13/src/hotspot/src/share/vm/prims/jni.cpp, line 709]

Events (10 events):
Event: 0,506 loading class org/lwjgl/system/jni/JNINativeInterface
Event: 0,506 loading class org/lwjgl/system/jni/JNINativeInterface done
Event: 0,508 loading class org/lwjgl/system/linux/DynamicLinkLoader
Event: 0,508 loading class org/lwjgl/system/linux/DynamicLinkLoader done
Event: 0,510 loading class org/lwjgl/opengl/GL$2
Event: 0,510 loading class org/lwjgl/opengl/GL$2 done
Event: 0,510 loading class org/lwjgl/opengl/GL$SharedLibraryGL
Event: 0,510 loading class org/lwjgl/opengl/GL$SharedLibraryGL done
Event: 0,511 loading class org/lwjgl/system/SharedLibrary$Delegate
Event: 0,511 loading class org/lwjgl/system/SharedLibrary$Delegate done


Dynamic libraries:
00400000-00401000 r-xp 00000000 08:12 11409986                           /usr/lib/jvm/java-8-openjdk-amd64/jre/bin/java
00600000-00601000 r--p 00000000 08:12 11409986                           /usr/lib/jvm/java-8-openjdk-amd64/jre/bin/java
00601000-00602000 rw-p 00001000 08:12 11409986                           /usr/lib/jvm/java-8-openjdk-amd64/jre/bin/java
00cd3000-00cf4000 rw-p 00000000 00:00 0                                  [heap]
705a00000-70d780000 rw-p 00000000 00:00 0 
70d780000-781e00000 ---p 00000000 00:00 0 
781e00000-785c80000 rw-p 00000000 00:00 0 
785c80000-7c0000000 ---p 00000000 00:00 0 
7c0000000-7c00e0000 rw-p 00000000 00:00 0 
7c00e0000-800000000 ---p 00000000 00:00 0 
7f2688000000-7f2688021000 rw-p 00000000 00:00 0 
7f2688021000-7f268c000000 ---p 00000000 00:00 0 
7f268c000000-7f268c174000 rw-p 00000000 00:00 0 
7f268c174000-7f2690000000 ---p 00000000 00:00 0 
7f2690000000-7f2690021000 rw-p 00000000 00:00 0 
7f2690021000-7f2694000000 ---p 00000000 00:00 0 
7f2694000000-7f2694200000 rw-p 00000000 00:00 0 
7f2694200000-7f2698000000 ---p 00000000 00:00 0 
7f2698000000-7f2698057000 rw-p 00000000 00:00 0 
7f2698057000-7f269c000000 ---p 00000000 00:00 0 
7f269c000000-7f269c021000 rw-p 00000000 00:00 0 
7f269c021000-7f26a0000000 ---p 00000000 00:00 0 
7f26a0000000-7f26a0021000 rw-p 00000000 00:00 0 
7f26a0021000-7f26a4000000 ---p 00000000 00:00 0 
7f26a4000000-7f26a4021000 rw-p 00000000 00:00 0 
7f26a4021000-7f26a8000000 ---p 00000000 00:00 0 
7f26a8000000-7f26a8021000 rw-p 00000000 00:00 0 
7f26a8021000-7f26ac000000 ---p 00000000 00:00 0 
7f26ac000000-7f26ac021000 rw-p 00000000 00:00 0 
7f26ac021000-7f26b0000000 ---p 00000000 00:00 0 
7f26b0f35000-7f26b0f3a000 r-xp 00000000 08:12 11280128                   /usr/lib/x86_64-linux-gnu/libXdmcp.so.6.0.0
7f26b0f3a000-7f26b1139000 ---p 00005000 08:12 11280128                   /usr/lib/x86_64-linux-gnu/libXdmcp.so.6.0.0
7f26b1139000-7f26b113a000 r--p 00004000 08:12 11280128                   /usr/lib/x86_64-linux-gnu/libXdmcp.so.6.0.0
7f26b113a000-7f26b113b000 rw-p 00005000 08:12 11280128                   /usr/lib/x86_64-linux-gnu/libXdmcp.so.6.0.0
7f26b113b000-7f26b113d000 r-xp 00000000 08:12 11280117                   /usr/lib/x86_64-linux-gnu/libXau.so.6.0.0
7f26b113d000-7f26b133d000 ---p 00002000 08:12 11280117                   /usr/lib/x86_64-linux-gnu/libXau.so.6.0.0
7f26b133d000-7f26b133e000 r--p 00002000 08:12 11280117                   /usr/lib/x86_64-linux-gnu/libXau.so.6.0.0
7f26b133e000-7f26b133f000 rw-p 00003000 08:12 11280117                   /usr/lib/x86_64-linux-gnu/libXau.so.6.0.0
7f26b133f000-7f26b134d000 r-xp 00000000 08:12 11277888                   /usr/lib/x86_64-linux-gnu/libdrm.so.2.4.0
7f26b134d000-7f26b154c000 ---p 0000e000 08:12 11277888                   /usr/lib/x86_64-linux-gnu/libdrm.so.2.4.0
7f26b154c000-7f26b154d000 r--p 0000d000 08:12 11277888                   /usr/lib/x86_64-linux-gnu/libdrm.so.2.4.0
7f26b154d000-7f26b154e000 rw-p 0000e000 08:12 11277888                   /usr/lib/x86_64-linux-gnu/libdrm.so.2.4.0
7f26b154e000-7f26b1553000 r-xp 00000000 08:12 11280166                   /usr/lib/x86_64-linux-gnu/libXxf86vm.so.1.0.0
7f26b1553000-7f26b1752000 ---p 00005000 08:12 11280166                   /usr/lib/x86_64-linux-gnu/libXxf86vm.so.1.0.0
7f26b1752000-7f26b1753000 r--p 00004000 08:12 11280166                   /usr/lib/x86_64-linux-gnu/libXxf86vm.so.1.0.0
7f26b1753000-7f26b1754000 rw-p 00005000 08:12 11280166                   /usr/lib/x86_64-linux-gnu/libXxf86vm.so.1.0.0
7f26b1754000-7f26b1775000 r-xp 00000000 08:12 11281495                   /usr/lib/x86_64-linux-gnu/libxcb.so.1.1.0
7f26b1775000-7f26b1974000 ---p 00021000 08:12 11281495                   /usr/lib/x86_64-linux-gnu/libxcb.so.1.1.0
7f26b1974000-7f26b1975000 r--p 00020000 08:12 11281495                   /usr/lib/x86_64-linux-gnu/libxcb.so.1.1.0
7f26b1975000-7f26b1976000 rw-p 00021000 08:12 11281495                   /usr/lib/x86_64-linux-gnu/libxcb.so.1.1.0
7f26b1976000-7f26b197a000 r-xp 00000000 08:12 11281463                   /usr/lib/x86_64-linux-gnu/libxcb-dri2.so.0.0.0
7f26b197a000-7f26b1b79000 ---p 00004000 08:12 11281463                   /usr/lib/x86_64-linux-gnu/libxcb-dri2.so.0.0.0
7f26b1b79000-7f26b1b7a000 r--p 00003000 08:12 11281463                   /usr/lib/x86_64-linux-gnu/libxcb-dri2.so.0.0.0
7f26b1b7a000-7f26b1b7b000 rw-p 00004000 08:12 11281463                   /usr/lib/x86_64-linux-gnu/libxcb-dri2.so.0.0.0
7f26b1b7b000-7f26b1b92000 r-xp 00000000 08:12 11281467                   /usr/lib/x86_64-linux-gnu/libxcb-glx.so.0.0.0
7f26b1b92000-7f26b1d91000 ---p 00017000 08:12 11281467                   /usr/lib/x86_64-linux-gnu/libxcb-glx.so.0.0.0
7f26b1d91000-7f26b1d93000 r--p 00016000 08:12 11281467                   /usr/lib/x86_64-linux-gnu/libxcb-glx.so.0.0.0
7f26b1d93000-7f26b1d94000 rw-p 00018000 08:12 11281467                   /usr/lib/x86_64-linux-gnu/libxcb-glx.so.0.0.0
7f26b1d94000-7f26b1ec9000 r-xp 00000000 08:12 11280113                   /usr/lib/x86_64-linux-gnu/libX11.so.6.3.0
7f26b1ec9000-7f26b20c9000 ---p 00135000 08:12 11280113                   /usr/lib/x86_64-linux-gnu/libX11.so.6.3.0
7f26b20c9000-7f26b20ca000 r--p 00135000 08:12 11280113                   /usr/lib/x86_64-linux-gnu/libX11.so.6.3.0
7f26b20ca000-7f26b20ce000 rw-p 00136000 08:12 11280113                   /usr/lib/x86_64-linux-gnu/libX11.so.6.3.0
7f26b20ce000-7f26b20cf000 r-xp 00000000 08:12 11280111                   /usr/lib/x86_64-linux-gnu/libX11-xcb.so.1.0.0
7f26b20cf000-7f26b22ce000 ---p 00001000 08:12 11280111                   /usr/lib/x86_64-linux-gnu/libX11-xcb.so.1.0.0
7f26b22ce000-7f26b22cf000 r--p 00000000 08:12 11280111                   /usr/lib/x86_64-linux-gnu/libX11-xcb.so.1.0.0
7f26b22cf000-7f26b22d0000 rw-p 00001000 08:12 11280111                   /usr/lib/x86_64-linux-gnu/libX11-xcb.so.1.0.0
7f26b22d0000-7f26b8000000 rw-p 00000000 00:00 0 
7f26b8000000-7f26b8021000 rw-p 00000000 00:00 0 
7f26b8021000-7f26bc000000 ---p 00000000 00:00 0 
7f26bc200000-7f26bc205000 r-xp 00000000 08:12 11280132                   /usr/lib/x86_64-linux-gnu/libXfixes.so.3.1.0
7f26bc205000-7f26bc404000 ---p 00005000 08:12 11280132                   /usr/lib/x86_64-linux-gnu/libXfixes.so.3.1.0
7f26bc404000-7f26bc405000 r--p 00004000 08:12 11280132                   /usr/lib/x86_64-linux-gnu/libXfixes.so.3.1.0
7f26bc405000-7f26bc406000 rw-p 00005000 08:12 11280132                   /usr/lib/x86_64-linux-gnu/libXfixes.so.3.1.0
7f26bc406000-7f26bc408000 r-xp 00000000 08:12 11280126                   /usr/lib/x86_64-linux-gnu/libXdamage.so.1.1.0
7f26bc408000-7f26bc607000 ---p 00002000 08:12 11280126                   /usr/lib/x86_64-linux-gnu/libXdamage.so.1.1.0
7f26bc607000-7f26bc608000 r--p 00001000 08:12 11280126                   /usr/lib/x86_64-linux-gnu/libXdamage.so.1.1.0
7f26bc608000-7f26bc609000 rw-p 00002000 08:12 11280126                   /usr/lib/x86_64-linux-gnu/libXdamage.so.1.1.0
7f26bc609000-7f26bc61a000 r-xp 00000000 08:12 11280130                   /usr/lib/x86_64-linux-gnu/libXext.so.6.4.0
7f26bc61a000-7f26bc819000 ---p 00011000 08:12 11280130                   /usr/lib/x86_64-linux-gnu/libXext.so.6.4.0
7f26bc819000-7f26bc81a000 r--p 00010000 08:12 11280130                   /usr/lib/x86_64-linux-gnu/libXext.so.6.4.0
7f26bc81a000-7f26bc81b000 rw-p 00011000 08:12 11280130                   /usr/lib/x86_64-linux-gnu/libXext.so.6.4.0
7f26bc81b000-7f26bc844000 r-xp 00000000 08:12 11274386                   /usr/lib/x86_64-linux-gnu/libglapi.so.0.0.0
7f26bc844000-7f26bca44000 ---p 00029000 08:12 11274386                   /usr/lib/x86_64-linux-gnu/libglapi.so.0.0.0
7f26bca44000-7f26bca48000 r--p 00029000 08:12 11274386                   /usr/lib/x86_64-linux-gnu/libglapi.so.0.0.0
7f26bca48000-7f26bca49000 rw-p 0002d000 08:12 11274386                   /usr/lib/x86_64-linux-gnu/libglapi.so.0.0.0
7f26bca49000-7f26bca4a000 rw-p 00000000 00:00 0 
7f26bca4a000-7f26bca4b000 r-xp 00000000 08:12 11281507                   /usr/lib/x86_64-linux-gnu/libxshmfence.so.1.0.0
7f26bca4b000-7f26bcc4b000 ---p 00001000 08:12 11281507                   /usr/lib/x86_64-linux-gnu/libxshmfence.so.1.0.0
7f26bcc4b000-7f26bcc4c000 r--p 00001000 08:12 11281507                   /usr/lib/x86_64-linux-gnu/libxshmfence.so.1.0.0
7f26bcc4c000-7f26bcc4d000 rw-p 00002000 08:12 11281507                   /usr/lib/x86_64-linux-gnu/libxshmfence.so.1.0.0
7f26bcc4d000-7f26bcc52000 r-xp 00000000 08:12 11281487                   /usr/lib/x86_64-linux-gnu/libxcb-sync.so.1.0.0
7f26bcc52000-7f26bce52000 ---p 00005000 08:12 11281487                   /usr/lib/x86_64-linux-gnu/libxcb-sync.so.1.0.0
7f26bce52000-7f26bce53000 r--p 00005000 08:12 11281487                   /usr/lib/x86_64-linux-gnu/libxcb-sync.so.1.0.0
7f26bce53000-7f26bce54000 rw-p 00006000 08:12 11281487                   /usr/lib/x86_64-linux-gnu/libxcb-sync.so.1.0.0
7f26bce54000-7f26bce56000 r-xp 00000000 08:12 11281475                   /usr/lib/x86_64-linux-gnu/libxcb-present.so.0.0.0
7f26bce56000-7f26bd055000 ---p 00002000 08:12 11281475                   /usr/lib/x86_64-linux-gnu/libxcb-present.so.0.0.0
7f26bd055000-7f26bd056000 r--p 00001000 08:12 11281475                   /usr/lib/x86_64-linux-gnu/libxcb-present.so.0.0.0
7f26bd056000-7f26bd057000 rw-p 00002000 08:12 11281475                   /usr/lib/x86_64-linux-gnu/libxcb-present.so.0.0.0
7f26bd057000-7f26bd059000 r-xp 00000000 08:12 11281465                   /usr/lib/x86_64-linux-gnu/libxcb-dri3.so.0.0.0
7f26bd059000-7f26bd258000 ---p 00002000 08:12 11281465                   /usr/lib/x86_64-linux-gnu/libxcb-dri3.so.0.0.0
7f26bd258000-7f26bd259000 r--p 00001000 08:12 11281465                   /usr/lib/x86_64-linux-gnu/libxcb-dri3.so.0.0.0
7f26bd259000-7f26bd25a000 rw-p 00002000 08:12 11281465                   /usr/lib/x86_64-linux-gnu/libxcb-dri3.so.0.0.0
7f26bd25a000-7f26bd280000 r-xp 00000000 08:12 4460962                    /lib/x86_64-linux-gnu/libexpat.so.1.6.0
7f26bd280000-7f26bd480000 ---p 00026000 08:12 4460962                    /lib/x86_64-linux-gnu/libexpat.so.1.6.0
7f26bd480000-7f26bd482000 r--p 00026000 08:12 4460962                    /lib/x86_64-linux-gnu/libexpat.so.1.6.0
7f26bd482000-7f26bd483000 rw-p 00028000 08:12 4460962                    /lib/x86_64-linux-gnu/libexpat.so.1.6.0
7f26bd483000-7f26bd4f3000 r-xp 00000000 08:12 11535444                   /usr/lib/x86_64-linux-gnu/mesa/libGL.so.1.2.0
7f26bd4f3000-7f26bd6f2000 ---p 00070000 08:12 11535444                   /usr/lib/x86_64-linux-gnu/mesa/libGL.so.1.2.0
7f26bd6f2000-7f26bd6f5000 r--p 0006f000 08:12 11535444                   /usr/lib/x86_64-linux-gnu/mesa/libGL.so.1.2.0
7f26bd6f5000-7f26bd6f6000 rw-p 00072000 08:12 11535444                   /usr/lib/x86_64-linux-gnu/mesa/libGL.so.1.2.0
7f26bd6f6000-7f26bd6f7000 rw-p 00000000 00:00 0 
7f26bd6f7000-7f26bd760000 r-xp 00000000 08:12 7210355                    /tmp/lwjglpiotr/3.1.2-build-22/liblwjgl_opengl.so
7f26bd760000-7f26bd95f000 ---p 00069000 08:12 7210355                    /tmp/lwjglpiotr/3.1.2-build-22/liblwjgl_opengl.so
7f26bd95f000-7f26bd960000 r--p 00068000 08:12 7210355                    /tmp/lwjglpiotr/3.1.2-build-22/liblwjgl_opengl.so
7f26bd960000-7f26bd961000 rw-p 00069000 08:12 7210355                    /tmp/lwjglpiotr/3.1.2-build-22/liblwjgl_opengl.so
7f26bd961000-7f26bd9b1000 r-xp 00000000 08:12 7210353                    /tmp/lwjglpiotr/3.1.2-build-22/liblwjgl.so
7f26bd9b1000-7f26bdbb0000 ---p 00050000 08:12 7210353                    /tmp/lwjglpiotr/3.1.2-build-22/liblwjgl.so
7f26bdbb0000-7f26bdbb1000 r--p 0004f000 08:12 7210353                    /tmp/lwjglpiotr/3.1.2-build-22/liblwjgl.so
7f26bdbb1000-7f26bdbb2000 rw-p 00050000 08:12 7210353                    /tmp/lwjglpiotr/3.1.2-build-22/liblwjgl.so
7f26bdbb2000-7f26bdbc3000 r-xp 00000000 08:12 11408426                   /usr/lib/jvm/java-8-openjdk-amd64/jre/lib/amd64/libnio.so
7f26bdbc3000-7f26bddc3000 ---p 00011000 08:12 11408426                   /usr/lib/jvm/java-8-openjdk-amd64/jre/lib/amd64/libnio.so
7f26bddc3000-7f26bddc4000 r--p 00011000 08:12 11408426                   /usr/lib/jvm/java-8-openjdk-amd64/jre/lib/amd64/libnio.so
7f26bddc4000-7f26bddc5000 rw-p 00012000 08:12 11408426                   /usr/lib/jvm/java-8-openjdk-amd64/jre/lib/amd64/libnio.so
7f26bddc5000-7f26bddc6000 ---p 00000000 00:00 0 
7f26bddc6000-7f26bdec6000 rw-p 00000000 00:00 0 
7f26bdec6000-7f26bdec9000 ---p 00000000 00:00 0 
7f26bdec9000-7f26bdfc7000 rw-p 00000000 00:00 0 
7f26bdfc7000-7f26bdfca000 ---p 00000000 00:00 0 
7f26bdfca000-7f26be0c8000 rw-p 00000000 00:00 0 
7f26be0c8000-7f26be0cb000 ---p 00000000 00:00 0 
7f26be0cb000-7f26be4ca000 rw-p 00000000 00:00 0 
7f26be4ca000-7f26be4e1000 r-xp 00000000 08:12 11408418                   /usr/lib/jvm/java-8-openjdk-amd64/jre/lib/amd64/libnet.so
7f26be4e1000-7f26be6e0000 ---p 00017000 08:12 11408418                   /usr/lib/jvm/java-8-openjdk-amd64/jre/lib/amd64/libnet.so
7f26be6e0000-7f26be6e1000 r--p 00016000 08:12 11408418                   /usr/lib/jvm/java-8-openjdk-amd64/jre/lib/amd64/libnet.so
7f26be6e1000-7f26be6e2000 rw-p 00017000 08:12 11408418                   /usr/lib/jvm/java-8-openjdk-amd64/jre/lib/amd64/libnet.so
7f26be6e2000-7f26be6e5000 ---p 00000000 00:00 0 
7f26be6e5000-7f26be7e3000 rw-p 00000000 00:00 0 
7f26be7e3000-7f26be7e6000 ---p 00000000 00:00 0 
7f26be7e6000-7f26be8e4000 rw-p 00000000 00:00 0 
7f26be8e4000-7f26be8e7000 ---p 00000000 00:00 0 
7f26be8e7000-7f26be9e5000 rw-p 00000000 00:00 0 
7f26be9e5000-7f26bedee000 r--p 00000000 08:12 11274067                   /usr/lib/locale/locale-archive
7f26bedee000-7f26bedf1000 ---p 00000000 00:00 0 
7f26bedf1000-7f26beeef000 rw-p 00000000 00:00 0 
7f26beeef000-7f26beef2000 ---p 00000000 00:00 0 
7f26beef2000-7f26beff0000 rw-p 00000000 00:00 0 
7f26beff0000-7f26beff1000 ---p 00000000 00:00 0 
7f26beff1000-7f26c0000000 rw-p 00000000 00:00 0 
7f26c0000000-7f26c0021000 rw-p 00000000 00:00 0 
7f26c0021000-7f26c4000000 ---p 00000000 00:00 0 
7f26c4000000-7f26c4021000 rw-p 00000000 00:00 0 
7f26c4021000-7f26c8000000 ---p 00000000 00:00 0 
7f26c8000000-7f26c8021000 rw-p 00000000 00:00 0 
7f26c8021000-7f26cc000000 ---p 00000000 00:00 0 
7f26cc02c000-7f26cc030000 r--s 0009a000 08:12 11408462                   /usr/lib/jvm/java-8-openjdk-amd64/jre/lib/jsse.jar
7f26cc030000-7f26cc032000 r--s 0001a000 08:12 4587554                    /home/piotr/Development/Tools/idea-IU/lib/idea_rt.jar
7f26cc032000-7f26cc047000 r--s 001df000 08:12 6555624                    /home/piotr/.m2/repository/org/eclipse/swt/org.eclipse.swt.gtk.linux.x86_64/4.6.1/org.eclipse.swt.gtk.linux.x86_64-4.6.1.jar
7f26cc047000-7f26cc049000 r--s 002ab000 08:12 6555607                    /home/piotr/.m2/repository/org/lwjgl/lwjgl-assimp/3.1.2-SNAPSHOT/lwjgl-assimp-3.1.2-20170308.055744-20-natives-linux.jar
7f26cc049000-7f26cc04a000 r--s 00045000 08:12 6555603                    /home/piotr/.m2/repository/org/lwjgl/lwjgl-bgfx/3.1.2-SNAPSHOT/lwjgl-bgfx-3.1.2-20170308.055756-20-natives-linux.jar
7f26cc04a000-7f26cc04b000 r--s 0002d000 08:12 6555602                    /home/piotr/.m2/repository/org/lwjgl/lwjgl-stb/3.1.2-SNAPSHOT/lwjgl-stb-3.1.2-20170308.055740-20-natives-linux.jar
7f26cc04b000-7f26cc04c000 r--s 0000e000 08:12 6555600                    /home/piotr/.m2/repository/org/lwjgl/lwjgl-glfw/3.1.2-SNAPSHOT/lwjgl-glfw-3.1.2-20170308.055718-20-natives-linux.jar
7f26cc04c000-7f26cc04d000 r--s 00015000 08:12 6555598                    /home/piotr/.m2/repository/org/lwjgl/lwjgl-opengl/3.1.2-SNAPSHOT/lwjgl-opengl-3.1.2-20170308.055749-20-natives-linux.jar
7f26cc04d000-7f26cc050000 r--s 0002a000 08:12 6555596                    /home/piotr/.m2/repository/org/lwjgl/lwjgl-assimp/3.1.2-SNAPSHOT/lwjgl-assimp-3.1.2-20170308.055744-20.jar
7f26cc050000-7f26cc053000 r--s 0001f000 08:12 6555591                    /home/piotr/.m2/repository/org/lwjgl/lwjgl-bgfx/3.1.2-SNAPSHOT/lwjgl-bgfx-3.1.2-20170308.055756-20.jar
7f26cc053000-7f26cc055000 r--s 00013000 08:12 6555581                    /home/piotr/.m2/repository/org/lwjgl/lwjgl-stb/3.1.2-SNAPSHOT/lwjgl-stb-3.1.2-20170308.055740-20.jar
7f26cc055000-7f26cc05f000 r--s 000ac000 08:12 6555587                    /home/piotr/.m2/repository/org/lwjgl/lwjgl-opengl/3.1.2-SNAPSHOT/lwjgl-opengl-3.1.2-20170308.055749-20.jar
7f26cc05f000-7f26cc22d000 r--s 03c06000 08:12 11408467                   /usr/lib/jvm/java-8-openjdk-amd64/jre/lib/rt.jar
7f26cc22d000-7f26cc86d000 rw-p 00000000 00:00 0 
7f26cc86d000-7f26cca2d000 ---p 00000000 00:00 0 
7f26cca2d000-7f26cd000000 rw-p 00000000 00:00 0 
7f26cd000000-7f26cd270000 rwxp 00000000 00:00 0 
7f26cd270000-7f26dc000000 ---p 00000000 00:00 0 
7f26dc000000-7f26dc5e5000 rw-p 00000000 00:00 0 
7f26dc5e5000-7f26e0000000 ---p 00000000 00:00 0 
7f26e0000000-7f26e0001000 r--s 00012000 08:12 6555597                    /home/piotr/.m2/repository/org/lwjgl/lwjgl/3.1.2-SNAPSHOT/lwjgl-3.1.2-20170308.055728-20-natives-linux.jar
7f26e0001000-7f26e0004000 r--s 00015000 08:12 6555585                    /home/piotr/.m2/repository/org/lwjgl/lwjgl-glfw/3.1.2-SNAPSHOT/lwjgl-glfw-3.1.2-20170308.055718-20.jar
7f26e0004000-7f26e0012000 r--s 000e9000 08:12 6555589                    /home/piotr/.m2/repository/org/lwjgl/lwjgl-vulkan/3.1.2-SNAPSHOT/lwjgl-vulkan-3.1.2-20170308.055722-20.jar
7f26e0012000-7f26e0017000 r--s 0003e000 08:12 6555583                    /home/piotr/.m2/repository/org/lwjgl/lwjgl/3.1.2-SNAPSHOT/lwjgl-3.1.2-20170308.055728-20.jar
7f26e0017000-7f26e001b000 r--s 0008a000 08:12 6555623                    /home/piotr/.m2/repository/org/joml/joml/1.9.2/joml-1.9.2.jar
7f26e001b000-7f26e002e000 r--s 00346000 08:12 11408442                   /usr/lib/jvm/java-8-openjdk-amd64/jre/lib/resources.jar
7f26e002e000-7f26e002f000 r--s 00000000 08:12 11408402                   /usr/lib/jvm/java-8-openjdk-amd64/jre/lib/management-agent.jar
7f26e002f000-7f26e0033000 r--s 0009a000 08:12 11408462                   /usr/lib/jvm/java-8-openjdk-amd64/jre/lib/jsse.jar
7f26e0033000-7f26e0036000 r--s 00015000 08:12 11408463                   /usr/lib/jvm/java-8-openjdk-amd64/jre/lib/jce.jar
7f26e0036000-7f26e00f9000 rw-p 00000000 00:00 0 
7f26e00f9000-7f26e00fa000 ---p 00000000 00:00 0 
7f26e00fa000-7f26e01fa000 rw-p 00000000 00:00 0 
7f26e01fa000-7f26e01fb000 ---p 00000000 00:00 0 
7f26e01fb000-7f26e02fb000 rw-p 00000000 00:00 0 
7f26e02fb000-7f26e02fc000 ---p 00000000 00:00 0 
7f26e02fc000-7f26e03fc000 rw-p 00000000 00:00 0 
7f26e03fc000-7f26e03fd000 ---p 00000000 00:00 0 
7f26e03fd000-7f26e053c000 rw-p 00000000 00:00 0 
7f26e053c000-7f26e08df000 ---p 00000000 00:00 0 
7f26e08df000-7f26e091e000 rw-p 00000000 00:00 0 
7f26e091e000-7f26e0cc1000 ---p 00000000 00:00 0 
7f26e0cc1000-7f26e0ce1000 rw-p 00000000 00:00 0 
7f26e0ce1000-7f26e0eb2000 ---p 00000000 00:00 0 
7f26e0eb2000-7f26e0ebd000 rw-p 00000000 00:00 0 
7f26e0ebd000-7f26e1273000 ---p 00000000 00:00 0 
7f26e1273000-7f26e127b000 r-xp 00000000 08:12 11408416                   /usr/lib/jvm/java-8-openjdk-amd64/jre/lib/amd64/libzip.so
7f26e127b000-7f26e147a000 ---p 00008000 08:12 11408416                   /usr/lib/jvm/java-8-openjdk-amd64/jre/lib/amd64/libzip.so
7f26e147a000-7f26e147b000 r--p 00007000 08:12 11408416                   /usr/lib/jvm/java-8-openjdk-amd64/jre/lib/amd64/libzip.so
7f26e147b000-7f26e147c000 rw-p 00008000 08:12 11408416                   /usr/lib/jvm/java-8-openjdk-amd64/jre/lib/amd64/libzip.so
7f26e147c000-7f26e1487000 r-xp 00000000 08:12 4461439                    /lib/x86_64-linux-gnu/libnss_files-2.23.so
7f26e1487000-7f26e1686000 ---p 0000b000 08:12 4461439                    /lib/x86_64-linux-gnu/libnss_files-2.23.so
7f26e1686000-7f26e1687000 r--p 0000a000 08:12 4461439                    /lib/x86_64-linux-gnu/libnss_files-2.23.so
7f26e1687000-7f26e1688000 rw-p 0000b000 08:12 4461439                    /lib/x86_64-linux-gnu/libnss_files-2.23.so
7f26e1688000-7f26e168e000 rw-p 00000000 00:00 0 
7f26e168e000-7f26e1699000 r-xp 00000000 08:12 4461432                    /lib/x86_64-linux-gnu/libnss_nis-2.23.so
7f26e1699000-7f26e1898000 ---p 0000b000 08:12 4461432                    /lib/x86_64-linux-gnu/libnss_nis-2.23.so
7f26e1898000-7f26e1899000 r--p 0000a000 08:12 4461432                    /lib/x86_64-linux-gnu/libnss_nis-2.23.so
7f26e1899000-7f26e189a000 rw-p 0000b000 08:12 4461432                    /lib/x86_64-linux-gnu/libnss_nis-2.23.so
7f26e189a000-7f26e18b0000 r-xp 00000000 08:12 4461434                    /lib/x86_64-linux-gnu/libnsl-2.23.so
7f26e18b0000-7f26e1aaf000 ---p 00016000 08:12 4461434                    /lib/x86_64-linux-gnu/libnsl-2.23.so
7f26e1aaf000-7f26e1ab0000 r--p 00015000 08:12 4461434                    /lib/x86_64-linux-gnu/libnsl-2.23.so
7f26e1ab0000-7f26e1ab1000 rw-p 00016000 08:12 4461434                    /lib/x86_64-linux-gnu/libnsl-2.23.so
7f26e1ab1000-7f26e1ab3000 rw-p 00000000 00:00 0 
7f26e1ab3000-7f26e1abb000 r-xp 00000000 08:12 4461441                    /lib/x86_64-linux-gnu/libnss_compat-2.23.so
7f26e1abb000-7f26e1cba000 ---p 00008000 08:12 4461441                    /lib/x86_64-linux-gnu/libnss_compat-2.23.so
7f26e1cba000-7f26e1cbb000 r--p 00007000 08:12 4461441                    /lib/x86_64-linux-gnu/libnss_compat-2.23.so
7f26e1cbb000-7f26e1cbc000 rw-p 00008000 08:12 4461441                    /lib/x86_64-linux-gnu/libnss_compat-2.23.so
7f26e1cbc000-7f26e1cc6000 r-xp 00000000 08:12 11408411                   /usr/lib/jvm/java-8-openjdk-amd64/jre/lib/amd64/libinstrument.so
7f26e1cc6000-7f26e1ec5000 ---p 0000a000 08:12 11408411                   /usr/lib/jvm/java-8-openjdk-amd64/jre/lib/amd64/libinstrument.so
7f26e1ec5000-7f26e1ec6000 r--p 00009000 08:12 11408411                   /usr/lib/jvm/java-8-openjdk-amd64/jre/lib/amd64/libinstrument.so
7f26e1ec6000-7f26e1ec7000 rw-p 0000a000 08:12 11408411                   /usr/lib/jvm/java-8-openjdk-amd64/jre/lib/amd64/libinstrument.so
7f26e1ec7000-7f26e1ef4000 r-xp 00000000 08:12 11408441                   /usr/lib/jvm/java-8-openjdk-amd64/jre/lib/amd64/libjava.so
7f26e1ef4000-7f26e20f3000 ---p 0002d000 08:12 11408441                   /usr/lib/jvm/java-8-openjdk-amd64/jre/lib/amd64/libjava.so
7f26e20f3000-7f26e20f4000 r--p 0002c000 08:12 11408441                   /usr/lib/jvm/java-8-openjdk-amd64/jre/lib/amd64/libjava.so
7f26e20f4000-7f26e20f6000 rw-p 0002d000 08:12 11408441                   /usr/lib/jvm/java-8-openjdk-amd64/jre/lib/amd64/libjava.so
7f26e20f6000-7f26e2105000 r-xp 00000000 08:12 11408409                   /usr/lib/jvm/java-8-openjdk-amd64/jre/lib/amd64/libverify.so
7f26e2105000-7f26e2304000 ---p 0000f000 08:12 11408409                   /usr/lib/jvm/java-8-openjdk-amd64/jre/lib/amd64/libverify.so
7f26e2304000-7f26e2306000 r--p 0000e000 08:12 11408409                   /usr/lib/jvm/java-8-openjdk-amd64/jre/lib/amd64/libverify.so
7f26e2306000-7f26e2307000 rw-p 00010000 08:12 11408409                   /usr/lib/jvm/java-8-openjdk-amd64/jre/lib/amd64/libverify.so
7f26e2307000-7f26e230e000 r-xp 00000000 08:12 4461442                    /lib/x86_64-linux-gnu/librt-2.23.so
7f26e230e000-7f26e250d000 ---p 00007000 08:12 4461442                    /lib/x86_64-linux-gnu/librt-2.23.so
7f26e250d000-7f26e250e000 r--p 00006000 08:12 4461442                    /lib/x86_64-linux-gnu/librt-2.23.so
7f26e250e000-7f26e250f000 rw-p 00007000 08:12 4461442                    /lib/x86_64-linux-gnu/librt-2.23.so
7f26e250f000-7f26e2525000 r-xp 00000000 08:12 4460969                    /lib/x86_64-linux-gnu/libgcc_s.so.1
7f26e2525000-7f26e2724000 ---p 00016000 08:12 4460969                    /lib/x86_64-linux-gnu/libgcc_s.so.1
7f26e2724000-7f26e2725000 rw-p 00015000 08:12 4460969                    /lib/x86_64-linux-gnu/libgcc_s.so.1
7f26e2725000-7f26e282d000 r-xp 00000000 08:12 4461433                    /lib/x86_64-linux-gnu/libm-2.23.so
7f26e282d000-7f26e2a2c000 ---p 00108000 08:12 4461433                    /lib/x86_64-linux-gnu/libm-2.23.so
7f26e2a2c000-7f26e2a2d000 r--p 00107000 08:12 4461433                    /lib/x86_64-linux-gnu/libm-2.23.so
7f26e2a2d000-7f26e2a2e000 rw-p 00108000 08:12 4461433                    /lib/x86_64-linux-gnu/libm-2.23.so
7f26e2a2e000-7f26e2ba0000 r-xp 00000000 08:12 11275425                   /usr/lib/x86_64-linux-gnu/libstdc++.so.6.0.21
7f26e2ba0000-7f26e2da0000 ---p 00172000 08:12 11275425                   /usr/lib/x86_64-linux-gnu/libstdc++.so.6.0.21
7f26e2da0000-7f26e2daa000 r--p 00172000 08:12 11275425                   /usr/lib/x86_64-linux-gnu/libstdc++.so.6.0.21
7f26e2daa000-7f26e2dac000 rw-p 0017c000 08:12 11275425                   /usr/lib/x86_64-linux-gnu/libstdc++.so.6.0.21
7f26e2dac000-7f26e2db0000 rw-p 00000000 00:00 0 
7f26e2db0000-7f26e3a00000 r-xp 00000000 08:12 11408436                   /usr/lib/jvm/java-8-openjdk-amd64/jre/lib/amd64/server/libjvm.so
7f26e3a00000-7f26e3bff000 ---p 00c50000 08:12 11408436                   /usr/lib/jvm/java-8-openjdk-amd64/jre/lib/amd64/server/libjvm.so
7f26e3bff000-7f26e3c92000 r--p 00c4f000 08:12 11408436                   /usr/lib/jvm/java-8-openjdk-amd64/jre/lib/amd64/server/libjvm.so
7f26e3c92000-7f26e3cbb000 rw-p 00ce2000 08:12 11408436                   /usr/lib/jvm/java-8-openjdk-amd64/jre/lib/amd64/server/libjvm.so
7f26e3cbb000-7f26e3ceb000 rw-p 00000000 00:00 0 
7f26e3ceb000-7f26e3d03000 r-xp 00000000 08:12 4461446                    /lib/x86_64-linux-gnu/libpthread-2.23.so
7f26e3d03000-7f26e3f02000 ---p 00018000 08:12 4461446                    /lib/x86_64-linux-gnu/libpthread-2.23.so
7f26e3f02000-7f26e3f03000 r--p 00017000 08:12 4461446                    /lib/x86_64-linux-gnu/libpthread-2.23.so
7f26e3f03000-7f26e3f04000 rw-p 00018000 08:12 4461446                    /lib/x86_64-linux-gnu/libpthread-2.23.so
7f26e3f04000-7f26e3f08000 rw-p 00000000 00:00 0 
7f26e3f08000-7f26e3f0b000 r-xp 00000000 08:12 4461431                    /lib/x86_64-linux-gnu/libdl-2.23.so
7f26e3f0b000-7f26e410a000 ---p 00003000 08:12 4461431                    /lib/x86_64-linux-gnu/libdl-2.23.so
7f26e410a000-7f26e410b000 r--p 00002000 08:12 4461431                    /lib/x86_64-linux-gnu/libdl-2.23.so
7f26e410b000-7f26e410c000 rw-p 00003000 08:12 4461431                    /lib/x86_64-linux-gnu/libdl-2.23.so
7f26e410c000-7f26e4125000 r-xp 00000000 08:12 4461122                    /lib/x86_64-linux-gnu/libz.so.1.2.8
7f26e4125000-7f26e4324000 ---p 00019000 08:12 4461122                    /lib/x86_64-linux-gnu/libz.so.1.2.8
7f26e4324000-7f26e4325000 r--p 00018000 08:12 4461122                    /lib/x86_64-linux-gnu/libz.so.1.2.8
7f26e4325000-7f26e4326000 rw-p 00019000 08:12 4461122                    /lib/x86_64-linux-gnu/libz.so.1.2.8
7f26e4326000-7f26e44e5000 r-xp 00000000 08:12 4461435                    /lib/x86_64-linux-gnu/libc-2.23.so
7f26e44e5000-7f26e46e5000 ---p 001bf000 08:12 4461435                    /lib/x86_64-linux-gnu/libc-2.23.so
7f26e46e5000-7f26e46e9000 r--p 001bf000 08:12 4461435                    /lib/x86_64-linux-gnu/libc-2.23.so
7f26e46e9000-7f26e46eb000 rw-p 001c3000 08:12 4461435                    /lib/x86_64-linux-gnu/libc-2.23.so
7f26e46eb000-7f26e46ef000 rw-p 00000000 00:00 0 
7f26e46ef000-7f26e46fc000 r-xp 00000000 08:12 11408431                   /usr/lib/jvm/java-8-openjdk-amd64/jre/lib/amd64/jli/libjli.so
7f26e46fc000-7f26e48fc000 ---p 0000d000 08:12 11408431                   /usr/lib/jvm/java-8-openjdk-amd64/jre/lib/amd64/jli/libjli.so
7f26e48fc000-7f26e48fd000 r--p 0000d000 08:12 11408431                   /usr/lib/jvm/java-8-openjdk-amd64/jre/lib/amd64/jli/libjli.so
7f26e48fd000-7f26e48fe000 rw-p 0000e000 08:12 11408431                   /usr/lib/jvm/java-8-openjdk-amd64/jre/lib/amd64/jli/libjli.so
7f26e48fe000-7f26e4924000 r-xp 00000000 08:12 4461436                    /lib/x86_64-linux-gnu/ld-2.23.so
7f26e4924000-7f26e4929000 r--s 002f9000 08:12 11408465                   /usr/lib/jvm/java-8-openjdk-amd64/jre/lib/charsets.jar
7f26e4929000-7f26e492a000 r--s 0000a000 08:12 11408460                   /usr/lib/jvm/java-8-openjdk-amd64/jre/lib/ext/jaccess.jar
7f26e492a000-7f26e4945000 r--s 00394000 08:12 11408455                   /usr/lib/jvm/java-8-openjdk-amd64/jre/lib/ext/cldrdata.jar
7f26e4945000-7f26e4947000 r--s 00001000 08:12 11408453                   /usr/lib/jvm/java-8-openjdk-amd64/jre/lib/ext/dnsns.jar
7f26e4947000-7f26e494c000 r--s 0003b000 08:12 11408459                   /usr/lib/jvm/java-8-openjdk-amd64/jre/lib/ext/sunjce_provider.jar
7f26e494c000-7f26e4967000 r--s 001d6000 08:12 11408452                   /usr/lib/jvm/java-8-openjdk-amd64/jre/lib/ext/nashorn.jar
7f26e4967000-7f26e49fd000 rw-p 00000000 00:00 0 
7f26e49fd000-7f26e4a00000 ---p 00000000 00:00 0 
7f26e4a00000-7f26e4b03000 rw-p 00000000 00:00 0 
7f26e4b03000-7f26e4b06000 r--s 0000f000 08:12 11408454                   /usr/lib/jvm/java-8-openjdk-amd64/jre/lib/ext/icedtea-sound.jar
7f26e4b06000-7f26e4b08000 r--s 00008000 08:12 11408451                   /usr/lib/jvm/java-8-openjdk-amd64/jre/lib/ext/sunec.jar
7f26e4b08000-7f26e4b12000 r--s 00116000 08:12 11408458                   /usr/lib/jvm/java-8-openjdk-amd64/jre/lib/ext/localedata.jar
7f26e4b12000-7f26e4b16000 r--s 00037000 08:12 11408457                   /usr/lib/jvm/java-8-openjdk-amd64/jre/lib/ext/sunpkcs11.jar
7f26e4b16000-7f26e4b17000 r--s 00010000 08:12 11408456                   /usr/lib/jvm/java-8-openjdk-amd64/jre/lib/ext/zipfs.jar
7f26e4b17000-7f26e4b1f000 rw-s 00000000 08:12 7210349                    /tmp/hsperfdata_piotr/5471
7f26e4b1f000-7f26e4b20000 rw-p 00000000 00:00 0 
7f26e4b20000-7f26e4b21000 r--p 00000000 00:00 0 
7f26e4b21000-7f26e4b23000 rw-p 00000000 00:00 0 
7f26e4b23000-7f26e4b24000 r--p 00025000 08:12 4461436                    /lib/x86_64-linux-gnu/ld-2.23.so
7f26e4b24000-7f26e4b25000 rw-p 00026000 08:12 4461436                    /lib/x86_64-linux-gnu/ld-2.23.so
7f26e4b25000-7f26e4b26000 rw-p 00000000 00:00 0 
7ffe21398000-7ffe213ba000 rw-p 00000000 00:00 0                          [stack]
7ffe213f2000-7ffe213f4000 r--p 00000000 00:00 0                          [vvar]
7ffe213f4000-7ffe213f6000 r-xp 00000000 00:00 0                          [vdso]
ffffffffff600000-ffffffffff601000 r-xp 00000000 00:00 0                  [vsyscall]

VM Arguments:
jvm_args: -Dvisualvm.id=5912013797818 -javaagent:/home/piotr/Development/Tools/idea-IU/lib/idea_rt.jar=35229:/home/piotr/Development/Tools/idea-IU/bin -Dfile.encoding=UTF-8 
java_command: pl.lodz.p.pag.weglewski.LineSimulation
java_class_path (initial): /usr/lib/jvm/java-8-openjdk-amd64/jre/lib/charsets.jar:/usr/lib/jvm/java-8-openjdk-amd64/jre/lib/ext/cldrdata.jar:/usr/lib/jvm/java-8-openjdk-amd64/jre/lib/ext/dnsns.jar:/usr/lib/jvm/java-8-openjdk-amd64/jre/lib/ext/icedtea-sound.jar:/usr/lib/jvm/java-8-openjdk-amd64/jre/lib/ext/jaccess.jar:/usr/lib/jvm/java-8-openjdk-amd64/jre/lib/ext/localedata.jar:/usr/lib/jvm/java-8-openjdk-amd64/jre/lib/ext/nashorn.jar:/usr/lib/jvm/java-8-openjdk-amd64/jre/lib/ext/sunec.jar:/usr/lib/jvm/java-8-openjdk-amd64/jre/lib/ext/sunjce_provider.jar:/usr/lib/jvm/java-8-openjdk-amd64/jre/lib/ext/sunpkcs11.jar:/usr/lib/jvm/java-8-openjdk-amd64/jre/lib/ext/zipfs.jar:/usr/lib/jvm/java-8-openjdk-amd64/jre/lib/jce.jar:/usr/lib/jvm/java-8-openjdk-amd64/jre/lib/jsse.jar:/usr/lib/jvm/java-8-openjdk-amd64/jre/lib/management-agent.jar:/usr/lib/jvm/java-8-openjdk-amd64/jre/lib/resources.jar:/usr/lib/jvm/java-8-openjdk-amd64/jre/lib/rt.jar:/home/piotr/Development/Projects/Line simulation/target/classes:/home/piotr/.m2/repository/org/joml/joml/1.9.2/joml-1.9.2.jar:/home/piotr/.m2/repository/org/lwjgl/lwjgl/3.1.2-SNAPSHOT/lwjgl-3.1.2-20170308.055728-20.jar:/home/piotr/.m2/repository/org/lwjgl/lwjgl-vulkan/3.1.2-SNAPSHOT/lwjgl-vulkan-3.1.2-20170308.055722-20.jar:/home/piotr/.m2/repository/org/lwjgl/lwjgl-glfw/3.1.2-SNAPSHOT/lwjgl-glfw-3.1.2-20170308.055718-20.jar:/home/piotr/.m2/repository/org/lwjgl/lwjgl-opengl/3.1.2-SNAPSHOT/lwjgl-opengl-3.1.2-20170308.055749-20.jar:/home/piotr/.m2/repository/org/lwjgl/lwjgl-stb/3.1.2-SNAPSHOT/lwjgl-stb-3.1.2-20170308.055740-20.jar:/home/piotr/.m2/repository/org/lwjgl/lwjgl-bgfx/3.1.2-SNAPSHOT/lwjgl-bgfx-3.1.2-20170308.055756-20.jar:/home/piotr/.m2/repository/org/lwjgl/lwjgl-assimp/3.1.2-SNAPSHOT/lwjgl-assimp-3.1.2-20170308.055744-20.jar:/home/piotr/.m2/repository/org/lwjgl/lwjgl/3.1.2-SNAPSHOT/lwjgl-3.1.2-20170308.055728-20-natives-linux.jar:/home/piotr/.m2/repository/org/lwjgl/lwjgl-opengl/3.1.2-SNAPSHOT/lwjgl-opengl-3.1.2-20170308.055749
Launcher Type: SUN_STANDARD

Environment Variables:
JAVA_HOME=/usr/lib/jvm/java-8-oracle
PATH=/home/piotr/bin:/home/piotr/.local/bin:/usr/local/sbin:/usr/local/bin:/usr/sbin:/usr/bin:/sbin:/bin:/usr/games:/usr/local/games:/snap/bin:/usr/lib/jvm/java-8-oracle/bin:/usr/lib/jvm/java-8-oracle/db/bin:/usr/lib/jvm/java-8-oracle/jre/bin
LD_LIBRARY_PATH=/home/piotr/Development/Tools/idea-IU/bin:
SHELL=/bin/bash
DISPLAY=:0

Signal Handlers:
SIGSEGV: [libjvm.so+0xa66fd0], sa_mask[0]=11111111011111111101111111111110, sa_flags=SA_RESTART|SA_SIGINFO
SIGBUS: [libjvm.so+0xa66fd0], sa_mask[0]=11111111011111111101111111111110, sa_flags=SA_RESTART|SA_SIGINFO
SIGFPE: [libjvm.so+0x8b0180], sa_mask[0]=11111111011111111101111111111110, sa_flags=SA_RESTART|SA_SIGINFO
SIGPIPE: [libjvm.so+0x8b0180], sa_mask[0]=11111111011111111101111111111110, sa_flags=SA_RESTART|SA_SIGINFO
SIGXFSZ: [libjvm.so+0x8b0180], sa_mask[0]=11111111011111111101111111111110, sa_flags=SA_RESTART|SA_SIGINFO
SIGILL: [libjvm.so+0x8b0180], sa_mask[0]=11111111011111111101111111111110, sa_flags=SA_RESTART|SA_SIGINFO
SIGUSR1: SIG_DFL, sa_mask[0]=00000000000000000000000000000000, sa_flags=none
SIGUSR2: [libjvm.so+0x8b0030], sa_mask[0]=00100000000000000000000000000000, sa_flags=SA_RESTART|SA_SIGINFO
SIGHUP: [libjvm.so+0x8b0500], sa_mask[0]=11111111011111111101111111111110, sa_flags=SA_RESTART|SA_SIGINFO
SIGINT: [libjvm.so+0x8b0500], sa_mask[0]=11111111011111111101111111111110, sa_flags=SA_RESTART|SA_SIGINFO
SIGTERM: [libjvm.so+0x8b0500], sa_mask[0]=11111111011111111101111111111110, sa_flags=SA_RESTART|SA_SIGINFO
SIGQUIT: [libjvm.so+0x8b0500], sa_mask[0]=11111111011111111101111111111110, sa_flags=SA_RESTART|SA_SIGINFO


---------------  S Y S T E M  ---------------

OS:DISTRIB_ID=Ubuntu
DISTRIB_RELEASE=16.04
DISTRIB_CODENAME=xenial
DISTRIB_DESCRIPTION="Ubuntu 16.04.2 LTS"

uname:Linux 4.4.0-75-generic #96-Ubuntu SMP Thu Apr 20 09:56:33 UTC 2017 x86_64
libc:glibc 2.23 NPTL 2.23 
rlimit: STACK 8192k, CORE 0k, NPROC 47101, NOFILE 65536, AS infinity
load average:2,20 1,29 0,64

/proc/meminfo:
MemTotal:       12207348 kB
MemFree:         7404324 kB
MemAvailable:    8730852 kB
Buffers:          108920 kB
Cached:          1788908 kB
SwapCached:            0 kB
Active:          3374516 kB
Inactive:        1166344 kB
Active(anon):    2648184 kB
Inactive(anon):   374748 kB
Active(file):     726332 kB
Inactive(file):   791596 kB
Unevictable:         120 kB
Mlocked:             120 kB
SwapTotal:      12485628 kB
SwapFree:       12485628 kB
Dirty:              2660 kB
Writeback:             0 kB
AnonPages:       2643308 kB
Mapped:           565360 kB
Shmem:            379904 kB
Slab:             130040 kB
SReclaimable:      88224 kB
SUnreclaim:        41816 kB
KernelStack:       10864 kB
PageTables:        48984 kB
NFS_Unstable:          0 kB
Bounce:                0 kB
WritebackTmp:          0 kB
CommitLimit:    18589300 kB
Committed_AS:    7854776 kB
VmallocTotal:   34359738367 kB
VmallocUsed:           0 kB
VmallocChunk:          0 kB
HardwareCorrupted:     0 kB
AnonHugePages:   1656832 kB
CmaTotal:              0 kB
CmaFree:               0 kB
HugePages_Total:       0
HugePages_Free:        0
HugePages_Rsvd:        0
HugePages_Surp:        0
Hugepagesize:       2048 kB
DirectMap4k:      134980 kB
DirectMap2M:     6060032 kB
DirectMap1G:     7340032 kB


CPU:total 4 (2 cores per cpu, 2 threads per core) family 6 model 69 stepping 1, cmov, cx8, fxsr, mmx, sse, sse2, sse3, ssse3, sse4.1, sse4.2, popcnt, avx, avx2, aes, clmul, erms, lzcnt, ht, tsc, tscinvbit, bmi1, bmi2

/proc/cpuinfo:
processor	: 0
vendor_id	: GenuineIntel
cpu family	: 6
model		: 69
model name	: Intel(R) Core(TM) i5-4300U CPU @ 1.90GHz
stepping	: 1
microcode	: 0x1d
cpu MHz		: 2500.000
cache size	: 3072 KB
physical id	: 0
siblings	: 4
core id		: 0
cpu cores	: 2
apicid		: 0
initial apicid	: 0
fpu		: yes
fpu_exception	: yes
cpuid level	: 13
wp		: yes
flags		: fpu vme de pse tsc msr pae mce cx8 apic sep mtrr pge mca cmov pat pse36 clflush dts acpi mmx fxsr sse sse2 ss ht tm pbe syscall nx pdpe1gb rdtscp lm constant_tsc arch_perfmon pebs bts rep_good nopl xtopology nonstop_tsc aperfmperf eagerfpu pni pclmulqdq dtes64 monitor ds_cpl vmx smx est tm2 ssse3 sdbg fma cx16 xtpr pdcm pcid sse4_1 sse4_2 x2apic movbe popcnt tsc_deadline_timer aes xsave avx f16c rdrand lahf_lm abm epb tpr_shadow vnmi flexpriority ept vpid fsgsbase tsc_adjust bmi1 avx2 smep bmi2 erms invpcid xsaveopt dtherm ida arat pln pts
bugs		:
bogomips	: 4988.35
clflush size	: 64
cache_alignment	: 64
address sizes	: 39 bits physical, 48 bits virtual
power management:

processor	: 1
vendor_id	: GenuineIntel
cpu family	: 6
model		: 69
model name	: Intel(R) Core(TM) i5-4300U CPU @ 1.90GHz
stepping	: 1
microcode	: 0x1d
cpu MHz		: 2500.000
cache size	: 3072 KB
physical id	: 0
siblings	: 4
core id		: 1
cpu cores	: 2
apicid		: 2
initial apicid	: 2
fpu		: yes
fpu_exception	: yes
cpuid level	: 13
wp		: yes
flags		: fpu vme de pse tsc msr pae mce cx8 apic sep mtrr pge mca cmov pat pse36 clflush dts acpi mmx fxsr sse sse2 ss ht tm pbe syscall nx pdpe1gb rdtscp lm constant_tsc arch_perfmon pebs bts rep_good nopl xtopology nonstop_tsc aperfmperf eagerfpu pni pclmulqdq dtes64 monitor ds_cpl vmx smx est tm2 ssse3 sdbg fma cx16 xtpr pdcm pcid sse4_1 sse4_2 x2apic movbe popcnt tsc_deadline_timer aes xsave avx f16c rdrand lahf_lm abm epb tpr_shadow vnmi flexpriority ept vpid fsgsbase tsc_adjust bmi1 avx2 smep bmi2 erms invpcid xsaveopt dtherm ida arat pln pts
bugs		:
bogomips	: 4988.35
clflush size	: 64
cache_alignment	: 64
address sizes	: 39 bits physical, 48 bits virtual
power management:

processor	: 2
vendor_id	: GenuineIntel
cpu family	: 6
model		: 69
model name	: Intel(R) Core(TM) i5-4300U CPU @ 1.90GHz
stepping	: 1
microcode	: 0x1d
cpu MHz		: 2500.000
cache size	: 3072 KB
physical id	: 0
siblings	: 4
core id		: 0
cpu cores	: 2
apicid		: 1
initial apicid	: 1
fpu		: yes
fpu_exception	: yes
cpuid level	: 13
wp		: yes
flags		: fpu vme de pse tsc msr pae mce cx8 apic sep mtrr pge mca cmov pat pse36 clflush dts acpi mmx fxsr sse sse2 ss ht tm pbe syscall nx pdpe1gb rdtscp lm constant_tsc arch_perfmon pebs bts rep_good nopl xtopology nonstop_tsc aperfmperf eagerfpu pni pclmulqdq dtes64 monitor ds_cpl vmx smx est tm2 ssse3 sdbg fma cx16 xtpr pdcm pcid sse4_1 sse4_2 x2apic movbe popcnt tsc_deadline_timer aes xsave avx f16c rdrand lahf_lm abm epb tpr_shadow vnmi flexpriority ept vpid fsgsbase tsc_adjust bmi1 avx2 smep bmi2 erms invpcid xsaveopt dtherm ida arat pln pts
bugs		:
bogomips	: 4988.35
clflush size	: 64
cache_alignment	: 64
address sizes	: 39 bits physical, 48 bits virtual
power management:

processor	: 3
vendor_id	: GenuineIntel
cpu family	: 6
model		: 69
model name	: Intel(R) Core(TM) i5-4300U CPU @ 1.90GHz
stepping	: 1
microcode	: 0x1d
cpu MHz		: 2500.000
cache size	: 3072 KB
physical id	: 0
siblings	: 4
core id		: 1
cpu cores	: 2
apicid		: 3
initial apicid	: 3
fpu		: yes
fpu_exception	: yes
cpuid level	: 13
wp		: yes
flags		: fpu vme de pse tsc msr pae mce cx8 apic sep mtrr pge mca cmov pat pse36 clflush dts acpi mmx fxsr sse sse2 ss ht tm pbe syscall nx pdpe1gb rdtscp lm constant_tsc arch_perfmon pebs bts rep_good nopl xtopology nonstop_tsc aperfmperf eagerfpu pni pclmulqdq dtes64 monitor ds_cpl vmx smx est tm2 ssse3 sdbg fma cx16 xtpr pdcm pcid sse4_1 sse4_2 x2apic movbe popcnt tsc_deadline_timer aes xsave avx f16c rdrand lahf_lm abm epb tpr_shadow vnmi flexpriority ept vpid fsgsbase tsc_adjust bmi1 avx2 smep bmi2 erms invpcid xsaveopt dtherm ida arat pln pts
bugs		:
bogomips	: 4988.35
clflush size	: 64
cache_alignment	: 64
address sizes	: 39 bits physical, 48 bits virtual
power management:



Memory: 4k page, physical 12207348k(7404324k free), swap 12485628k(12485628k free)

vm_info: OpenJDK 64-Bit Server VM (25.121-b13) for linux-amd64 JRE (1.8.0_121-8u121-b13-0ubuntu1.16.04.2-b13), built on Jan 23 2017 15:51:29 by "buildd" with gcc 5.4.0 20160609

time: Thu May  4 20:46:49 2017
elapsed time: 0 seconds (0d 0h 0m 0s)

