#
# A fatal error has been detected by the Java Runtime Environment:
#
#  SIGSEGV (0xb) at pc=0x00007f687b5da8dc, pid=5283, tid=0x00007f68da634700
#
# JRE version: OpenJDK Runtime Environment (8.0_121-b13) (build 1.8.0_121-8u121-b13-0ubuntu1.16.04.2-b13)
# Java VM: OpenJDK 64-Bit Server VM (25.121-b13 mixed mode linux-amd64 compressed oops)
# Problematic frame:
# C  [liblwjgl_opengl.so+0x468dc]  Java_org_lwjgl_opengl_GL30_nglGenVertexArrays__IJ+0xc
#
# Failed to write core dump. Core dumps have been disabled. To enable core dumping, try "ulimit -c unlimited" before starting Java again
#
# If you would like to submit a bug report, please visit:
#   http://bugreport.java.com/bugreport/crash.jsp
# The crash happened outside the Java Virtual Machine in native code.
# See problematic frame for where to report the bug.
#

---------------  T H R E A D  ---------------

Current thread (0x00007f68d400c000):  JavaThread "main" [_thread_in_native, id=5284, stack(0x00007f68da534000,0x00007f68da635000)]

siginfo: si_signo: 11 (SIGSEGV), si_code: 1 (SEGV_MAPERR), si_addr: 0x0000000000000f18

Registers:
RAX=0x0000000000000000, RBX=0x00007f68c2475608, RCX=0x00007f68d439204c, RDX=0x0000000000000001
RSP=0x00007f68da633768, RBP=0x00007f68da6337c8, RSI=0x00007f68d439204c, RDI=0x0000000000000001
R8 =0x00007f68c2475608, R9 =0x0000000000000004, R10=0x00007f68c3d7b748, R11=0x00007f68d92419e0
R12=0x0000000000000000, R13=0x00007f68c2475608, R14=0x00007f68da6337f8, R15=0x00007f68d400c000
RIP=0x00007f687b5da8dc, EFLAGS=0x0000000000010287, CSGSFS=0xffff000000000033, ERR=0x0000000000000004
  TRAPNO=0x000000000000000e

Top of Stack: (sp=0x00007f68da633768)
0x00007f68da633768:   00007f68c3d7b774 00007f68da6337c8
0x00007f68da633778:   00007f68c3d7b507 00007f68c3d7b4c2
0x00007f68da633788:   00007f68da633788 00007f68c2475608
0x00007f68da633798:   00007f68da6337f8 00007f68c2477a48
0x00007f68da6337a8:   0000000000000000 00007f68c2475608
0x00007f68da6337b8:   0000000000000000 00007f68da6337e8
0x00007f68da6337c8:   00007f68da633840 00007f68c3d6bffd
0x00007f68da6337d8:   0000000782ac56f0 00007f68c3d75278
0x00007f68da6337e8:   00007f68d439204c 0000000782b1f8f8
0x00007f68da6337f8:   0000000000000001 00007f68da633800
0x00007f68da633808:   00007f68c247575c 00007f68da633870
0x00007f68da633818:   00007f68c2477a48 0000000000000000
0x00007f68da633828:   00007f68c24757c0 00007f68da6337e8
0x00007f68da633838:   00007f68da633878 00007f68da6338c0
0x00007f68da633848:   00007f68c3d6ba40 0000000000000000
0x00007f68da633858:   0000000000000000 0000000782b1f8f8
0x00007f68da633868:   0000000000010000 0000000782740c20
0x00007f68da633878:   0000000781fa2f80 00007f68da633880
0x00007f68da633888:   00007f68c221b8e1 00007f68da6338d8
0x00007f68da633898:   00007f68c22261a0 0000000000000000
0x00007f68da6338a8:   00007f68c221b9d8 00007f68da633878
0x00007f68da6338b8:   00007f68da6338d8 00007f68da633920
0x00007f68da6338c8:   00007f68c3d6ba40 0000000000000000
0x00007f68da6338d8:   0000000781fa2f80 00007f68da6338e0
0x00007f68da6338e8:   00007f68c221b642 00007f68da633968
0x00007f68da6338f8:   00007f68c22261a0 0000000000000000
0x00007f68da633908:   00007f68c221b6e0 00007f68da6338d8
0x00007f68da633918:   00007f68da633968 00007f68da6339b0
0x00007f68da633928:   00007f68c3d6bffd 0000000000000000
0x00007f68da633938:   0000000000000000 0000000782a7b1a8
0x00007f68da633948:   0000000782a627e0 0000000782a627a8
0x00007f68da633958:   0000000000000000 0000000782740c20 

Instructions: (pc=0x00007f687b5da8dc)
0x00007f687b5da8bc:   c0 1b 00 00 ff e0 66 66 66 66 66 2e 0f 1f 84 00
0x00007f687b5da8cc:   00 00 00 00 48 8b 07 48 89 ce 89 d7 48 8b 40 18
0x00007f687b5da8dc:   48 8b 80 18 0f 00 00 ff e0 66 66 2e 0f 1f 84 00
0x00007f687b5da8ec:   00 00 00 00 48 8b 07 48 89 ce 89 d7 48 8b 40 18 

Register to memory mapping:

RAX=0x0000000000000000 is an unknown value
RBX={method} {0x00007f68c2475608} 'nglGenVertexArrays' '(IJ)V' in 'org/lwjgl/opengl/GL30'
RCX=0x00007f68d439204c is an unknown value
RDX=0x0000000000000001 is an unknown value
RSP=0x00007f68da633768 is pointing into the stack for thread: 0x00007f68d400c000
RBP=0x00007f68da6337c8 is pointing into the stack for thread: 0x00007f68d400c000
RSI=0x00007f68d439204c is an unknown value
RDI=0x0000000000000001 is an unknown value
R8 ={method} {0x00007f68c2475608} 'nglGenVertexArrays' '(IJ)V' in 'org/lwjgl/opengl/GL30'
R9 =0x0000000000000004 is an unknown value
R10=0x00007f68c3d7b748 is at code_begin+808 in an Interpreter codelet
method entry point (kind = native)  [0x00007f68c3d7b420, 0x00007f68c3d7bd20]  2304 bytes
R11=0x00007f68d92419e0: <offset 0x95a9e0> in /usr/lib/jvm/java-8-openjdk-amd64/jre/lib/amd64/server/libjvm.so at 0x00007f68d88e7000
R12=0x0000000000000000 is an unknown value
R13={method} {0x00007f68c2475608} 'nglGenVertexArrays' '(IJ)V' in 'org/lwjgl/opengl/GL30'
R14=0x00007f68da6337f8 is pointing into the stack for thread: 0x00007f68d400c000
R15=0x00007f68d400c000 is a thread


Stack: [0x00007f68da534000,0x00007f68da635000],  sp=0x00007f68da633768,  free space=1021k
Native frames: (J=compiled Java code, j=interpreted, Vv=VM code, C=native code)
C  [liblwjgl_opengl.so+0x468dc]  Java_org_lwjgl_opengl_GL30_nglGenVertexArrays__IJ+0xc
j  org.lwjgl.opengl.GL30.glGenVertexArrays()I+20
j  pl.lodz.p.pag.weglewski.LineSimulation.loadContent()I+1
j  pl.lodz.p.pag.weglewski.LineSimulation.init()V+258
j  pl.lodz.p.pag.weglewski.LineSimulation.run()V+33
j  pl.lodz.p.pag.weglewski.LineSimulation.main([Ljava/lang/String;)V+7
v  ~StubRoutines::call_stub
V  [libjvm.so+0x66161b]
V  [libjvm.so+0x68335e]
V  [libjvm.so+0x685c8f]
C  [libjli.so+0x3552]
C  [libjli.so+0x73dd]
C  [libpthread.so.0+0x76ba]  start_thread+0xca

Java frames: (J=compiled Java code, j=interpreted, Vv=VM code)
j  org.lwjgl.opengl.GL30.nglGenVertexArrays(IJ)V+0
j  org.lwjgl.opengl.GL30.glGenVertexArrays()I+20
j  pl.lodz.p.pag.weglewski.LineSimulation.loadContent()I+1
j  pl.lodz.p.pag.weglewski.LineSimulation.init()V+258
j  pl.lodz.p.pag.weglewski.LineSimulation.run()V+33
j  pl.lodz.p.pag.weglewski.LineSimulation.main([Ljava/lang/String;)V+7
v  ~StubRoutines::call_stub

---------------  P R O C E S S  ---------------

Java Threads: ( => current thread )
  0x00007f68d42b6800 JavaThread "Service Thread" daemon [_thread_blocked, id=5310, stack(0x00007f68adccc000,0x00007f68addcd000)]
  0x00007f68d42b3800 JavaThread "C1 CompilerThread2" daemon [_thread_in_native, id=5309, stack(0x00007f68addcd000,0x00007f68adece000)]
  0x00007f68d42b1000 JavaThread "C2 CompilerThread1" daemon [_thread_in_native, id=5308, stack(0x00007f68adece000,0x00007f68adfcf000)]
  0x00007f68d42af800 JavaThread "C2 CompilerThread0" daemon [_thread_in_native, id=5307, stack(0x00007f68c0249000,0x00007f68c034a000)]
  0x00007f68d429d000 JavaThread "Monitor Ctrl-Break" daemon [_thread_in_native, id=5306, stack(0x00007f68c034a000,0x00007f68c044b000)]
  0x00007f68d4175800 JavaThread "Signal Dispatcher" daemon [_thread_blocked, id=5305, stack(0x00007f68c046a000,0x00007f68c056b000)]
  0x00007f68d414d000 JavaThread "Finalizer" daemon [_thread_blocked, id=5296, stack(0x00007f68c0974000,0x00007f68c0a75000)]
  0x00007f68d4148800 JavaThread "Reference Handler" daemon [_thread_blocked, id=5295, stack(0x00007f68c0a75000,0x00007f68c0b76000)]
=>0x00007f68d400c000 JavaThread "main" [_thread_in_native, id=5284, stack(0x00007f68da534000,0x00007f68da635000)]

Other Threads:
  0x00007f68d4140800 VMThread [stack: 0x00007f68c0b76000,0x00007f68c0c77000] [id=5293]
  0x00007f68d42b8800 WatcherThread [stack: 0x00007f68adbcb000,0x00007f68adccc000] [id=5311]

VM state:not at safepoint (normal execution)

VM Mutex/Monitor currently owned by a thread: None

Heap:
 PSYoungGen      total 56320K, used 14248K [0x0000000781e00000, 0x0000000785c80000, 0x00000007c0000000)
  eden space 48640K, 29% used [0x0000000781e00000,0x0000000782bea248,0x0000000784d80000)
  from space 7680K, 0% used [0x0000000785500000,0x0000000785500000,0x0000000785c80000)
  to   space 7680K, 0% used [0x0000000784d80000,0x0000000784d80000,0x0000000785500000)
 ParOldGen       total 128512K, used 0K [0x0000000705a00000, 0x000000070d780000, 0x0000000781e00000)
  object space 128512K, 0% used [0x0000000705a00000,0x0000000705a00000,0x000000070d780000)
 Metaspace       used 7184K, capacity 7380K, committed 7552K, reserved 1056768K
  class space    used 707K, capacity 806K, committed 896K, reserved 1048576K

Card table byte_map: [0x00007f68c33d0000,0x00007f68c39a4000] byte_map_base: 0x00007f68bfba3000

Marking Bits: (ParMarkBitMap*) 0x00007f68d9805220
 Begin Bits: [0x00007f68ae2d0000, 0x00007f68b1168000)
 End Bits:   [0x00007f68b1168000, 0x00007f68b4000000)

Polling page: 0x00007f68da657000

CodeCache: size=245760Kb used=2316Kb max_used=2325Kb free=243443Kb
 bounds [0x00007f68c3d64000, 0x00007f68c3fd4000, 0x00007f68d2d64000]
 total_blobs=1214 nmethods=471 adapters=658
 compilation: enabled

Compilation events (10 events):
Event: 0,536 Thread 0x00007f68d42b3800  463   !   3       java.lang.invoke.MemberName$Factory::resolve (145 bytes)
Event: 0,536 Thread 0x00007f68d42b3800 nmethod 463 0x00007f68c3fa5110 code [0x00007f68c3fa5300, 0x00007f68c3fa5b68]
Event: 0,544 Thread 0x00007f68d42b1000 nmethod 468% 0x00007f68c3fa9010 code [0x00007f68c3fa9180, 0x00007f68c3fa9598]
Event: 0,544 Thread 0x00007f68d42af800  469       4       sun.security.provider.SHA::implCompress (491 bytes)
Event: 0,549 Thread 0x00007f68d42b3800  470       3       sun.security.provider.DigestBase::implCompressMultiBlock (23 bytes)
Event: 0,549 Thread 0x00007f68d42b3800 nmethod 470 0x00007f68c3fa8ad0 code [0x00007f68c3fa8c40, 0x00007f68c3fa8f28]
Event: 0,549 Thread 0x00007f68d42b3800  471       3       java.nio.Buffer::flip (20 bytes)
Event: 0,550 Thread 0x00007f68d42b3800 nmethod 471 0x00007f68c3fa8790 code [0x00007f68c3fa88e0, 0x00007f68c3fa8a50]
Event: 0,550 Thread 0x00007f68d42b3800  473       1       java.io.File::getPrefixLength (5 bytes)
Event: 0,550 Thread 0x00007f68d42b3800 nmethod 473 0x00007f68c3fa84d0 code [0x00007f68c3fa8620, 0x00007f68c3fa8730]

GC Heap History (0 events):
No events

Deoptimization events (2 events):
Event: 0,411 Thread 0x00007f68d400c000 Uncommon trap: reason=unstable_if action=reinterpret pc=0x00007f68c3f08a88 method=java.lang.String.indexOf([CII[CIII)I @ 3
Event: 0,450 Thread 0x00007f68d400c000 Uncommon trap: reason=null_check action=make_not_entrant pc=0x00007f68c3ef3fb0 method=java.lang.String.equals(Ljava/lang/Object;)Z @ 8

Internal exceptions (10 events):
Event: 0,289 Thread 0x00007f68d400c000 Exception <a 'java/lang/NoSuchFieldError': method resolution failed> (0x0000000782607b18) thrown at [/build/openjdk-8-YiEakL/openjdk-8-8u121-b13/src/hotspot/src/share/vm/prims/methodHandles.cpp, line 1146]
Event: 0,295 Thread 0x00007f68d400c000 Exception <a 'java/lang/NoSuchFieldError': method resolution failed> (0x0000000782615738) thrown at [/build/openjdk-8-YiEakL/openjdk-8-8u121-b13/src/hotspot/src/share/vm/prims/methodHandles.cpp, line 1146]
Event: 0,333 Thread 0x00007f68d400c000 Exception <a 'java/security/PrivilegedActionException'> (0x00000007826c7b20) thrown at [/build/openjdk-8-YiEakL/openjdk-8-8u121-b13/src/hotspot/src/share/vm/prims/jvm.cpp, line 1390]
Event: 0,333 Thread 0x00007f68d400c000 Exception <a 'java/security/PrivilegedActionException'> (0x00000007826c7d30) thrown at [/build/openjdk-8-YiEakL/openjdk-8-8u121-b13/src/hotspot/src/share/vm/prims/jvm.cpp, line 1390]
Event: 0,333 Thread 0x00007f68d400c000 Exception <a 'java/security/PrivilegedActionException'> (0x00000007826c9db8) thrown at [/build/openjdk-8-YiEakL/openjdk-8-8u121-b13/src/hotspot/src/share/vm/prims/jvm.cpp, line 1390]
Event: 0,334 Thread 0x00007f68d400c000 Exception <a 'java/security/PrivilegedActionException'> (0x00000007826c9fc8) thrown at [/build/openjdk-8-YiEakL/openjdk-8-8u121-b13/src/hotspot/src/share/vm/prims/jvm.cpp, line 1390]
Event: 0,334 Thread 0x00007f68d400c000 Exception <a 'java/security/PrivilegedActionException'> (0x00000007826caaa0) thrown at [/build/openjdk-8-YiEakL/openjdk-8-8u121-b13/src/hotspot/src/share/vm/prims/jvm.cpp, line 1390]
Event: 0,334 Thread 0x00007f68d400c000 Exception <a 'java/security/PrivilegedActionException'> (0x00000007826cacb0) thrown at [/build/openjdk-8-YiEakL/openjdk-8-8u121-b13/src/hotspot/src/share/vm/prims/jvm.cpp, line 1390]
Event: 0,450 Thread 0x00007f68d400c000 Implicit null exception at 0x00007f68c3ef3da2 to 0x00007f68c3ef3fa1
Event: 0,550 Thread 0x00007f68d400c000 Exception <a 'sun/nio/fs/UnixException'> (0x0000000782b0ced0) thrown at [/build/openjdk-8-YiEakL/openjdk-8-8u121-b13/src/hotspot/src/share/vm/prims/jni.cpp, line 709]

Events (10 events):
Event: 0,550 loading class java/nio/file/NoSuchFileException
Event: 0,550 loading class java/nio/file/FileSystemException
Event: 0,550 loading class java/nio/file/FileSystemException done
Event: 0,550 loading class java/nio/file/NoSuchFileException done
Event: 0,550 loading class org/lwjgl/opengl/GL$2
Event: 0,550 loading class org/lwjgl/opengl/GL$2 done
Event: 0,551 loading class org/lwjgl/opengl/GL$SharedLibraryGL
Event: 0,551 loading class org/lwjgl/opengl/GL$SharedLibraryGL done
Event: 0,551 loading class org/lwjgl/system/SharedLibrary$Delegate
Event: 0,551 loading class org/lwjgl/system/SharedLibrary$Delegate done


Dynamic libraries:
00400000-00401000 r-xp 00000000 08:12 11409986                           /usr/lib/jvm/java-8-openjdk-amd64/jre/bin/java
00600000-00601000 r--p 00000000 08:12 11409986                           /usr/lib/jvm/java-8-openjdk-amd64/jre/bin/java
00601000-00602000 rw-p 00001000 08:12 11409986                           /usr/lib/jvm/java-8-openjdk-amd64/jre/bin/java
00efc000-00f1d000 rw-p 00000000 00:00 0                                  [heap]
705a00000-70d780000 rw-p 00000000 00:00 0 
70d780000-781e00000 ---p 00000000 00:00 0 
781e00000-785c80000 rw-p 00000000 00:00 0 
785c80000-7c0000000 ---p 00000000 00:00 0 
7c0000000-7c00e0000 rw-p 00000000 00:00 0 
7c00e0000-800000000 ---p 00000000 00:00 0 
7f687b594000-7f687b5fd000 r-xp 00000000 08:12 7210355                    /tmp/lwjglpiotr/3.1.2-build-22/liblwjgl_opengl.so
7f687b5fd000-7f687b7fc000 ---p 00069000 08:12 7210355                    /tmp/lwjglpiotr/3.1.2-build-22/liblwjgl_opengl.so
7f687b7fc000-7f687b7fd000 r--p 00068000 08:12 7210355                    /tmp/lwjglpiotr/3.1.2-build-22/liblwjgl_opengl.so
7f687b7fd000-7f687b7fe000 rw-p 00069000 08:12 7210355                    /tmp/lwjglpiotr/3.1.2-build-22/liblwjgl_opengl.so
7f687b7fe000-7f687cacb000 rw-p 00000000 00:00 0 
7f687cacb000-7f687cb02000 r-xp 00000000 08:12 11281302                   /usr/lib/x86_64-linux-gnu/libtxc_dxtn_s2tc.so.0.0.0
7f687cb02000-7f687cd01000 ---p 00037000 08:12 11281302                   /usr/lib/x86_64-linux-gnu/libtxc_dxtn_s2tc.so.0.0.0
7f687cd01000-7f687cd02000 r--p 00036000 08:12 11281302                   /usr/lib/x86_64-linux-gnu/libtxc_dxtn_s2tc.so.0.0.0
7f687cd02000-7f687cd03000 rw-p 00037000 08:12 11281302                   /usr/lib/x86_64-linux-gnu/libtxc_dxtn_s2tc.so.0.0.0
7f687cd03000-7f687cd0b000 r-xp 00000000 08:12 11281064                   /usr/lib/x86_64-linux-gnu/libpciaccess.so.0.11.1
7f687cd0b000-7f687cf0b000 ---p 00008000 08:12 11281064                   /usr/lib/x86_64-linux-gnu/libpciaccess.so.0.11.1
7f687cf0b000-7f687cf0c000 r--p 00008000 08:12 11281064                   /usr/lib/x86_64-linux-gnu/libpciaccess.so.0.11.1
7f687cf0c000-7f687cf0d000 rw-p 00009000 08:12 11281064                   /usr/lib/x86_64-linux-gnu/libpciaccess.so.0.11.1
7f687cf0d000-7f687cf1f000 r-xp 00000000 08:12 4460975                    /lib/x86_64-linux-gnu/libgpg-error.so.0.17.0
7f687cf1f000-7f687d11f000 ---p 00012000 08:12 4460975                    /lib/x86_64-linux-gnu/libgpg-error.so.0.17.0
7f687d11f000-7f687d120000 r--p 00012000 08:12 4460975                    /lib/x86_64-linux-gnu/libgpg-error.so.0.17.0
7f687d120000-7f687d121000 rw-p 00013000 08:12 4460975                    /lib/x86_64-linux-gnu/libgpg-error.so.0.17.0
7f687d121000-7f687d12c000 r-xp 00000000 08:12 11274397                   /usr/lib/x86_64-linux-gnu/libdrm_radeon.so.1.0.1
7f687d12c000-7f687d32b000 ---p 0000b000 08:12 11274397                   /usr/lib/x86_64-linux-gnu/libdrm_radeon.so.1.0.1
7f687d32b000-7f687d32c000 r--p 0000a000 08:12 11274397                   /usr/lib/x86_64-linux-gnu/libdrm_radeon.so.1.0.1
7f687d32c000-7f687d32d000 rw-p 0000b000 08:12 11274397                   /usr/lib/x86_64-linux-gnu/libdrm_radeon.so.1.0.1
7f687d32d000-7f687d334000 r-xp 00000000 08:12 11274395                   /usr/lib/x86_64-linux-gnu/libdrm_nouveau.so.2.0.0
7f687d334000-7f687d533000 ---p 00007000 08:12 11274395                   /usr/lib/x86_64-linux-gnu/libdrm_nouveau.so.2.0.0
7f687d533000-7f687d534000 r--p 00006000 08:12 11274395                   /usr/lib/x86_64-linux-gnu/libdrm_nouveau.so.2.0.0
7f687d534000-7f687d535000 rw-p 00007000 08:12 11274395                   /usr/lib/x86_64-linux-gnu/libdrm_nouveau.so.2.0.0
7f687d535000-7f687d555000 r-xp 00000000 08:12 11274392                   /usr/lib/x86_64-linux-gnu/libdrm_intel.so.1.0.0
7f687d555000-7f687d754000 ---p 00020000 08:12 11274392                   /usr/lib/x86_64-linux-gnu/libdrm_intel.so.1.0.0
7f687d754000-7f687d755000 r--p 0001f000 08:12 11274392                   /usr/lib/x86_64-linux-gnu/libdrm_intel.so.1.0.0
7f687d755000-7f687d756000 rw-p 00020000 08:12 11274392                   /usr/lib/x86_64-linux-gnu/libdrm_intel.so.1.0.0
7f687d756000-7f687d82e000 r-xp 00000000 08:12 4462194                    /lib/x86_64-linux-gnu/libgcrypt.so.20.0.5
7f687d82e000-7f687da2d000 ---p 000d8000 08:12 4462194                    /lib/x86_64-linux-gnu/libgcrypt.so.20.0.5
7f687da2d000-7f687da2e000 r--p 000d7000 08:12 4462194                    /lib/x86_64-linux-gnu/libgcrypt.so.20.0.5
7f687da2e000-7f687da36000 rw-p 000d8000 08:12 4462194                    /lib/x86_64-linux-gnu/libgcrypt.so.20.0.5
7f687da36000-7f687da37000 rw-p 00000000 00:00 0 
7f687da37000-7f687e097000 r-xp 00000000 08:12 11536102                   /usr/lib/x86_64-linux-gnu/dri/i965_dri.so
7f687e097000-7f687e297000 ---p 00660000 08:12 11536102                   /usr/lib/x86_64-linux-gnu/dri/i965_dri.so
7f687e297000-7f687e2d6000 r--p 00660000 08:12 11536102                   /usr/lib/x86_64-linux-gnu/dri/i965_dri.so
7f687e2d6000-7f687e2de000 rw-p 0069f000 08:12 11536102                   /usr/lib/x86_64-linux-gnu/dri/i965_dri.so
7f687e2de000-7f687e2e6000 rw-p 00000000 00:00 0 
7f687e2e6000-7f687e2f4000 r-xp 00000000 08:12 11277888                   /usr/lib/x86_64-linux-gnu/libdrm.so.2.4.0
7f687e2f4000-7f687e4f3000 ---p 0000e000 08:12 11277888                   /usr/lib/x86_64-linux-gnu/libdrm.so.2.4.0
7f687e4f3000-7f687e4f4000 r--p 0000d000 08:12 11277888                   /usr/lib/x86_64-linux-gnu/libdrm.so.2.4.0
7f687e4f4000-7f687e4f5000 rw-p 0000e000 08:12 11277888                   /usr/lib/x86_64-linux-gnu/libdrm.so.2.4.0
7f687e4f5000-7f687e4f9000 r-xp 00000000 08:12 11281463                   /usr/lib/x86_64-linux-gnu/libxcb-dri2.so.0.0.0
7f687e4f9000-7f687e6f8000 ---p 00004000 08:12 11281463                   /usr/lib/x86_64-linux-gnu/libxcb-dri2.so.0.0.0
7f687e6f8000-7f687e6f9000 r--p 00003000 08:12 11281463                   /usr/lib/x86_64-linux-gnu/libxcb-dri2.so.0.0.0
7f687e6f9000-7f687e6fa000 rw-p 00004000 08:12 11281463                   /usr/lib/x86_64-linux-gnu/libxcb-dri2.so.0.0.0
7f687e6fa000-7f687e711000 r-xp 00000000 08:12 11281467                   /usr/lib/x86_64-linux-gnu/libxcb-glx.so.0.0.0
7f687e711000-7f687e910000 ---p 00017000 08:12 11281467                   /usr/lib/x86_64-linux-gnu/libxcb-glx.so.0.0.0
7f687e910000-7f687e912000 r--p 00016000 08:12 11281467                   /usr/lib/x86_64-linux-gnu/libxcb-glx.so.0.0.0
7f687e912000-7f687e913000 rw-p 00018000 08:12 11281467                   /usr/lib/x86_64-linux-gnu/libxcb-glx.so.0.0.0
7f687e913000-7f687e915000 r-xp 00000000 08:12 11280126                   /usr/lib/x86_64-linux-gnu/libXdamage.so.1.1.0
7f687e915000-7f687eb14000 ---p 00002000 08:12 11280126                   /usr/lib/x86_64-linux-gnu/libXdamage.so.1.1.0
7f687eb14000-7f687eb15000 r--p 00001000 08:12 11280126                   /usr/lib/x86_64-linux-gnu/libXdamage.so.1.1.0
7f687eb15000-7f687eb16000 rw-p 00002000 08:12 11280126                   /usr/lib/x86_64-linux-gnu/libXdamage.so.1.1.0
7f687eb16000-7f687eb3f000 r-xp 00000000 08:12 11274386                   /usr/lib/x86_64-linux-gnu/libglapi.so.0.0.0
7f687eb3f000-7f687ed3f000 ---p 00029000 08:12 11274386                   /usr/lib/x86_64-linux-gnu/libglapi.so.0.0.0
7f687ed3f000-7f687ed43000 r--p 00029000 08:12 11274386                   /usr/lib/x86_64-linux-gnu/libglapi.so.0.0.0
7f687ed43000-7f687ed44000 rw-p 0002d000 08:12 11274386                   /usr/lib/x86_64-linux-gnu/libglapi.so.0.0.0
7f687ed44000-7f687ed45000 rw-p 00000000 00:00 0 
7f687ed45000-7f687ed46000 r-xp 00000000 08:12 11281507                   /usr/lib/x86_64-linux-gnu/libxshmfence.so.1.0.0
7f687ed46000-7f687ef46000 ---p 00001000 08:12 11281507                   /usr/lib/x86_64-linux-gnu/libxshmfence.so.1.0.0
7f687ef46000-7f687ef47000 r--p 00001000 08:12 11281507                   /usr/lib/x86_64-linux-gnu/libxshmfence.so.1.0.0
7f687ef47000-7f687ef48000 rw-p 00002000 08:12 11281507                   /usr/lib/x86_64-linux-gnu/libxshmfence.so.1.0.0
7f687ef48000-7f687ef4d000 r-xp 00000000 08:12 11281487                   /usr/lib/x86_64-linux-gnu/libxcb-sync.so.1.0.0
7f687ef4d000-7f687f14d000 ---p 00005000 08:12 11281487                   /usr/lib/x86_64-linux-gnu/libxcb-sync.so.1.0.0
7f687f14d000-7f687f14e000 r--p 00005000 08:12 11281487                   /usr/lib/x86_64-linux-gnu/libxcb-sync.so.1.0.0
7f687f14e000-7f687f14f000 rw-p 00006000 08:12 11281487                   /usr/lib/x86_64-linux-gnu/libxcb-sync.so.1.0.0
7f687f14f000-7f687f151000 r-xp 00000000 08:12 11281475                   /usr/lib/x86_64-linux-gnu/libxcb-present.so.0.0.0
7f687f151000-7f687f350000 ---p 00002000 08:12 11281475                   /usr/lib/x86_64-linux-gnu/libxcb-present.so.0.0.0
7f687f350000-7f687f351000 r--p 00001000 08:12 11281475                   /usr/lib/x86_64-linux-gnu/libxcb-present.so.0.0.0
7f687f351000-7f687f352000 rw-p 00002000 08:12 11281475                   /usr/lib/x86_64-linux-gnu/libxcb-present.so.0.0.0
7f687f352000-7f687f354000 r-xp 00000000 08:12 11281465                   /usr/lib/x86_64-linux-gnu/libxcb-dri3.so.0.0.0
7f687f354000-7f687f553000 ---p 00002000 08:12 11281465                   /usr/lib/x86_64-linux-gnu/libxcb-dri3.so.0.0.0
7f687f553000-7f687f554000 r--p 00001000 08:12 11281465                   /usr/lib/x86_64-linux-gnu/libxcb-dri3.so.0.0.0
7f687f554000-7f687f555000 rw-p 00002000 08:12 11281465                   /usr/lib/x86_64-linux-gnu/libxcb-dri3.so.0.0.0
7f687f555000-7f687f57b000 r-xp 00000000 08:12 4460962                    /lib/x86_64-linux-gnu/libexpat.so.1.6.0
7f687f57b000-7f687f77b000 ---p 00026000 08:12 4460962                    /lib/x86_64-linux-gnu/libexpat.so.1.6.0
7f687f77b000-7f687f77d000 r--p 00026000 08:12 4460962                    /lib/x86_64-linux-gnu/libexpat.so.1.6.0
7f687f77d000-7f687f77e000 rw-p 00028000 08:12 4460962                    /lib/x86_64-linux-gnu/libexpat.so.1.6.0
7f687f77e000-7f687f7ee000 r-xp 00000000 08:12 11535444                   /usr/lib/x86_64-linux-gnu/mesa/libGL.so.1.2.0
7f687f7ee000-7f687f9ed000 ---p 00070000 08:12 11535444                   /usr/lib/x86_64-linux-gnu/mesa/libGL.so.1.2.0
7f687f9ed000-7f687f9f0000 r--p 0006f000 08:12 11535444                   /usr/lib/x86_64-linux-gnu/mesa/libGL.so.1.2.0
7f687f9f0000-7f687f9f1000 rw-p 00072000 08:12 11535444                   /usr/lib/x86_64-linux-gnu/mesa/libGL.so.1.2.0
7f687f9f1000-7f687f9f2000 rw-p 00000000 00:00 0 
7f687f9f2000-7f687f9f3000 r-xp 00000000 08:12 11280111                   /usr/lib/x86_64-linux-gnu/libX11-xcb.so.1.0.0
7f687f9f3000-7f687fbf2000 ---p 00001000 08:12 11280111                   /usr/lib/x86_64-linux-gnu/libX11-xcb.so.1.0.0
7f687fbf2000-7f687fbf3000 r--p 00000000 08:12 11280111                   /usr/lib/x86_64-linux-gnu/libX11-xcb.so.1.0.0
7f687fbf3000-7f687fbf4000 rw-p 00001000 08:12 11280111                   /usr/lib/x86_64-linux-gnu/libX11-xcb.so.1.0.0
7f687fbf4000-7f687fbf9000 r-xp 00000000 08:12 11280166                   /usr/lib/x86_64-linux-gnu/libXxf86vm.so.1.0.0
7f687fbf9000-7f687fdf8000 ---p 00005000 08:12 11280166                   /usr/lib/x86_64-linux-gnu/libXxf86vm.so.1.0.0
7f687fdf8000-7f687fdf9000 r--p 00004000 08:12 11280166                   /usr/lib/x86_64-linux-gnu/libXxf86vm.so.1.0.0
7f687fdf9000-7f687fdfa000 rw-p 00005000 08:12 11280166                   /usr/lib/x86_64-linux-gnu/libXxf86vm.so.1.0.0
7f687fdfa000-7f687fdff000 r-xp 00000000 08:12 11280128                   /usr/lib/x86_64-linux-gnu/libXdmcp.so.6.0.0
7f687fdff000-7f687fffe000 ---p 00005000 08:12 11280128                   /usr/lib/x86_64-linux-gnu/libXdmcp.so.6.0.0
7f687fffe000-7f687ffff000 r--p 00004000 08:12 11280128                   /usr/lib/x86_64-linux-gnu/libXdmcp.so.6.0.0
7f687ffff000-7f6880000000 rw-p 00005000 08:12 11280128                   /usr/lib/x86_64-linux-gnu/libXdmcp.so.6.0.0
7f6880000000-7f6880021000 rw-p 00000000 00:00 0 
7f6880021000-7f6884000000 ---p 00000000 00:00 0 
7f6884000000-7f6884021000 rw-p 00000000 00:00 0 
7f6884021000-7f6888000000 ---p 00000000 00:00 0 
7f6888000000-7f68880f0000 rw-p 00000000 00:00 0 
7f68880f0000-7f688c000000 ---p 00000000 00:00 0 
7f688c000000-7f688c196000 rw-p 00000000 00:00 0 
7f688c196000-7f6890000000 ---p 00000000 00:00 0 
7f6890000000-7f6890023000 rw-p 00000000 00:00 0 
7f6890023000-7f6894000000 ---p 00000000 00:00 0 
7f6894000000-7f6894167000 rw-p 00000000 00:00 0 
7f6894167000-7f6898000000 ---p 00000000 00:00 0 
7f6898000000-7f6898021000 rw-p 00000000 00:00 0 
7f6898021000-7f689c000000 ---p 00000000 00:00 0 
7f689c000000-7f689c021000 rw-p 00000000 00:00 0 
7f689c021000-7f68a0000000 ---p 00000000 00:00 0 
7f68a0000000-7f68a0021000 rw-p 00000000 00:00 0 
7f68a0021000-7f68a4000000 ---p 00000000 00:00 0 
7f68a4000000-7f68a4021000 rw-p 00000000 00:00 0 
7f68a4021000-7f68a8000000 ---p 00000000 00:00 0 
7f68a8000000-7f68a8021000 rw-p 00000000 00:00 0 
7f68a8021000-7f68ac000000 ---p 00000000 00:00 0 
7f68ac18b000-7f68ac1a9000 r-xp 00000000 08:12 4457689                    /lib/x86_64-linux-gnu/libudev.so.1.6.4
7f68ac1a9000-7f68ac1aa000 r--p 0001d000 08:12 4457689                    /lib/x86_64-linux-gnu/libudev.so.1.6.4
7f68ac1aa000-7f68ac1ab000 rw-p 0001e000 08:12 4457689                    /lib/x86_64-linux-gnu/libudev.so.1.6.4
7f68ac1ab000-7f68ac1ad000 r-xp 00000000 08:12 11280117                   /usr/lib/x86_64-linux-gnu/libXau.so.6.0.0
7f68ac1ad000-7f68ac3ad000 ---p 00002000 08:12 11280117                   /usr/lib/x86_64-linux-gnu/libXau.so.6.0.0
7f68ac3ad000-7f68ac3ae000 r--p 00002000 08:12 11280117                   /usr/lib/x86_64-linux-gnu/libXau.so.6.0.0
7f68ac3ae000-7f68ac3af000 rw-p 00003000 08:12 11280117                   /usr/lib/x86_64-linux-gnu/libXau.so.6.0.0
7f68ac3af000-7f68ac3b4000 r-xp 00000000 08:12 11280132                   /usr/lib/x86_64-linux-gnu/libXfixes.so.3.1.0
7f68ac3b4000-7f68ac5b3000 ---p 00005000 08:12 11280132                   /usr/lib/x86_64-linux-gnu/libXfixes.so.3.1.0
7f68ac5b3000-7f68ac5b4000 r--p 00004000 08:12 11280132                   /usr/lib/x86_64-linux-gnu/libXfixes.so.3.1.0
7f68ac5b4000-7f68ac5b5000 rw-p 00005000 08:12 11280132                   /usr/lib/x86_64-linux-gnu/libXfixes.so.3.1.0
7f68ac5b5000-7f68ac5be000 r-xp 00000000 08:12 11280150                   /usr/lib/x86_64-linux-gnu/libXrender.so.1.3.0
7f68ac5be000-7f68ac7bd000 ---p 00009000 08:12 11280150                   /usr/lib/x86_64-linux-gnu/libXrender.so.1.3.0
7f68ac7bd000-7f68ac7be000 r--p 00008000 08:12 11280150                   /usr/lib/x86_64-linux-gnu/libXrender.so.1.3.0
7f68ac7be000-7f68ac7bf000 rw-p 00009000 08:12 11280150                   /usr/lib/x86_64-linux-gnu/libXrender.so.1.3.0
7f68ac7bf000-7f68ac7d0000 r-xp 00000000 08:12 11280130                   /usr/lib/x86_64-linux-gnu/libXext.so.6.4.0
7f68ac7d0000-7f68ac9cf000 ---p 00011000 08:12 11280130                   /usr/lib/x86_64-linux-gnu/libXext.so.6.4.0
7f68ac9cf000-7f68ac9d0000 r--p 00010000 08:12 11280130                   /usr/lib/x86_64-linux-gnu/libXext.so.6.4.0
7f68ac9d0000-7f68ac9d1000 rw-p 00011000 08:12 11280130                   /usr/lib/x86_64-linux-gnu/libXext.so.6.4.0
7f68ac9d1000-7f68ac9f2000 r-xp 00000000 08:12 11281495                   /usr/lib/x86_64-linux-gnu/libxcb.so.1.1.0
7f68ac9f2000-7f68acbf1000 ---p 00021000 08:12 11281495                   /usr/lib/x86_64-linux-gnu/libxcb.so.1.1.0
7f68acbf1000-7f68acbf2000 r--p 00020000 08:12 11281495                   /usr/lib/x86_64-linux-gnu/libxcb.so.1.1.0
7f68acbf2000-7f68acbf3000 rw-p 00021000 08:12 11281495                   /usr/lib/x86_64-linux-gnu/libxcb.so.1.1.0
7f68acbf3000-7f68acbfc000 r-xp 00000000 08:12 11280124                   /usr/lib/x86_64-linux-gnu/libXcursor.so.1.0.2
7f68acbfc000-7f68acdfb000 ---p 00009000 08:12 11280124                   /usr/lib/x86_64-linux-gnu/libXcursor.so.1.0.2
7f68acdfb000-7f68acdfc000 r--p 00008000 08:12 11280124                   /usr/lib/x86_64-linux-gnu/libXcursor.so.1.0.2
7f68acdfc000-7f68acdfd000 rw-p 00009000 08:12 11280124                   /usr/lib/x86_64-linux-gnu/libXcursor.so.1.0.2
7f68acdfd000-7f68acdff000 r-xp 00000000 08:12 11280140                   /usr/lib/x86_64-linux-gnu/libXinerama.so.1.0.0
7f68acdff000-7f68acffe000 ---p 00002000 08:12 11280140                   /usr/lib/x86_64-linux-gnu/libXinerama.so.1.0.0
7f68acffe000-7f68acfff000 r--p 00001000 08:12 11280140                   /usr/lib/x86_64-linux-gnu/libXinerama.so.1.0.0
7f68acfff000-7f68ad000000 rw-p 00002000 08:12 11280140                   /usr/lib/x86_64-linux-gnu/libXinerama.so.1.0.0
7f68ad000000-7f68ad00a000 r-xp 00000000 08:12 11280148                   /usr/lib/x86_64-linux-gnu/libXrandr.so.2.2.0
7f68ad00a000-7f68ad209000 ---p 0000a000 08:12 11280148                   /usr/lib/x86_64-linux-gnu/libXrandr.so.2.2.0
7f68ad209000-7f68ad20a000 r--p 00009000 08:12 11280148                   /usr/lib/x86_64-linux-gnu/libXrandr.so.2.2.0
7f68ad20a000-7f68ad20b000 rw-p 0000a000 08:12 11280148                   /usr/lib/x86_64-linux-gnu/libXrandr.so.2.2.0
7f68ad20b000-7f68ad340000 r-xp 00000000 08:12 11280113                   /usr/lib/x86_64-linux-gnu/libX11.so.6.3.0
7f68ad340000-7f68ad540000 ---p 00135000 08:12 11280113                   /usr/lib/x86_64-linux-gnu/libX11.so.6.3.0
7f68ad540000-7f68ad541000 r--p 00135000 08:12 11280113                   /usr/lib/x86_64-linux-gnu/libX11.so.6.3.0
7f68ad541000-7f68ad545000 rw-p 00136000 08:12 11280113                   /usr/lib/x86_64-linux-gnu/libX11.so.6.3.0
7f68ad545000-7f68ad565000 r-xp 00000000 08:12 7210354                    /tmp/lwjglpiotr/3.1.2-build-22/libglfw.so
7f68ad565000-7f68ad764000 ---p 00020000 08:12 7210354                    /tmp/lwjglpiotr/3.1.2-build-22/libglfw.so
7f68ad764000-7f68ad765000 r--p 0001f000 08:12 7210354                    /tmp/lwjglpiotr/3.1.2-build-22/libglfw.so
7f68ad765000-7f68ad766000 rw-p 00020000 08:12 7210354                    /tmp/lwjglpiotr/3.1.2-build-22/libglfw.so
7f68ad766000-7f68ad767000 rw-p 00000000 00:00 0 
7f68ad767000-7f68ad7b7000 r-xp 00000000 08:12 7210353                    /tmp/lwjglpiotr/3.1.2-build-22/liblwjgl.so
7f68ad7b7000-7f68ad9b6000 ---p 00050000 08:12 7210353                    /tmp/lwjglpiotr/3.1.2-build-22/liblwjgl.so
7f68ad9b6000-7f68ad9b7000 r--p 0004f000 08:12 7210353                    /tmp/lwjglpiotr/3.1.2-build-22/liblwjgl.so
7f68ad9b7000-7f68ad9b8000 rw-p 00050000 08:12 7210353                    /tmp/lwjglpiotr/3.1.2-build-22/liblwjgl.so
7f68ad9b8000-7f68ad9c9000 r-xp 00000000 08:12 11408426                   /usr/lib/jvm/java-8-openjdk-amd64/jre/lib/amd64/libnio.so
7f68ad9c9000-7f68adbc9000 ---p 00011000 08:12 11408426                   /usr/lib/jvm/java-8-openjdk-amd64/jre/lib/amd64/libnio.so
7f68adbc9000-7f68adbca000 r--p 00011000 08:12 11408426                   /usr/lib/jvm/java-8-openjdk-amd64/jre/lib/amd64/libnio.so
7f68adbca000-7f68adbcb000 rw-p 00012000 08:12 11408426                   /usr/lib/jvm/java-8-openjdk-amd64/jre/lib/amd64/libnio.so
7f68adbcb000-7f68adbcc000 ---p 00000000 00:00 0 
7f68adbcc000-7f68adccc000 rw-p 00000000 00:00 0 
7f68adccc000-7f68adccf000 ---p 00000000 00:00 0 
7f68adccf000-7f68addcd000 rw-p 00000000 00:00 0 
7f68addcd000-7f68addd0000 ---p 00000000 00:00 0 
7f68addd0000-7f68adece000 rw-p 00000000 00:00 0 
7f68adece000-7f68aded1000 ---p 00000000 00:00 0 
7f68aded1000-7f68b4000000 rw-p 00000000 00:00 0 
7f68b4000000-7f68b4021000 rw-p 00000000 00:00 0 
7f68b4021000-7f68b8000000 ---p 00000000 00:00 0 
7f68b8000000-7f68b8021000 rw-p 00000000 00:00 0 
7f68b8021000-7f68bc000000 ---p 00000000 00:00 0 
7f68bc000000-7f68bc021000 rw-p 00000000 00:00 0 
7f68bc021000-7f68c0000000 ---p 00000000 00:00 0 
7f68c0009000-7f68c000b000 rwxp 00000000 00:00 0 
7f68c000b000-7f68c0013000 rw-s 00000000 00:05 86158                      /drm mm object (deleted)
7f68c0013000-7f68c001b000 rw-s 00000000 00:05 83655                      /drm mm object (deleted)
7f68c001b000-7f68c001c000 rw-s 00000000 00:05 83652                      /drm mm object (deleted)
7f68c001c000-7f68c001d000 rw-s 101076000 00:06 329                       /dev/dri/card0
7f68c001d000-7f68c0025000 rw-s 00000000 00:05 83650                      /drm mm object (deleted)
7f68c0025000-7f68c002c000 r--s 00000000 08:12 11535308                   /usr/lib/x86_64-linux-gnu/gconv/gconv-modules.cache
7f68c002c000-7f68c002d000 rwxp 00000000 00:00 0 
7f68c002d000-7f68c0031000 r--s 0009a000 08:12 11408462                   /usr/lib/jvm/java-8-openjdk-amd64/jre/lib/jsse.jar
7f68c0031000-7f68c0048000 r-xp 00000000 08:12 11408418                   /usr/lib/jvm/java-8-openjdk-amd64/jre/lib/amd64/libnet.so
7f68c0048000-7f68c0247000 ---p 00017000 08:12 11408418                   /usr/lib/jvm/java-8-openjdk-amd64/jre/lib/amd64/libnet.so
7f68c0247000-7f68c0248000 r--p 00016000 08:12 11408418                   /usr/lib/jvm/java-8-openjdk-amd64/jre/lib/amd64/libnet.so
7f68c0248000-7f68c0249000 rw-p 00017000 08:12 11408418                   /usr/lib/jvm/java-8-openjdk-amd64/jre/lib/amd64/libnet.so
7f68c0249000-7f68c024c000 ---p 00000000 00:00 0 
7f68c024c000-7f68c034a000 rw-p 00000000 00:00 0 
7f68c034a000-7f68c034d000 ---p 00000000 00:00 0 
7f68c034d000-7f68c044b000 rw-p 00000000 00:00 0 
7f68c044b000-7f68c044d000 r--s 0001a000 08:12 4587554                    /home/piotr/Development/Tools/idea-IU/lib/idea_rt.jar
7f68c044d000-7f68c0462000 r--s 001df000 08:12 6555624                    /home/piotr/.m2/repository/org/eclipse/swt/org.eclipse.swt.gtk.linux.x86_64/4.6.1/org.eclipse.swt.gtk.linux.x86_64-4.6.1.jar
7f68c0462000-7f68c0464000 r--s 002ab000 08:12 6555607                    /home/piotr/.m2/repository/org/lwjgl/lwjgl-assimp/3.1.2-SNAPSHOT/lwjgl-assimp-3.1.2-20170308.055744-20-natives-linux.jar
7f68c0464000-7f68c0465000 r--s 00045000 08:12 6555603                    /home/piotr/.m2/repository/org/lwjgl/lwjgl-bgfx/3.1.2-SNAPSHOT/lwjgl-bgfx-3.1.2-20170308.055756-20-natives-linux.jar
7f68c0465000-7f68c0466000 r--s 0002d000 08:12 6555602                    /home/piotr/.m2/repository/org/lwjgl/lwjgl-stb/3.1.2-SNAPSHOT/lwjgl-stb-3.1.2-20170308.055740-20-natives-linux.jar
7f68c0466000-7f68c0467000 r--s 0000e000 08:12 6555600                    /home/piotr/.m2/repository/org/lwjgl/lwjgl-glfw/3.1.2-SNAPSHOT/lwjgl-glfw-3.1.2-20170308.055718-20-natives-linux.jar
7f68c0467000-7f68c046a000 r--s 0002a000 08:12 6555596                    /home/piotr/.m2/repository/org/lwjgl/lwjgl-assimp/3.1.2-SNAPSHOT/lwjgl-assimp-3.1.2-20170308.055744-20.jar
7f68c046a000-7f68c046d000 ---p 00000000 00:00 0 
7f68c046d000-7f68c056b000 rw-p 00000000 00:00 0 
7f68c056b000-7f68c0974000 r--p 00000000 08:12 11274067                   /usr/lib/locale/locale-archive
7f68c0974000-7f68c0977000 ---p 00000000 00:00 0 
7f68c0977000-7f68c0a75000 rw-p 00000000 00:00 0 
7f68c0a75000-7f68c0a78000 ---p 00000000 00:00 0 
7f68c0a78000-7f68c0b76000 rw-p 00000000 00:00 0 
7f68c0b76000-7f68c0b77000 ---p 00000000 00:00 0 
7f68c0b77000-7f68c1bd3000 rw-p 00000000 00:00 0 
7f68c1bd3000-7f68c1da1000 r--s 03c06000 08:12 11408467                   /usr/lib/jvm/java-8-openjdk-amd64/jre/lib/rt.jar
7f68c1da1000-7f68c2497000 rw-p 00000000 00:00 0 
7f68c2497000-7f68c2617000 ---p 00000000 00:00 0 
7f68c2617000-7f68c2bea000 rw-p 00000000 00:00 0 
7f68c2bea000-7f68c2beb000 ---p 00000000 00:00 0 
7f68c2beb000-7f68c2ceb000 rw-p 00000000 00:00 0 
7f68c2ceb000-7f68c2cec000 ---p 00000000 00:00 0 
7f68c2cec000-7f68c2dec000 rw-p 00000000 00:00 0 
7f68c2dec000-7f68c2ded000 ---p 00000000 00:00 0 
7f68c2ded000-7f68c2eed000 rw-p 00000000 00:00 0 
7f68c2eed000-7f68c2eee000 ---p 00000000 00:00 0 
7f68c2eee000-7f68c302d000 rw-p 00000000 00:00 0 
7f68c302d000-7f68c33d0000 ---p 00000000 00:00 0 
7f68c33d0000-7f68c340f000 rw-p 00000000 00:00 0 
7f68c340f000-7f68c37b2000 ---p 00000000 00:00 0 
7f68c37b2000-7f68c37d2000 rw-p 00000000 00:00 0 
7f68c37d2000-7f68c39a3000 ---p 00000000 00:00 0 
7f68c39a3000-7f68c39ae000 rw-p 00000000 00:00 0 
7f68c39ae000-7f68c3d64000 ---p 00000000 00:00 0 
7f68c3d64000-7f68c3fd4000 rwxp 00000000 00:00 0 
7f68c3fd4000-7f68d2d64000 ---p 00000000 00:00 0 
7f68d2d64000-7f68d2d6c000 r-xp 00000000 08:12 11408416                   /usr/lib/jvm/java-8-openjdk-amd64/jre/lib/amd64/libzip.so
7f68d2d6c000-7f68d2f6b000 ---p 00008000 08:12 11408416                   /usr/lib/jvm/java-8-openjdk-amd64/jre/lib/amd64/libzip.so
7f68d2f6b000-7f68d2f6c000 r--p 00007000 08:12 11408416                   /usr/lib/jvm/java-8-openjdk-amd64/jre/lib/amd64/libzip.so
7f68d2f6c000-7f68d2f6d000 rw-p 00008000 08:12 11408416                   /usr/lib/jvm/java-8-openjdk-amd64/jre/lib/amd64/libzip.so
7f68d2f6d000-7f68d2f78000 r-xp 00000000 08:12 4461439                    /lib/x86_64-linux-gnu/libnss_files-2.23.so
7f68d2f78000-7f68d3177000 ---p 0000b000 08:12 4461439                    /lib/x86_64-linux-gnu/libnss_files-2.23.so
7f68d3177000-7f68d3178000 r--p 0000a000 08:12 4461439                    /lib/x86_64-linux-gnu/libnss_files-2.23.so
7f68d3178000-7f68d3179000 rw-p 0000b000 08:12 4461439                    /lib/x86_64-linux-gnu/libnss_files-2.23.so
7f68d3179000-7f68d317f000 rw-p 00000000 00:00 0 
7f68d317f000-7f68d318a000 r-xp 00000000 08:12 4461432                    /lib/x86_64-linux-gnu/libnss_nis-2.23.so
7f68d318a000-7f68d3389000 ---p 0000b000 08:12 4461432                    /lib/x86_64-linux-gnu/libnss_nis-2.23.so
7f68d3389000-7f68d338a000 r--p 0000a000 08:12 4461432                    /lib/x86_64-linux-gnu/libnss_nis-2.23.so
7f68d338a000-7f68d338b000 rw-p 0000b000 08:12 4461432                    /lib/x86_64-linux-gnu/libnss_nis-2.23.so
7f68d338b000-7f68d33a1000 r-xp 00000000 08:12 4461434                    /lib/x86_64-linux-gnu/libnsl-2.23.so
7f68d33a1000-7f68d35a0000 ---p 00016000 08:12 4461434                    /lib/x86_64-linux-gnu/libnsl-2.23.so
7f68d35a0000-7f68d35a1000 r--p 00015000 08:12 4461434                    /lib/x86_64-linux-gnu/libnsl-2.23.so
7f68d35a1000-7f68d35a2000 rw-p 00016000 08:12 4461434                    /lib/x86_64-linux-gnu/libnsl-2.23.so
7f68d35a2000-7f68d35a4000 rw-p 00000000 00:00 0 
7f68d35a4000-7f68d35ac000 r-xp 00000000 08:12 4461441                    /lib/x86_64-linux-gnu/libnss_compat-2.23.so
7f68d35ac000-7f68d37ab000 ---p 00008000 08:12 4461441                    /lib/x86_64-linux-gnu/libnss_compat-2.23.so
7f68d37ab000-7f68d37ac000 r--p 00007000 08:12 4461441                    /lib/x86_64-linux-gnu/libnss_compat-2.23.so
7f68d37ac000-7f68d37ad000 rw-p 00008000 08:12 4461441                    /lib/x86_64-linux-gnu/libnss_compat-2.23.so
7f68d37ad000-7f68d37b7000 r-xp 00000000 08:12 11408411                   /usr/lib/jvm/java-8-openjdk-amd64/jre/lib/amd64/libinstrument.so
7f68d37b7000-7f68d39b6000 ---p 0000a000 08:12 11408411                   /usr/lib/jvm/java-8-openjdk-amd64/jre/lib/amd64/libinstrument.so
7f68d39b6000-7f68d39b7000 r--p 00009000 08:12 11408411                   /usr/lib/jvm/java-8-openjdk-amd64/jre/lib/amd64/libinstrument.so
7f68d39b7000-7f68d39b8000 rw-p 0000a000 08:12 11408411                   /usr/lib/jvm/java-8-openjdk-amd64/jre/lib/amd64/libinstrument.so
7f68d39b8000-7f68d39e5000 r-xp 00000000 08:12 11408441                   /usr/lib/jvm/java-8-openjdk-amd64/jre/lib/amd64/libjava.so
7f68d39e5000-7f68d3be4000 ---p 0002d000 08:12 11408441                   /usr/lib/jvm/java-8-openjdk-amd64/jre/lib/amd64/libjava.so
7f68d3be4000-7f68d3be5000 r--p 0002c000 08:12 11408441                   /usr/lib/jvm/java-8-openjdk-amd64/jre/lib/amd64/libjava.so
7f68d3be5000-7f68d3be7000 rw-p 0002d000 08:12 11408441                   /usr/lib/jvm/java-8-openjdk-amd64/jre/lib/amd64/libjava.so
7f68d3be7000-7f68d3bf6000 r-xp 00000000 08:12 11408409                   /usr/lib/jvm/java-8-openjdk-amd64/jre/lib/amd64/libverify.so
7f68d3bf6000-7f68d3df5000 ---p 0000f000 08:12 11408409                   /usr/lib/jvm/java-8-openjdk-amd64/jre/lib/amd64/libverify.so
7f68d3df5000-7f68d3df7000 r--p 0000e000 08:12 11408409                   /usr/lib/jvm/java-8-openjdk-amd64/jre/lib/amd64/libverify.so
7f68d3df7000-7f68d3df8000 rw-p 00010000 08:12 11408409                   /usr/lib/jvm/java-8-openjdk-amd64/jre/lib/amd64/libverify.so
7f68d3df8000-7f68d3dff000 r-xp 00000000 08:12 4461442                    /lib/x86_64-linux-gnu/librt-2.23.so
7f68d3dff000-7f68d3ffe000 ---p 00007000 08:12 4461442                    /lib/x86_64-linux-gnu/librt-2.23.so
7f68d3ffe000-7f68d3fff000 r--p 00006000 08:12 4461442                    /lib/x86_64-linux-gnu/librt-2.23.so
7f68d3fff000-7f68d4000000 rw-p 00007000 08:12 4461442                    /lib/x86_64-linux-gnu/librt-2.23.so
7f68d4000000-7f68d4855000 rw-p 00000000 00:00 0 
7f68d4855000-7f68d8000000 ---p 00000000 00:00 0 
7f68d8000000-7f68d8001000 r--s 00015000 08:12 6555598                    /home/piotr/.m2/repository/org/lwjgl/lwjgl-opengl/3.1.2-SNAPSHOT/lwjgl-opengl-3.1.2-20170308.055749-20-natives-linux.jar
7f68d8001000-7f68d8002000 r--s 00012000 08:12 6555597                    /home/piotr/.m2/repository/org/lwjgl/lwjgl/3.1.2-SNAPSHOT/lwjgl-3.1.2-20170308.055728-20-natives-linux.jar
7f68d8002000-7f68d8005000 r--s 0001f000 08:12 6555591                    /home/piotr/.m2/repository/org/lwjgl/lwjgl-bgfx/3.1.2-SNAPSHOT/lwjgl-bgfx-3.1.2-20170308.055756-20.jar
7f68d8005000-7f68d8007000 r--s 00013000 08:12 6555581                    /home/piotr/.m2/repository/org/lwjgl/lwjgl-stb/3.1.2-SNAPSHOT/lwjgl-stb-3.1.2-20170308.055740-20.jar
7f68d8007000-7f68d8011000 r--s 000ac000 08:12 6555587                    /home/piotr/.m2/repository/org/lwjgl/lwjgl-opengl/3.1.2-SNAPSHOT/lwjgl-opengl-3.1.2-20170308.055749-20.jar
7f68d8011000-7f68d8014000 r--s 00015000 08:12 6555585                    /home/piotr/.m2/repository/org/lwjgl/lwjgl-glfw/3.1.2-SNAPSHOT/lwjgl-glfw-3.1.2-20170308.055718-20.jar
7f68d8014000-7f68d8022000 r--s 000e9000 08:12 6555589                    /home/piotr/.m2/repository/org/lwjgl/lwjgl-vulkan/3.1.2-SNAPSHOT/lwjgl-vulkan-3.1.2-20170308.055722-20.jar
7f68d8022000-7f68d8027000 r--s 0003e000 08:12 6555583                    /home/piotr/.m2/repository/org/lwjgl/lwjgl/3.1.2-SNAPSHOT/lwjgl-3.1.2-20170308.055728-20.jar
7f68d8027000-7f68d802b000 r--s 0008a000 08:12 6555623                    /home/piotr/.m2/repository/org/joml/joml/1.9.2/joml-1.9.2.jar
7f68d802b000-7f68d803e000 r--s 00346000 08:12 11408442                   /usr/lib/jvm/java-8-openjdk-amd64/jre/lib/resources.jar
7f68d803e000-7f68d803f000 r--s 00000000 08:12 11408402                   /usr/lib/jvm/java-8-openjdk-amd64/jre/lib/management-agent.jar
7f68d803f000-7f68d8043000 r--s 0009a000 08:12 11408462                   /usr/lib/jvm/java-8-openjdk-amd64/jre/lib/jsse.jar
7f68d8043000-7f68d8046000 r--s 00015000 08:12 11408463                   /usr/lib/jvm/java-8-openjdk-amd64/jre/lib/jce.jar
7f68d8046000-7f68d805c000 r-xp 00000000 08:12 4460969                    /lib/x86_64-linux-gnu/libgcc_s.so.1
7f68d805c000-7f68d825b000 ---p 00016000 08:12 4460969                    /lib/x86_64-linux-gnu/libgcc_s.so.1
7f68d825b000-7f68d825c000 rw-p 00015000 08:12 4460969                    /lib/x86_64-linux-gnu/libgcc_s.so.1
7f68d825c000-7f68d8364000 r-xp 00000000 08:12 4461433                    /lib/x86_64-linux-gnu/libm-2.23.so
7f68d8364000-7f68d8563000 ---p 00108000 08:12 4461433                    /lib/x86_64-linux-gnu/libm-2.23.so
7f68d8563000-7f68d8564000 r--p 00107000 08:12 4461433                    /lib/x86_64-linux-gnu/libm-2.23.so
7f68d8564000-7f68d8565000 rw-p 00108000 08:12 4461433                    /lib/x86_64-linux-gnu/libm-2.23.so
7f68d8565000-7f68d86d7000 r-xp 00000000 08:12 11275425                   /usr/lib/x86_64-linux-gnu/libstdc++.so.6.0.21
7f68d86d7000-7f68d88d7000 ---p 00172000 08:12 11275425                   /usr/lib/x86_64-linux-gnu/libstdc++.so.6.0.21
7f68d88d7000-7f68d88e1000 r--p 00172000 08:12 11275425                   /usr/lib/x86_64-linux-gnu/libstdc++.so.6.0.21
7f68d88e1000-7f68d88e3000 rw-p 0017c000 08:12 11275425                   /usr/lib/x86_64-linux-gnu/libstdc++.so.6.0.21
7f68d88e3000-7f68d88e7000 rw-p 00000000 00:00 0 
7f68d88e7000-7f68d9537000 r-xp 00000000 08:12 11408436                   /usr/lib/jvm/java-8-openjdk-amd64/jre/lib/amd64/server/libjvm.so
7f68d9537000-7f68d9736000 ---p 00c50000 08:12 11408436                   /usr/lib/jvm/java-8-openjdk-amd64/jre/lib/amd64/server/libjvm.so
7f68d9736000-7f68d97c9000 r--p 00c4f000 08:12 11408436                   /usr/lib/jvm/java-8-openjdk-amd64/jre/lib/amd64/server/libjvm.so
7f68d97c9000-7f68d97f2000 rw-p 00ce2000 08:12 11408436                   /usr/lib/jvm/java-8-openjdk-amd64/jre/lib/amd64/server/libjvm.so
7f68d97f2000-7f68d9822000 rw-p 00000000 00:00 0 
7f68d9822000-7f68d983a000 r-xp 00000000 08:12 4461446                    /lib/x86_64-linux-gnu/libpthread-2.23.so
7f68d983a000-7f68d9a39000 ---p 00018000 08:12 4461446                    /lib/x86_64-linux-gnu/libpthread-2.23.so
7f68d9a39000-7f68d9a3a000 r--p 00017000 08:12 4461446                    /lib/x86_64-linux-gnu/libpthread-2.23.so
7f68d9a3a000-7f68d9a3b000 rw-p 00018000 08:12 4461446                    /lib/x86_64-linux-gnu/libpthread-2.23.so
7f68d9a3b000-7f68d9a3f000 rw-p 00000000 00:00 0 
7f68d9a3f000-7f68d9a42000 r-xp 00000000 08:12 4461431                    /lib/x86_64-linux-gnu/libdl-2.23.so
7f68d9a42000-7f68d9c41000 ---p 00003000 08:12 4461431                    /lib/x86_64-linux-gnu/libdl-2.23.so
7f68d9c41000-7f68d9c42000 r--p 00002000 08:12 4461431                    /lib/x86_64-linux-gnu/libdl-2.23.so
7f68d9c42000-7f68d9c43000 rw-p 00003000 08:12 4461431                    /lib/x86_64-linux-gnu/libdl-2.23.so
7f68d9c43000-7f68d9c5c000 r-xp 00000000 08:12 4461122                    /lib/x86_64-linux-gnu/libz.so.1.2.8
7f68d9c5c000-7f68d9e5b000 ---p 00019000 08:12 4461122                    /lib/x86_64-linux-gnu/libz.so.1.2.8
7f68d9e5b000-7f68d9e5c000 r--p 00018000 08:12 4461122                    /lib/x86_64-linux-gnu/libz.so.1.2.8
7f68d9e5c000-7f68d9e5d000 rw-p 00019000 08:12 4461122                    /lib/x86_64-linux-gnu/libz.so.1.2.8
7f68d9e5d000-7f68da01c000 r-xp 00000000 08:12 4461435                    /lib/x86_64-linux-gnu/libc-2.23.so
7f68da01c000-7f68da21c000 ---p 001bf000 08:12 4461435                    /lib/x86_64-linux-gnu/libc-2.23.so
7f68da21c000-7f68da220000 r--p 001bf000 08:12 4461435                    /lib/x86_64-linux-gnu/libc-2.23.so
7f68da220000-7f68da222000 rw-p 001c3000 08:12 4461435                    /lib/x86_64-linux-gnu/libc-2.23.so
7f68da222000-7f68da226000 rw-p 00000000 00:00 0 
7f68da226000-7f68da233000 r-xp 00000000 08:12 11408431                   /usr/lib/jvm/java-8-openjdk-amd64/jre/lib/amd64/jli/libjli.so
7f68da233000-7f68da433000 ---p 0000d000 08:12 11408431                   /usr/lib/jvm/java-8-openjdk-amd64/jre/lib/amd64/jli/libjli.so
7f68da433000-7f68da434000 r--p 0000d000 08:12 11408431                   /usr/lib/jvm/java-8-openjdk-amd64/jre/lib/amd64/jli/libjli.so
7f68da434000-7f68da435000 rw-p 0000e000 08:12 11408431                   /usr/lib/jvm/java-8-openjdk-amd64/jre/lib/amd64/jli/libjli.so
7f68da435000-7f68da45b000 r-xp 00000000 08:12 4461436                    /lib/x86_64-linux-gnu/ld-2.23.so
7f68da45b000-7f68da460000 r--s 002f9000 08:12 11408465                   /usr/lib/jvm/java-8-openjdk-amd64/jre/lib/charsets.jar
7f68da460000-7f68da461000 r--s 0000a000 08:12 11408460                   /usr/lib/jvm/java-8-openjdk-amd64/jre/lib/ext/jaccess.jar
7f68da461000-7f68da47c000 r--s 00394000 08:12 11408455                   /usr/lib/jvm/java-8-openjdk-amd64/jre/lib/ext/cldrdata.jar
7f68da47c000-7f68da47e000 r--s 00001000 08:12 11408453                   /usr/lib/jvm/java-8-openjdk-amd64/jre/lib/ext/dnsns.jar
7f68da47e000-7f68da483000 r--s 0003b000 08:12 11408459                   /usr/lib/jvm/java-8-openjdk-amd64/jre/lib/ext/sunjce_provider.jar
7f68da483000-7f68da49e000 r--s 001d6000 08:12 11408452                   /usr/lib/jvm/java-8-openjdk-amd64/jre/lib/ext/nashorn.jar
7f68da49e000-7f68da534000 rw-p 00000000 00:00 0 
7f68da534000-7f68da537000 ---p 00000000 00:00 0 
7f68da537000-7f68da63a000 rw-p 00000000 00:00 0 
7f68da63a000-7f68da63d000 r--s 0000f000 08:12 11408454                   /usr/lib/jvm/java-8-openjdk-amd64/jre/lib/ext/icedtea-sound.jar
7f68da63d000-7f68da63f000 r--s 00008000 08:12 11408451                   /usr/lib/jvm/java-8-openjdk-amd64/jre/lib/ext/sunec.jar
7f68da63f000-7f68da649000 r--s 00116000 08:12 11408458                   /usr/lib/jvm/java-8-openjdk-amd64/jre/lib/ext/localedata.jar
7f68da649000-7f68da64d000 r--s 00037000 08:12 11408457                   /usr/lib/jvm/java-8-openjdk-amd64/jre/lib/ext/sunpkcs11.jar
7f68da64d000-7f68da64e000 r--s 00010000 08:12 11408456                   /usr/lib/jvm/java-8-openjdk-amd64/jre/lib/ext/zipfs.jar
7f68da64e000-7f68da656000 rw-s 00000000 08:12 7210350                    /tmp/hsperfdata_piotr/5283
7f68da656000-7f68da657000 rw-p 00000000 00:00 0 
7f68da657000-7f68da658000 r--p 00000000 00:00 0 
7f68da658000-7f68da65a000 rw-p 00000000 00:00 0 
7f68da65a000-7f68da65b000 r--p 00025000 08:12 4461436                    /lib/x86_64-linux-gnu/ld-2.23.so
7f68da65b000-7f68da65c000 rw-p 00026000 08:12 4461436                    /lib/x86_64-linux-gnu/ld-2.23.so
7f68da65c000-7f68da65d000 rw-p 00000000 00:00 0 
7ffdc95a5000-7ffdc95c7000 rw-p 00000000 00:00 0                          [stack]
7ffdc95da000-7ffdc95dc000 r--p 00000000 00:00 0                          [vvar]
7ffdc95dc000-7ffdc95de000 r-xp 00000000 00:00 0                          [vdso]
ffffffffff600000-ffffffffff601000 r-xp 00000000 00:00 0                  [vsyscall]

VM Arguments:
jvm_args: -Dvisualvm.id=5816151074620 -javaagent:/home/piotr/Development/Tools/idea-IU/lib/idea_rt.jar=35919:/home/piotr/Development/Tools/idea-IU/bin -Dfile.encoding=UTF-8 
java_command: pl.lodz.p.pag.weglewski.LineSimulation
java_class_path (initial): /usr/lib/jvm/java-8-openjdk-amd64/jre/lib/charsets.jar:/usr/lib/jvm/java-8-openjdk-amd64/jre/lib/ext/cldrdata.jar:/usr/lib/jvm/java-8-openjdk-amd64/jre/lib/ext/dnsns.jar:/usr/lib/jvm/java-8-openjdk-amd64/jre/lib/ext/icedtea-sound.jar:/usr/lib/jvm/java-8-openjdk-amd64/jre/lib/ext/jaccess.jar:/usr/lib/jvm/java-8-openjdk-amd64/jre/lib/ext/localedata.jar:/usr/lib/jvm/java-8-openjdk-amd64/jre/lib/ext/nashorn.jar:/usr/lib/jvm/java-8-openjdk-amd64/jre/lib/ext/sunec.jar:/usr/lib/jvm/java-8-openjdk-amd64/jre/lib/ext/sunjce_provider.jar:/usr/lib/jvm/java-8-openjdk-amd64/jre/lib/ext/sunpkcs11.jar:/usr/lib/jvm/java-8-openjdk-amd64/jre/lib/ext/zipfs.jar:/usr/lib/jvm/java-8-openjdk-amd64/jre/lib/jce.jar:/usr/lib/jvm/java-8-openjdk-amd64/jre/lib/jsse.jar:/usr/lib/jvm/java-8-openjdk-amd64/jre/lib/management-agent.jar:/usr/lib/jvm/java-8-openjdk-amd64/jre/lib/resources.jar:/usr/lib/jvm/java-8-openjdk-amd64/jre/lib/rt.jar:/home/piotr/Development/Projects/Line simulation/target/classes:/home/piotr/.m2/repository/org/joml/joml/1.9.2/joml-1.9.2.jar:/home/piotr/.m2/repository/org/lwjgl/lwjgl/3.1.2-SNAPSHOT/lwjgl-3.1.2-20170308.055728-20.jar:/home/piotr/.m2/repository/org/lwjgl/lwjgl-vulkan/3.1.2-SNAPSHOT/lwjgl-vulkan-3.1.2-20170308.055722-20.jar:/home/piotr/.m2/repository/org/lwjgl/lwjgl-glfw/3.1.2-SNAPSHOT/lwjgl-glfw-3.1.2-20170308.055718-20.jar:/home/piotr/.m2/repository/org/lwjgl/lwjgl-opengl/3.1.2-SNAPSHOT/lwjgl-opengl-3.1.2-20170308.055749-20.jar:/home/piotr/.m2/repository/org/lwjgl/lwjgl-stb/3.1.2-SNAPSHOT/lwjgl-stb-3.1.2-20170308.055740-20.jar:/home/piotr/.m2/repository/org/lwjgl/lwjgl-bgfx/3.1.2-SNAPSHOT/lwjgl-bgfx-3.1.2-20170308.055756-20.jar:/home/piotr/.m2/repository/org/lwjgl/lwjgl-assimp/3.1.2-SNAPSHOT/lwjgl-assimp-3.1.2-20170308.055744-20.jar:/home/piotr/.m2/repository/org/lwjgl/lwjgl/3.1.2-SNAPSHOT/lwjgl-3.1.2-20170308.055728-20-natives-linux.jar:/home/piotr/.m2/repository/org/lwjgl/lwjgl-opengl/3.1.2-SNAPSHOT/lwjgl-opengl-3.1.2-20170308.055749
Launcher Type: SUN_STANDARD

Environment Variables:
JAVA_HOME=/usr/lib/jvm/java-8-oracle
PATH=/home/piotr/bin:/home/piotr/.local/bin:/usr/local/sbin:/usr/local/bin:/usr/sbin:/usr/bin:/sbin:/bin:/usr/games:/usr/local/games:/snap/bin:/usr/lib/jvm/java-8-oracle/bin:/usr/lib/jvm/java-8-oracle/db/bin:/usr/lib/jvm/java-8-oracle/jre/bin
LD_LIBRARY_PATH=/home/piotr/Development/Tools/idea-IU/bin:
SHELL=/bin/bash
DISPLAY=:0

Signal Handlers:
SIGSEGV: [libjvm.so+0xa66fd0], sa_mask[0]=11111111011111111101111111111110, sa_flags=SA_RESTART|SA_SIGINFO
SIGBUS: [libjvm.so+0xa66fd0], sa_mask[0]=11111111011111111101111111111110, sa_flags=SA_RESTART|SA_SIGINFO
SIGFPE: [libjvm.so+0x8b0180], sa_mask[0]=11111111011111111101111111111110, sa_flags=SA_RESTART|SA_SIGINFO
SIGPIPE: [libjvm.so+0x8b0180], sa_mask[0]=11111111011111111101111111111110, sa_flags=SA_RESTART|SA_SIGINFO
SIGXFSZ: [libjvm.so+0x8b0180], sa_mask[0]=11111111011111111101111111111110, sa_flags=SA_RESTART|SA_SIGINFO
SIGILL: [libjvm.so+0x8b0180], sa_mask[0]=11111111011111111101111111111110, sa_flags=SA_RESTART|SA_SIGINFO
SIGUSR1: SIG_DFL, sa_mask[0]=00000000000000000000000000000000, sa_flags=none
SIGUSR2: [libjvm.so+0x8b0030], sa_mask[0]=00100000000000000000000000000000, sa_flags=SA_RESTART|SA_SIGINFO
SIGHUP: [libjvm.so+0x8b0500], sa_mask[0]=11111111011111111101111111111110, sa_flags=SA_RESTART|SA_SIGINFO
SIGINT: [libjvm.so+0x8b0500], sa_mask[0]=11111111011111111101111111111110, sa_flags=SA_RESTART|SA_SIGINFO
SIGTERM: [libjvm.so+0x8b0500], sa_mask[0]=11111111011111111101111111111110, sa_flags=SA_RESTART|SA_SIGINFO
SIGQUIT: [libjvm.so+0x8b0500], sa_mask[0]=11111111011111111101111111111110, sa_flags=SA_RESTART|SA_SIGINFO


---------------  S Y S T E M  ---------------

OS:DISTRIB_ID=Ubuntu
DISTRIB_RELEASE=16.04
DISTRIB_CODENAME=xenial
DISTRIB_DESCRIPTION="Ubuntu 16.04.2 LTS"

uname:Linux 4.4.0-75-generic #96-Ubuntu SMP Thu Apr 20 09:56:33 UTC 2017 x86_64
libc:glibc 2.23 NPTL 2.23 
rlimit: STACK 8192k, CORE 0k, NPROC 47101, NOFILE 65536, AS infinity
load average:1,14 0,46 0,31

/proc/meminfo:
MemTotal:       12207348 kB
MemFree:         7431752 kB
MemAvailable:    8746524 kB
Buffers:          108400 kB
Cached:          1781960 kB
SwapCached:            0 kB
Active:          3341604 kB
Inactive:        1173288 kB
Active(anon):    2629528 kB
Inactive(anon):   378884 kB
Active(file):     712076 kB
Inactive(file):   794404 kB
Unevictable:         120 kB
Mlocked:             120 kB
SwapTotal:      12485628 kB
SwapFree:       12485628 kB
Dirty:               828 kB
Writeback:             0 kB
AnonPages:       2624788 kB
Mapped:           560940 kB
Shmem:            384008 kB
Slab:             128916 kB
SReclaimable:      87608 kB
SUnreclaim:        41308 kB
KernelStack:       10752 kB
PageTables:        48368 kB
NFS_Unstable:          0 kB
Bounce:                0 kB
WritebackTmp:          0 kB
CommitLimit:    18589300 kB
Committed_AS:    7828356 kB
VmallocTotal:   34359738367 kB
VmallocUsed:           0 kB
VmallocChunk:          0 kB
HardwareCorrupted:     0 kB
AnonHugePages:   1650688 kB
CmaTotal:              0 kB
CmaFree:               0 kB
HugePages_Total:       0
HugePages_Free:        0
HugePages_Rsvd:        0
HugePages_Surp:        0
Hugepagesize:       2048 kB
DirectMap4k:      134980 kB
DirectMap2M:     6060032 kB
DirectMap1G:     7340032 kB


CPU:total 4 (2 cores per cpu, 2 threads per core) family 6 model 69 stepping 1, cmov, cx8, fxsr, mmx, sse, sse2, sse3, ssse3, sse4.1, sse4.2, popcnt, avx, avx2, aes, clmul, erms, lzcnt, ht, tsc, tscinvbit, bmi1, bmi2

/proc/cpuinfo:
processor	: 0
vendor_id	: GenuineIntel
cpu family	: 6
model		: 69
model name	: Intel(R) Core(TM) i5-4300U CPU @ 1.90GHz
stepping	: 1
microcode	: 0x1d
cpu MHz		: 2499.902
cache size	: 3072 KB
physical id	: 0
siblings	: 4
core id		: 0
cpu cores	: 2
apicid		: 0
initial apicid	: 0
fpu		: yes
fpu_exception	: yes
cpuid level	: 13
wp		: yes
flags		: fpu vme de pse tsc msr pae mce cx8 apic sep mtrr pge mca cmov pat pse36 clflush dts acpi mmx fxsr sse sse2 ss ht tm pbe syscall nx pdpe1gb rdtscp lm constant_tsc arch_perfmon pebs bts rep_good nopl xtopology nonstop_tsc aperfmperf eagerfpu pni pclmulqdq dtes64 monitor ds_cpl vmx smx est tm2 ssse3 sdbg fma cx16 xtpr pdcm pcid sse4_1 sse4_2 x2apic movbe popcnt tsc_deadline_timer aes xsave avx f16c rdrand lahf_lm abm epb tpr_shadow vnmi flexpriority ept vpid fsgsbase tsc_adjust bmi1 avx2 smep bmi2 erms invpcid xsaveopt dtherm ida arat pln pts
bugs		:
bogomips	: 4988.35
clflush size	: 64
cache_alignment	: 64
address sizes	: 39 bits physical, 48 bits virtual
power management:

processor	: 1
vendor_id	: GenuineIntel
cpu family	: 6
model		: 69
model name	: Intel(R) Core(TM) i5-4300U CPU @ 1.90GHz
stepping	: 1
microcode	: 0x1d
cpu MHz		: 2500.000
cache size	: 3072 KB
physical id	: 0
siblings	: 4
core id		: 1
cpu cores	: 2
apicid		: 2
initial apicid	: 2
fpu		: yes
fpu_exception	: yes
cpuid level	: 13
wp		: yes
flags		: fpu vme de pse tsc msr pae mce cx8 apic sep mtrr pge mca cmov pat pse36 clflush dts acpi mmx fxsr sse sse2 ss ht tm pbe syscall nx pdpe1gb rdtscp lm constant_tsc arch_perfmon pebs bts rep_good nopl xtopology nonstop_tsc aperfmperf eagerfpu pni pclmulqdq dtes64 monitor ds_cpl vmx smx est tm2 ssse3 sdbg fma cx16 xtpr pdcm pcid sse4_1 sse4_2 x2apic movbe popcnt tsc_deadline_timer aes xsave avx f16c rdrand lahf_lm abm epb tpr_shadow vnmi flexpriority ept vpid fsgsbase tsc_adjust bmi1 avx2 smep bmi2 erms invpcid xsaveopt dtherm ida arat pln pts
bugs		:
bogomips	: 4988.35
clflush size	: 64
cache_alignment	: 64
address sizes	: 39 bits physical, 48 bits virtual
power management:

processor	: 2
vendor_id	: GenuineIntel
cpu family	: 6
model		: 69
model name	: Intel(R) Core(TM) i5-4300U CPU @ 1.90GHz
stepping	: 1
microcode	: 0x1d
cpu MHz		: 2499.902
cache size	: 3072 KB
physical id	: 0
siblings	: 4
core id		: 0
cpu cores	: 2
apicid		: 1
initial apicid	: 1
fpu		: yes
fpu_exception	: yes
cpuid level	: 13
wp		: yes
flags		: fpu vme de pse tsc msr pae mce cx8 apic sep mtrr pge mca cmov pat pse36 clflush dts acpi mmx fxsr sse sse2 ss ht tm pbe syscall nx pdpe1gb rdtscp lm constant_tsc arch_perfmon pebs bts rep_good nopl xtopology nonstop_tsc aperfmperf eagerfpu pni pclmulqdq dtes64 monitor ds_cpl vmx smx est tm2 ssse3 sdbg fma cx16 xtpr pdcm pcid sse4_1 sse4_2 x2apic movbe popcnt tsc_deadline_timer aes xsave avx f16c rdrand lahf_lm abm epb tpr_shadow vnmi flexpriority ept vpid fsgsbase tsc_adjust bmi1 avx2 smep bmi2 erms invpcid xsaveopt dtherm ida arat pln pts
bugs		:
bogomips	: 4988.35
clflush size	: 64
cache_alignment	: 64
address sizes	: 39 bits physical, 48 bits virtual
power management:

processor	: 3
vendor_id	: GenuineIntel
cpu family	: 6
model		: 69
model name	: Intel(R) Core(TM) i5-4300U CPU @ 1.90GHz
stepping	: 1
microcode	: 0x1d
cpu MHz		: 2500.000
cache size	: 3072 KB
physical id	: 0
siblings	: 4
core id		: 1
cpu cores	: 2
apicid		: 3
initial apicid	: 3
fpu		: yes
fpu_exception	: yes
cpuid level	: 13
wp		: yes
flags		: fpu vme de pse tsc msr pae mce cx8 apic sep mtrr pge mca cmov pat pse36 clflush dts acpi mmx fxsr sse sse2 ss ht tm pbe syscall nx pdpe1gb rdtscp lm constant_tsc arch_perfmon pebs bts rep_good nopl xtopology nonstop_tsc aperfmperf eagerfpu pni pclmulqdq dtes64 monitor ds_cpl vmx smx est tm2 ssse3 sdbg fma cx16 xtpr pdcm pcid sse4_1 sse4_2 x2apic movbe popcnt tsc_deadline_timer aes xsave avx f16c rdrand lahf_lm abm epb tpr_shadow vnmi flexpriority ept vpid fsgsbase tsc_adjust bmi1 avx2 smep bmi2 erms invpcid xsaveopt dtherm ida arat pln pts
bugs		:
bogomips	: 4988.35
clflush size	: 64
cache_alignment	: 64
address sizes	: 39 bits physical, 48 bits virtual
power management:



Memory: 4k page, physical 12207348k(7431752k free), swap 12485628k(12485628k free)

vm_info: OpenJDK 64-Bit Server VM (25.121-b13) for linux-amd64 JRE (1.8.0_121-8u121-b13-0ubuntu1.16.04.2-b13), built on Jan 23 2017 15:51:29 by "buildd" with gcc 5.4.0 20160609

time: Thu May  4 20:45:13 2017
elapsed time: 0 seconds (0d 0h 0m 0s)

